{
  "stats": {
    "suites": 9,
    "tests": 17,
    "passes": 15,
    "pending": 0,
    "failures": 2,
    "start": "2020-03-30T06:03:06.291Z",
    "end": "2020-03-30T06:03:07.234Z",
    "duration": 943,
    "testsRegistered": 17,
    "passPercent": 88.23529411764706,
    "pendingPercent": 0,
    "other": 0,
    "hasOther": false,
    "skipped": 0,
    "hasSkipped": false
  },
  "results": [
    {
      "uuid": "832f0a05-b0a6-4c0b-a946-c7f49db4f785",
      "title": "",
      "fullFile": "",
      "file": "",
      "beforeHooks": [],
      "afterHooks": [],
      "tests": [],
      "suites": [
        {
          "uuid": "83ef4489-4527-42e3-b9d5-afe88a25f073",
          "title": "activity test",
          "fullFile": "F:\\课程\\软件开发实践\\AchieveIt\\server\\test\\activityApi.test.js",
          "file": "\\test\\activityApi.test.js",
          "beforeHooks": [],
          "afterHooks": [],
          "tests": [
            {
              "title": "get activity success",
              "fullTitle": "activity test get activity success",
              "timedOut": false,
              "duration": 85,
              "state": "passed",
              "speed": "slow",
              "pass": true,
              "fail": false,
              "pending": false,
              "context": null,
              "code": "let testActivityID = 2;\nrequest\n  .get(testBaseURL + 'activity/' + testActivityID)\n  .set('Content-Type', 'application/json')\n  .end(function(err, res) {\n    expect(res.body.status).to.be.eql('ok');\n    expect(res.body.activity).to.not.be.empty;\n    done();\n  });",
              "err": {},
              "uuid": "2b2bbc36-7115-4baa-a266-9893e287e377",
              "parentUUID": "83ef4489-4527-42e3-b9d5-afe88a25f073",
              "isHook": false,
              "skipped": false
            },
            {
              "title": "get activity fail",
              "fullTitle": "activity test get activity fail",
              "timedOut": false,
              "duration": 42,
              "state": "passed",
              "speed": "medium",
              "pass": true,
              "fail": false,
              "pending": false,
              "context": null,
              "code": "let testActivityID = 9999;\nrequest\n  .get(testBaseURL + 'activity/' + testActivityID)\n  .set('Content-Type', 'application/json')\n  .end(function(err, res) {\n    expect(res.body.status).to.be.eql('error');\n    expect(res.body.activity).to.be.empty;\n    done();\n  });",
              "err": {},
              "uuid": "0ec694b5-985c-4e66-a395-56076400d832",
              "parentUUID": "83ef4489-4527-42e3-b9d5-afe88a25f073",
              "isHook": false,
              "skipped": false
            }
          ],
          "suites": [],
          "passes": [
            "2b2bbc36-7115-4baa-a266-9893e287e377",
            "0ec694b5-985c-4e66-a395-56076400d832"
          ],
          "failures": [],
          "pending": [],
          "skipped": [],
          "duration": 127,
          "root": false,
          "rootEmpty": false,
          "_timeout": 2000
        },
        {
          "uuid": "5ce11c53-d514-43d1-8d88-4afb1e3d7633",
          "title": "device test",
          "fullFile": "F:\\课程\\软件开发实践\\AchieveIt\\server\\test\\deviceApi.test.js",
          "file": "\\test\\deviceApi.test.js",
          "beforeHooks": [],
          "afterHooks": [],
          "tests": [
            {
              "title": "get device success",
              "fullTitle": "device test get device success",
              "timedOut": false,
              "duration": 40,
              "state": "passed",
              "speed": "medium",
              "pass": true,
              "fail": false,
              "pending": false,
              "context": null,
              "code": "let testDeviceID = 1;\nrequest\n  .get(testBaseURL + 'device/' + testDeviceID)\n  .set('Content-Type', 'application/json')\n  .end(function(err, res) {\n    expect(res.body.status).to.be.eql('ok');\n    expect(res.body.device).to.not.be.empty;\n    done();\n  });",
              "err": {},
              "uuid": "6b743e01-c52c-4fd9-9dc8-2c3dde7fdab6",
              "parentUUID": "5ce11c53-d514-43d1-8d88-4afb1e3d7633",
              "isHook": false,
              "skipped": false
            },
            {
              "title": "get device fail",
              "fullTitle": "device test get device fail",
              "timedOut": false,
              "duration": 39,
              "state": "passed",
              "speed": "medium",
              "pass": true,
              "fail": false,
              "pending": false,
              "context": null,
              "code": "let testDeviceID = 9999;\nrequest\n  .get(testBaseURL + 'device/' + testDeviceID)\n  .set('Content-Type', 'application/json')\n  .end(function(err, res) {\n    expect(res.body.status).to.be.eql('error');\n    expect(res.body.device).to.be.empty;\n    done();\n  });",
              "err": {},
              "uuid": "5f656a20-3220-4df4-8356-7ce2a16440a5",
              "parentUUID": "5ce11c53-d514-43d1-8d88-4afb1e3d7633",
              "isHook": false,
              "skipped": false
            }
          ],
          "suites": [],
          "passes": [
            "6b743e01-c52c-4fd9-9dc8-2c3dde7fdab6",
            "5f656a20-3220-4df4-8356-7ce2a16440a5"
          ],
          "failures": [],
          "pending": [],
          "skipped": [],
          "duration": 79,
          "root": false,
          "rootEmpty": false,
          "_timeout": 2000
        },
        {
          "uuid": "f3875698-1600-4f8a-bc6a-9591ac2dcf53",
          "title": "getMember test",
          "fullFile": "F:\\课程\\软件开发实践\\AchieveIt\\server\\test\\memberApi.test.js",
          "file": "\\test\\memberApi.test.js",
          "beforeHooks": [],
          "afterHooks": [],
          "tests": [
            {
              "title": "getMember success",
              "fullTitle": "getMember test getMember success",
              "timedOut": false,
              "duration": 48,
              "state": "passed",
              "speed": "medium",
              "pass": true,
              "fail": false,
              "pending": false,
              "context": null,
              "code": "request\n    .get(testBaseURL + 'member/1')\n    .send()\n    .set('Content-Type', 'application/json')\n    .end(function (err, res) {\n        expect(res.body.msg).to.be.eql('success')\n        done();\n    });",
              "err": {},
              "uuid": "b40e59ef-a122-40b9-a12b-c4fcf3302138",
              "parentUUID": "f3875698-1600-4f8a-bc6a-9591ac2dcf53",
              "isHook": false,
              "skipped": false
            },
            {
              "title": "getMember fail",
              "fullTitle": "getMember test getMember fail",
              "timedOut": false,
              "duration": 42,
              "state": "passed",
              "speed": "medium",
              "pass": true,
              "fail": false,
              "pending": false,
              "context": null,
              "code": "request\n    .get(testBaseURL + 'member/1000')\n    .send()\n    .set('Content-Type', 'application/json')\n    .end(function (err, res) {\n        expect(res.body.msg).to.be.eql('not found')\n        done();\n    })",
              "err": {},
              "uuid": "5f8f110b-7603-4ba6-92c3-f7fef11cd1d4",
              "parentUUID": "f3875698-1600-4f8a-bc6a-9591ac2dcf53",
              "isHook": false,
              "skipped": false
            }
          ],
          "suites": [],
          "passes": [
            "b40e59ef-a122-40b9-a12b-c4fcf3302138",
            "5f8f110b-7603-4ba6-92c3-f7fef11cd1d4"
          ],
          "failures": [],
          "pending": [],
          "skipped": [],
          "duration": 90,
          "root": false,
          "rootEmpty": false,
          "_timeout": 2000
        },
        {
          "uuid": "82b0b913-166a-4798-b38e-b372205f66e9",
          "title": "updateMember test",
          "fullFile": "F:\\课程\\软件开发实践\\AchieveIt\\server\\test\\memberApi.test.js",
          "file": "\\test\\memberApi.test.js",
          "beforeHooks": [],
          "afterHooks": [],
          "tests": [
            {
              "title": "updateMember success",
              "fullTitle": "updateMember test updateMember success",
              "timedOut": false,
              "duration": 81,
              "state": "passed",
              "speed": "slow",
              "pass": true,
              "fail": false,
              "pending": false,
              "context": null,
              "code": "request\n    .put(testBaseURL + 'member/15')\n    .send({\n        \"member_name\": \"kkkk\",\n        \"email\": \"1063594983@qq.com\",\n        \"department\": \"unknown\",\n        \"leader_email\": \"unknown\",\n        \"phone\": \"18321572818\",\n        \"job\": 5\n    })\n    .set('Content-Type', 'application/json')\n    .end(function (err, res) {\n        expect(res.body.msg).to.be.eql('update success')\n        done();\n    });",
              "err": {},
              "uuid": "65000d6a-5c53-4e1b-8a70-85c56d0d27eb",
              "parentUUID": "82b0b913-166a-4798-b38e-b372205f66e9",
              "isHook": false,
              "skipped": false
            },
            {
              "title": "updateMember fail",
              "fullTitle": "updateMember test updateMember fail",
              "timedOut": false,
              "duration": 43,
              "state": "passed",
              "speed": "medium",
              "pass": true,
              "fail": false,
              "pending": false,
              "context": null,
              "code": "request\n    .put(testBaseURL + 'member/1000')\n    .send({\n        \"member_name\": \"kkk\",\n        \"email\": \"1063594983@qq.com\",\n        \"department\": \"unknown\",\n        \"leader_email\": \"unknown\",\n        \"phone\": \"18321572818\",\n        \"job\": 5\n    })\n    .set('Content-Type', 'application/json')\n    .end(function (err, res) {\n        expect(res.body.msg).to.be.eql('not found')\n        done();\n    })",
              "err": {},
              "uuid": "872dc056-759e-4339-8532-8fbf2f6adab8",
              "parentUUID": "82b0b913-166a-4798-b38e-b372205f66e9",
              "isHook": false,
              "skipped": false
            }
          ],
          "suites": [],
          "passes": [
            "65000d6a-5c53-4e1b-8a70-85c56d0d27eb",
            "872dc056-759e-4339-8532-8fbf2f6adab8"
          ],
          "failures": [],
          "pending": [],
          "skipped": [],
          "duration": 124,
          "root": false,
          "rootEmpty": false,
          "_timeout": 2000
        },
        {
          "uuid": "6bb398eb-2f49-4abd-b9f2-ec54a0c7b5bd",
          "title": "insertMember test",
          "fullFile": "F:\\课程\\软件开发实践\\AchieveIt\\server\\test\\memberApi.test.js",
          "file": "\\test\\memberApi.test.js",
          "beforeHooks": [],
          "afterHooks": [],
          "tests": [
            {
              "title": "insertMember success",
              "fullTitle": "insertMember test insertMember success",
              "timedOut": false,
              "duration": 83,
              "state": "passed",
              "speed": "slow",
              "pass": true,
              "fail": false,
              "pending": false,
              "context": null,
              "code": "request\n    .post(testBaseURL + 'member')\n    .send({\n        \"member_name\": \"jotaro\",\n        \"email\": \"1063594983@qq.com\",\n        \"department\": \"unknown\",\n        \"leader_email\": \"unknown\",\n        \"phone\": \"18321572818\",\n        \"job\": 5\n    })\n    .set('Content-Type', 'application/json')\n    .end(function (err, res) {\n        expect(res.body.msg).to.be.eql('insert success')\n        done();\n    });",
              "err": {},
              "uuid": "d37d9deb-29bf-4393-86e8-df91d80f2297",
              "parentUUID": "6bb398eb-2f49-4abd-b9f2-ec54a0c7b5bd",
              "isHook": false,
              "skipped": false
            }
          ],
          "suites": [],
          "passes": [
            "d37d9deb-29bf-4393-86e8-df91d80f2297"
          ],
          "failures": [],
          "pending": [],
          "skipped": [],
          "duration": 83,
          "root": false,
          "rootEmpty": false,
          "_timeout": 2000
        },
        {
          "uuid": "dcafc946-89c5-4e65-a6a3-c39d3b4c1e8c",
          "title": "deleteMember test",
          "fullFile": "F:\\课程\\软件开发实践\\AchieveIt\\server\\test\\memberApi.test.js",
          "file": "\\test\\memberApi.test.js",
          "beforeHooks": [],
          "afterHooks": [],
          "tests": [
            {
              "title": "deleteMember success",
              "fullTitle": "deleteMember test deleteMember success",
              "timedOut": false,
              "duration": 43,
              "state": "failed",
              "speed": null,
              "pass": false,
              "fail": true,
              "pending": false,
              "context": null,
              "code": "request\n    .delete(testBaseURL + 'member/23')\n    .send()\n    .set('Content-Type', 'application/json')\n    .end(function (err, res) {\n        expect(res.body.msg).to.be.eql('delete success')\n        done();\n    });",
              "err": {
                "message": "AssertionError: expected 'not found' to deeply equal 'delete success'",
                "estack": "AssertionError: expected 'not found' to deeply equal 'delete success'\n    at F:\\课程\\软件开发实践\\AchieveIt\\server\\test\\memberApi.test.js:95:44\n    at Request.callback (F:\\课程\\软件开发实践\\AchieveIt\\node_modules\\superagent\\lib\\node\\index.js:882:12)\n    at F:\\课程\\软件开发实践\\AchieveIt\\node_modules\\superagent\\lib\\node\\index.js:1114:20\n    at IncomingMessage.<anonymous> (F:\\课程\\软件开发实践\\AchieveIt\\node_modules\\superagent\\lib\\node\\parsers\\json.js:22:7)\n    at endReadableNT (_stream_readable.js:1145:12)\n    at process._tickCallback (internal/process/next_tick.js:63:19)",
                "diff": "- not found\n+ delete success\n"
              },
              "uuid": "80213c59-6467-4383-8533-39e5768d16bd",
              "parentUUID": "dcafc946-89c5-4e65-a6a3-c39d3b4c1e8c",
              "isHook": false,
              "skipped": false
            },
            {
              "title": "deleteMember failed",
              "fullTitle": "deleteMember test deleteMember failed",
              "timedOut": false,
              "duration": 39,
              "state": "passed",
              "speed": "medium",
              "pass": true,
              "fail": false,
              "pending": false,
              "context": null,
              "code": "request\n    .delete(testBaseURL + 'member/1000')\n    .send()\n    .set('Content-Type', 'application/json')\n    .end(function (err, res) {\n        expect(res.body.msg).to.be.eql('not found')\n        done();\n    });",
              "err": {},
              "uuid": "cc4c59b0-c5ed-4b27-84c3-7cfbe7073fe8",
              "parentUUID": "dcafc946-89c5-4e65-a6a3-c39d3b4c1e8c",
              "isHook": false,
              "skipped": false
            }
          ],
          "suites": [],
          "passes": [
            "cc4c59b0-c5ed-4b27-84c3-7cfbe7073fe8"
          ],
          "failures": [
            "80213c59-6467-4383-8533-39e5768d16bd"
          ],
          "pending": [],
          "skipped": [],
          "duration": 82,
          "root": false,
          "rootEmpty": false,
          "_timeout": 2000
        },
        {
          "uuid": "1279ecb8-2b5f-4de7-9d01-14c6cbc88c19",
          "title": "project test",
          "fullFile": "F:\\课程\\软件开发实践\\AchieveIt\\server\\test\\projectApi.test.js",
          "file": "\\test\\projectApi.test.js",
          "beforeHooks": [],
          "afterHooks": [],
          "tests": [
            {
              "title": "get project success",
              "fullTitle": "project test get project success",
              "timedOut": false,
              "duration": 37,
              "state": "passed",
              "speed": "fast",
              "pass": true,
              "fail": false,
              "pending": false,
              "context": null,
              "code": "let testProjectID = 123;\nrequest\n  .get(testBaseURL + 'project/' + testProjectID)\n  .set('Content-Type', 'application/json')\n  .end(function(err, res) {\n    expect(res.body.status).to.be.eql('ok');\n    expect(res.body.project).to.not.be.empty;\n    done();\n  });",
              "err": {},
              "uuid": "f798bca7-876f-429b-9347-bbf89752dc98",
              "parentUUID": "1279ecb8-2b5f-4de7-9d01-14c6cbc88c19",
              "isHook": false,
              "skipped": false
            },
            {
              "title": "get project fail",
              "fullTitle": "project test get project fail",
              "timedOut": false,
              "duration": 40,
              "state": "passed",
              "speed": "medium",
              "pass": true,
              "fail": false,
              "pending": false,
              "context": null,
              "code": "let testProjectID = 9999;\nrequest\n  .get(testBaseURL + 'project/' + testProjectID)\n  .set('Content-Type', 'application/json')\n  .end(function(err, res) {\n    expect(res.body.status).to.be.eql('error');\n    expect(res.body.project).to.be.empty;\n    done();\n  });",
              "err": {},
              "uuid": "f0fe110b-bc4a-4fb3-980a-cbbb85f169a7",
              "parentUUID": "1279ecb8-2b5f-4de7-9d01-14c6cbc88c19",
              "isHook": false,
              "skipped": false
            }
          ],
          "suites": [],
          "passes": [
            "f798bca7-876f-429b-9347-bbf89752dc98",
            "f0fe110b-bc4a-4fb3-980a-cbbb85f169a7"
          ],
          "failures": [],
          "pending": [],
          "skipped": [],
          "duration": 77,
          "root": false,
          "rootEmpty": false,
          "_timeout": 2000
        },
        {
          "uuid": "703d889d-766c-4b58-835f-1ab3a363dbaa",
          "title": "risk test",
          "fullFile": "F:\\课程\\软件开发实践\\AchieveIt\\server\\test\\riskApi.test.js",
          "file": "\\test\\riskApi.test.js",
          "beforeHooks": [],
          "afterHooks": [],
          "tests": [
            {
              "title": "get risk success",
              "fullTitle": "risk test get risk success",
              "timedOut": false,
              "duration": 41,
              "state": "passed",
              "speed": "medium",
              "pass": true,
              "fail": false,
              "pending": false,
              "context": null,
              "code": "let testRiskID = 4;\nrequest\n  .get(testBaseURL + 'risk/' + testRiskID)\n  .set('Content-Type', 'application/json')\n  .end(function(err, res) {\n    expect(res.body.status).to.be.eql('ok');\n    expect(res.body.risk).to.not.be.empty;\n    done();\n  });",
              "err": {},
              "uuid": "55ed7a40-7dc6-4626-a18f-ced97d2caa12",
              "parentUUID": "703d889d-766c-4b58-835f-1ab3a363dbaa",
              "isHook": false,
              "skipped": false
            },
            {
              "title": "get risk success",
              "fullTitle": "risk test get risk success",
              "timedOut": false,
              "duration": 45,
              "state": "passed",
              "speed": "medium",
              "pass": true,
              "fail": false,
              "pending": false,
              "context": null,
              "code": "let testRiskID = 9999;\nrequest\n  .get(testBaseURL + 'risk/' + testRiskID)\n  .set('Content-Type', 'application/json')\n  .end(function(err, res) {\n    expect(res.body.status).to.be.eql('error');\n    expect(res.body.risk).to.be.empty;\n    done();\n  });",
              "err": {},
              "uuid": "142f852a-82f8-4445-8b11-bf63851cddc5",
              "parentUUID": "703d889d-766c-4b58-835f-1ab3a363dbaa",
              "isHook": false,
              "skipped": false
            }
          ],
          "suites": [],
          "passes": [
            "55ed7a40-7dc6-4626-a18f-ced97d2caa12",
            "142f852a-82f8-4445-8b11-bf63851cddc5"
          ],
          "failures": [],
          "pending": [],
          "skipped": [],
          "duration": 86,
          "root": false,
          "rootEmpty": false,
          "_timeout": 2000
        },
        {
          "uuid": "680d6409-741e-4847-ae7e-b2b130054ca5",
          "title": "login test",
          "fullFile": "F:\\课程\\软件开发实践\\AchieveIt\\server\\test\\userApi.test.js",
          "file": "\\test\\userApi.test.js",
          "beforeHooks": [],
          "afterHooks": [],
          "tests": [
            {
              "title": "login success",
              "fullTitle": "login test login success",
              "timedOut": false,
              "duration": 44,
              "state": "failed",
              "speed": null,
              "pass": false,
              "fail": true,
              "pending": false,
              "context": null,
              "code": "request\n  .post(testBaseURL + 'user/login')\n  .send('{\"username\":\"1\",\"password\":\"1\"}')\n  .set('Content-Type', 'application/json')\n  .end(function(err, res) {\n    // console.log(res.body.status);\n    expect(res.body.status).to.be.eql('ok');\n    done();\n  });",
              "err": {
                "message": "AssertionError: expected 'error' to deeply equal 'ok'",
                "estack": "AssertionError: expected 'error' to deeply equal 'ok'\n    at F:\\课程\\软件开发实践\\AchieveIt\\server\\test\\userApi.test.js:13:39\n    at Request.callback (F:\\课程\\软件开发实践\\AchieveIt\\node_modules\\superagent\\lib\\node\\index.js:882:12)\n    at F:\\课程\\软件开发实践\\AchieveIt\\node_modules\\superagent\\lib\\node\\index.js:1114:20\n    at IncomingMessage.<anonymous> (F:\\课程\\软件开发实践\\AchieveIt\\node_modules\\superagent\\lib\\node\\parsers\\json.js:22:7)\n    at endReadableNT (_stream_readable.js:1145:12)\n    at process._tickCallback (internal/process/next_tick.js:63:19)",
                "diff": "- error\n+ ok\n"
              },
              "uuid": "c49ebbe8-013e-478c-9ef9-1974cdf046c6",
              "parentUUID": "680d6409-741e-4847-ae7e-b2b130054ca5",
              "isHook": false,
              "skipped": false
            },
            {
              "title": "login fail",
              "fullTitle": "login test login fail",
              "timedOut": false,
              "duration": 43,
              "state": "passed",
              "speed": "medium",
              "pass": true,
              "fail": false,
              "pending": false,
              "context": null,
              "code": "request\n  .post(testBaseURL + 'user/login')\n  .send('{\"username\":\"1\",\"password\":\"2\"}')\n  .set('Content-Type', 'application/json')\n  .end(function(err, res) {\n    // console.log(res.body.status);\n    expect(res.body.status).to.be.eql('error');\n    done();\n  })",
              "err": {},
              "uuid": "53936691-714c-4bc6-859b-5922aac48001",
              "parentUUID": "680d6409-741e-4847-ae7e-b2b130054ca5",
              "isHook": false,
              "skipped": false
            }
          ],
          "suites": [],
          "passes": [
            "53936691-714c-4bc6-859b-5922aac48001"
          ],
          "failures": [
            "c49ebbe8-013e-478c-9ef9-1974cdf046c6"
          ],
          "pending": [],
          "skipped": [],
          "duration": 87,
          "root": false,
          "rootEmpty": false,
          "_timeout": 2000
        }
      ],
      "passes": [],
      "failures": [],
      "pending": [],
      "skipped": [],
      "duration": 0,
      "root": true,
      "rootEmpty": true,
      "_timeout": 2000
    }
  ],
  "meta": {
    "mocha": {
      "version": "7.1.1"
    },
    "mochawesome": {
      "options": {
        "quiet": false,
        "reportFilename": "mochawesome",
        "saveHtml": true,
        "saveJson": true,
        "consoleReporter": "spec",
        "useInlineDiffs": false,
        "code": true
      },
      "version": "5.0.0"
    },
    "marge": {
      "options": null,
      "version": "4.1.0"
    }
  }
}