{
  "stats": {
    "suites": 10,
    "tests": 19,
    "passes": 18,
    "pending": 0,
    "failures": 1,
    "start": "2020-04-04T07:59:38.748Z",
    "end": "2020-04-04T07:59:39.906Z",
    "duration": 1158,
    "testsRegistered": 19,
    "passPercent": 94.73684210526315,
    "pendingPercent": 0,
    "other": 0,
    "hasOther": false,
    "skipped": 0,
    "hasSkipped": false
  },
  "results": [
    {
      "uuid": "de07a2fb-f68f-43d9-a37c-c86ccf0d2633",
      "title": "",
      "fullFile": "",
      "file": "",
      "beforeHooks": [],
      "afterHooks": [],
      "tests": [],
      "suites": [
        {
          "uuid": "b6214004-dffa-4933-9557-c81e9e33cc07",
          "title": "activity test",
          "fullFile": "F:\\课程\\软件开发实践\\AchieveIt\\server\\test\\activityApi.test.ts",
          "file": "\\test\\activityApi.test.ts",
          "beforeHooks": [],
          "afterHooks": [],
          "tests": [
            {
              "title": "get activity success",
              "fullTitle": "activity test get activity success",
              "timedOut": false,
              "duration": 179,
              "state": "passed",
              "speed": "slow",
              "pass": true,
              "fail": false,
              "pending": false,
              "context": null,
              "code": "var testActivityID = 2;\nchai_1.default.request(index_1.default)\n    .get('/activity/' + testActivityID)\n    .set('Content-Type', 'application/json')\n    .end(function (err, res) {\n    res.should.have.status(200);\n    res.body.status.should.eql('ok');\n    should.exist(res.body.activity);\n    done();\n});",
              "err": {},
              "uuid": "9a5856d6-b4a7-49ce-b523-a828e90a5c9b",
              "parentUUID": "b6214004-dffa-4933-9557-c81e9e33cc07",
              "isHook": false,
              "skipped": false
            },
            {
              "title": "get activity fail",
              "fullTitle": "activity test get activity fail",
              "timedOut": false,
              "duration": 45,
              "state": "passed",
              "speed": "medium",
              "pass": true,
              "fail": false,
              "pending": false,
              "context": null,
              "code": "var testActivityID = 9999;\nchai_1.default.request(index_1.default)\n    .get('/activity/' + testActivityID)\n    .set('Content-Type', 'application/json')\n    .end(function (err, res) {\n    res.should.have.status(200);\n    res.body.status.should.eql('error');\n    res.body.msg.should.eql('not found');\n    should.not.exist(res.body.device);\n    done();\n});",
              "err": {},
              "uuid": "62978617-6a05-4ab1-912e-4f6dc88be109",
              "parentUUID": "b6214004-dffa-4933-9557-c81e9e33cc07",
              "isHook": false,
              "skipped": false
            }
          ],
          "suites": [],
          "passes": [
            "9a5856d6-b4a7-49ce-b523-a828e90a5c9b",
            "62978617-6a05-4ab1-912e-4f6dc88be109"
          ],
          "failures": [],
          "pending": [],
          "skipped": [],
          "duration": 224,
          "root": false,
          "rootEmpty": false,
          "_timeout": 2000
        },
        {
          "uuid": "f4ac4f6a-5746-47e2-b3e1-fb0def721d7d",
          "title": "device test",
          "fullFile": "F:\\课程\\软件开发实践\\AchieveIt\\server\\test\\deviceApi.test.ts",
          "file": "\\test\\deviceApi.test.ts",
          "beforeHooks": [],
          "afterHooks": [],
          "tests": [
            {
              "title": "get device success",
              "fullTitle": "device test get device success",
              "timedOut": false,
              "duration": 43,
              "state": "passed",
              "speed": "medium",
              "pass": true,
              "fail": false,
              "pending": false,
              "context": null,
              "code": "var testDeviceID = 1;\nchai_1.default.request(index_1.default)\n    .get('/device/' + testDeviceID)\n    .set('Content-Type', 'application/json')\n    .end(function (err, res) {\n    res.should.have.status(200);\n    res.body.status.should.eql('ok');\n    should.exist(res.body.device);\n    done();\n});",
              "err": {},
              "uuid": "9638dd38-5d17-4364-8136-2c9a13f51960",
              "parentUUID": "f4ac4f6a-5746-47e2-b3e1-fb0def721d7d",
              "isHook": false,
              "skipped": false
            },
            {
              "title": "get device fail",
              "fullTitle": "device test get device fail",
              "timedOut": false,
              "duration": 44,
              "state": "passed",
              "speed": "medium",
              "pass": true,
              "fail": false,
              "pending": false,
              "context": null,
              "code": "var testDeviceID = 9999;\nchai_1.default.request(index_1.default)\n    .get('/device/' + testDeviceID)\n    .set('Content-Type', 'application/json')\n    .end(function (err, res) {\n    res.should.have.status(200);\n    res.body.status.should.eql('error');\n    res.body.msg.should.eql('not found');\n    should.not.exist(res.body.device);\n    done();\n});",
              "err": {},
              "uuid": "4768d10d-afe4-4bfe-a2c7-714600ffc86b",
              "parentUUID": "f4ac4f6a-5746-47e2-b3e1-fb0def721d7d",
              "isHook": false,
              "skipped": false
            }
          ],
          "suites": [],
          "passes": [
            "9638dd38-5d17-4364-8136-2c9a13f51960",
            "4768d10d-afe4-4bfe-a2c7-714600ffc86b"
          ],
          "failures": [],
          "pending": [],
          "skipped": [],
          "duration": 87,
          "root": false,
          "rootEmpty": false,
          "_timeout": 2000
        },
        {
          "uuid": "b0bab20a-8133-4f3c-81c5-d9a3850352ec",
          "title": "getMember test",
          "fullFile": "F:\\课程\\软件开发实践\\AchieveIt\\server\\test\\memberApi.test.ts",
          "file": "\\test\\memberApi.test.ts",
          "beforeHooks": [],
          "afterHooks": [],
          "tests": [
            {
              "title": "getMember success",
              "fullTitle": "getMember test getMember success",
              "timedOut": false,
              "duration": 47,
              "state": "passed",
              "speed": "medium",
              "pass": true,
              "fail": false,
              "pending": false,
              "context": null,
              "code": "chai_1.default.request(index_1.default)\n    .get('/member/1')\n    .send()\n    .set('Content-Type', 'application/json')\n    .end(function (err, res) {\n    res.body.msg.should.eql('success');\n    done();\n});",
              "err": {},
              "uuid": "394d36c2-8ffe-4d6e-86c5-60772f0d7e0d",
              "parentUUID": "b0bab20a-8133-4f3c-81c5-d9a3850352ec",
              "isHook": false,
              "skipped": false
            },
            {
              "title": "getMember fail",
              "fullTitle": "getMember test getMember fail",
              "timedOut": false,
              "duration": 45,
              "state": "passed",
              "speed": "medium",
              "pass": true,
              "fail": false,
              "pending": false,
              "context": null,
              "code": "chai_1.default.request(index_1.default)\n    .get('/member/1000')\n    .send()\n    .set('Content-Type', 'application/json')\n    .end(function (err, res) {\n    res.body.msg.should.eql('not found');\n    done();\n});",
              "err": {},
              "uuid": "d7bb20c1-211a-4a76-97cb-0c9765e3cb24",
              "parentUUID": "b0bab20a-8133-4f3c-81c5-d9a3850352ec",
              "isHook": false,
              "skipped": false
            }
          ],
          "suites": [],
          "passes": [
            "394d36c2-8ffe-4d6e-86c5-60772f0d7e0d",
            "d7bb20c1-211a-4a76-97cb-0c9765e3cb24"
          ],
          "failures": [],
          "pending": [],
          "skipped": [],
          "duration": 92,
          "root": false,
          "rootEmpty": false,
          "_timeout": 2000
        },
        {
          "uuid": "99396d8b-7a3e-48fa-b810-ab66b1b7c764",
          "title": "updateMember test",
          "fullFile": "F:\\课程\\软件开发实践\\AchieveIt\\server\\test\\memberApi.test.ts",
          "file": "\\test\\memberApi.test.ts",
          "beforeHooks": [],
          "afterHooks": [],
          "tests": [
            {
              "title": "updateMember success",
              "fullTitle": "updateMember test updateMember success",
              "timedOut": false,
              "duration": 126,
              "state": "passed",
              "speed": "slow",
              "pass": true,
              "fail": false,
              "pending": false,
              "context": null,
              "code": "chai_1.default.request(index_1.default)\n    .put('/member/15')\n    .send({\n    \"member_name\": \"kkkk\",\n    \"email\": \"1063594983@qq.com\",\n    \"department\": \"unknown\",\n    \"leader_email\": \"unknown\",\n    \"phone\": \"18321572818\",\n    \"job\": 5\n})\n    .set('Content-Type', 'application/json')\n    .end(function (err, res) {\n    res.body.msg.should.eql('update success');\n    done();\n});",
              "err": {},
              "uuid": "0556cd00-8aac-4b09-8dde-52b165cc0893",
              "parentUUID": "99396d8b-7a3e-48fa-b810-ab66b1b7c764",
              "isHook": false,
              "skipped": false
            },
            {
              "title": "updateMember fail",
              "fullTitle": "updateMember test updateMember fail",
              "timedOut": false,
              "duration": 49,
              "state": "passed",
              "speed": "medium",
              "pass": true,
              "fail": false,
              "pending": false,
              "context": null,
              "code": "chai_1.default.request(index_1.default)\n    .put('/member/1000')\n    .send({\n    \"member_name\": \"kkk\",\n    \"email\": \"1063594983@qq.com\",\n    \"department\": \"unknown\",\n    \"leader_email\": \"unknown\",\n    \"phone\": \"18321572818\",\n    \"job\": 5\n})\n    .set('Content-Type', 'application/json')\n    .end(function (err, res) {\n    res.body.msg.should.eql('not found');\n    done();\n});",
              "err": {},
              "uuid": "59acac27-f4ec-4e0c-b2e0-1218072fe050",
              "parentUUID": "99396d8b-7a3e-48fa-b810-ab66b1b7c764",
              "isHook": false,
              "skipped": false
            }
          ],
          "suites": [],
          "passes": [
            "0556cd00-8aac-4b09-8dde-52b165cc0893",
            "59acac27-f4ec-4e0c-b2e0-1218072fe050"
          ],
          "failures": [],
          "pending": [],
          "skipped": [],
          "duration": 175,
          "root": false,
          "rootEmpty": false,
          "_timeout": 2000
        },
        {
          "uuid": "f08bce2d-c8a5-45fc-8957-f5b16568de59",
          "title": "insertMember test",
          "fullFile": "F:\\课程\\软件开发实践\\AchieveIt\\server\\test\\memberApi.test.ts",
          "file": "\\test\\memberApi.test.ts",
          "beforeHooks": [],
          "afterHooks": [],
          "tests": [
            {
              "title": "insertMember success",
              "fullTitle": "insertMember test insertMember success",
              "timedOut": false,
              "duration": 82,
              "state": "passed",
              "speed": "slow",
              "pass": true,
              "fail": false,
              "pending": false,
              "context": null,
              "code": "chai_1.default.request(index_1.default)\n    .post('/member')\n    .send({\n    \"member_name\": \"jotaro\",\n    \"email\": \"1063594983@qq.com\",\n    \"department\": \"unknown\",\n    \"leader_email\": \"unknown\",\n    \"phone\": \"18321572818\",\n    \"job\": 5\n})\n    .set('Content-Type', 'application/json')\n    .end(function (err, res) {\n    res.body.msg.should.eql('insert success');\n    done();\n});",
              "err": {},
              "uuid": "1588c067-6b88-4ba6-a13d-1398b684cc61",
              "parentUUID": "f08bce2d-c8a5-45fc-8957-f5b16568de59",
              "isHook": false,
              "skipped": false
            }
          ],
          "suites": [],
          "passes": [
            "1588c067-6b88-4ba6-a13d-1398b684cc61"
          ],
          "failures": [],
          "pending": [],
          "skipped": [],
          "duration": 82,
          "root": false,
          "rootEmpty": false,
          "_timeout": 2000
        },
        {
          "uuid": "63c1bebe-1e87-4c16-98f4-4d04e5cd6674",
          "title": "deleteMember test",
          "fullFile": "F:\\课程\\软件开发实践\\AchieveIt\\server\\test\\memberApi.test.ts",
          "file": "\\test\\memberApi.test.ts",
          "beforeHooks": [],
          "afterHooks": [],
          "tests": [
            {
              "title": "deleteMember success",
              "fullTitle": "deleteMember test deleteMember success",
              "timedOut": false,
              "duration": 65,
              "state": "failed",
              "speed": null,
              "pass": false,
              "fail": true,
              "pending": false,
              "context": null,
              "code": "chai_1.default.request(index_1.default)\n    .delete('/member/36')\n    .send()\n    .set('Content-Type', 'application/json')\n    .end(function (err, res) {\n    res.body.msg.should.eql('delete success');\n    done();\n});",
              "err": {
                "message": "AssertionError: expected 'not found' to deeply equal 'delete success'",
                "estack": "AssertionError: expected 'not found' to deeply equal 'delete success'\n    at F:\\课程\\软件开发实践\\AchieveIt\\server\\test\\memberApi.test.ts:99:37\n    at Test.Request.callback (F:\\课程\\软件开发实践\\AchieveIt\\node_modules\\chai-http\\node_modules\\superagent\\lib\\node\\index.js:716:12)\n    at parser (F:\\课程\\软件开发实践\\AchieveIt\\node_modules\\chai-http\\node_modules\\superagent\\lib\\node\\index.js:916:18)\n    at IncomingMessage.res.on (F:\\课程\\软件开发实践\\AchieveIt\\node_modules\\chai-http\\node_modules\\superagent\\lib\\node\\parsers\\json.js:19:7)\n    at endReadableNT (_stream_readable.js:1145:12)\n    at process._tickCallback (internal/process/next_tick.js:63:19)",
                "diff": "- not found\n+ delete success\n"
              },
              "uuid": "d619b978-2dd4-494d-a73e-b733bcffd93a",
              "parentUUID": "63c1bebe-1e87-4c16-98f4-4d04e5cd6674",
              "isHook": false,
              "skipped": false
            },
            {
              "title": "deleteMember failed",
              "fullTitle": "deleteMember test deleteMember failed",
              "timedOut": false,
              "duration": 40,
              "state": "passed",
              "speed": "medium",
              "pass": true,
              "fail": false,
              "pending": false,
              "context": null,
              "code": "chai_1.default.request(index_1.default)\n    .delete('/member/1000')\n    .send()\n    .set('Content-Type', 'application/json')\n    .end(function (err, res) {\n    res.body.msg.should.eql('not found');\n    done();\n});",
              "err": {},
              "uuid": "826cb571-e52a-4888-8022-d0338f9153e4",
              "parentUUID": "63c1bebe-1e87-4c16-98f4-4d04e5cd6674",
              "isHook": false,
              "skipped": false
            }
          ],
          "suites": [],
          "passes": [
            "826cb571-e52a-4888-8022-d0338f9153e4"
          ],
          "failures": [
            "d619b978-2dd4-494d-a73e-b733bcffd93a"
          ],
          "pending": [],
          "skipped": [],
          "duration": 105,
          "root": false,
          "rootEmpty": false,
          "_timeout": 2000
        },
        {
          "uuid": "675e01cc-7ac1-463a-a03d-7d3f19fdc7b4",
          "title": "getMemberRoleInProject test",
          "fullFile": "F:\\课程\\软件开发实践\\AchieveIt\\server\\test\\memberApi.test.ts",
          "file": "\\test\\memberApi.test.ts",
          "beforeHooks": [],
          "afterHooks": [],
          "tests": [
            {
              "title": "getMemberRoleInProject success",
              "fullTitle": "getMemberRoleInProject test getMemberRoleInProject success",
              "timedOut": false,
              "duration": 37,
              "state": "passed",
              "speed": "fast",
              "pass": true,
              "fail": false,
              "pending": false,
              "context": null,
              "code": "chai_1.default.request(index_1.default)\n    .get('/member/getMemberRoleInProject/20200329M?member_id=1')\n    .send()\n    .set('Content-Type', 'application/json')\n    .end(function (err, res) {\n    res.body.msg.should.eql('get success');\n    done();\n});",
              "err": {},
              "uuid": "a1663f3b-901e-49ab-820e-b1c2a25937ff",
              "parentUUID": "675e01cc-7ac1-463a-a03d-7d3f19fdc7b4",
              "isHook": false,
              "skipped": false
            },
            {
              "title": "getMemberRoleInProject fail",
              "fullTitle": "getMemberRoleInProject test getMemberRoleInProject fail",
              "timedOut": false,
              "duration": 47,
              "state": "passed",
              "speed": "medium",
              "pass": true,
              "fail": false,
              "pending": false,
              "context": null,
              "code": "chai_1.default.request(index_1.default)\n    .get('/member/getMemberRoleInProject/2020032M?member_id=1')\n    .send()\n    .set('Content-Type', 'application/json')\n    .end(function (err, res) {\n    res.body.msg.should.eql('not found');\n    done();\n});",
              "err": {},
              "uuid": "59d07687-81d2-4674-8642-e8d6ee5e747e",
              "parentUUID": "675e01cc-7ac1-463a-a03d-7d3f19fdc7b4",
              "isHook": false,
              "skipped": false
            }
          ],
          "suites": [],
          "passes": [
            "a1663f3b-901e-49ab-820e-b1c2a25937ff",
            "59d07687-81d2-4674-8642-e8d6ee5e747e"
          ],
          "failures": [],
          "pending": [],
          "skipped": [],
          "duration": 84,
          "root": false,
          "rootEmpty": false,
          "_timeout": 2000
        },
        {
          "uuid": "3e0d2e72-da22-48a3-8346-6b6ddd57c44b",
          "title": "project test",
          "fullFile": "F:\\课程\\软件开发实践\\AchieveIt\\server\\test\\projectApi.test.ts",
          "file": "\\test\\projectApi.test.ts",
          "beforeHooks": [],
          "afterHooks": [],
          "tests": [
            {
              "title": "get project success",
              "fullTitle": "project test get project success",
              "timedOut": false,
              "duration": 40,
              "state": "passed",
              "speed": "medium",
              "pass": true,
              "fail": false,
              "pending": false,
              "context": null,
              "code": "var testProjectID = 123;\nchai_1.default.request(index_1.default)\n    .get('/project/' + testProjectID)\n    .set('Content-Type', 'application/json')\n    .end(function (err, res) {\n    res.should.have.status(200);\n    res.body.status.should.eql('ok');\n    should.exist(res.body.project);\n    done();\n});",
              "err": {},
              "uuid": "c1e09850-4db2-432d-be1c-95c5418ab3d4",
              "parentUUID": "3e0d2e72-da22-48a3-8346-6b6ddd57c44b",
              "isHook": false,
              "skipped": false
            },
            {
              "title": "get project fail",
              "fullTitle": "project test get project fail",
              "timedOut": false,
              "duration": 40,
              "state": "passed",
              "speed": "medium",
              "pass": true,
              "fail": false,
              "pending": false,
              "context": null,
              "code": "var testProjectID = 9999;\nchai_1.default.request(index_1.default)\n    .get('/project/' + testProjectID)\n    .set('Content-Type', 'application/json')\n    .end(function (err, res) {\n    res.should.have.status(200);\n    res.body.status.should.eql('error');\n    res.body.msg.should.eql('not found');\n    should.not.exist(res.body.project);\n    done();\n});",
              "err": {},
              "uuid": "c1538520-3850-48ba-bc92-a9ecb398bd8b",
              "parentUUID": "3e0d2e72-da22-48a3-8346-6b6ddd57c44b",
              "isHook": false,
              "skipped": false
            }
          ],
          "suites": [],
          "passes": [
            "c1e09850-4db2-432d-be1c-95c5418ab3d4",
            "c1538520-3850-48ba-bc92-a9ecb398bd8b"
          ],
          "failures": [],
          "pending": [],
          "skipped": [],
          "duration": 80,
          "root": false,
          "rootEmpty": false,
          "_timeout": 2000
        },
        {
          "uuid": "e7dd860a-1995-4adc-b514-321dae4eb4c3",
          "title": "risk test",
          "fullFile": "F:\\课程\\软件开发实践\\AchieveIt\\server\\test\\riskApi.test.ts",
          "file": "\\test\\riskApi.test.ts",
          "beforeHooks": [],
          "afterHooks": [],
          "tests": [
            {
              "title": "get risk success",
              "fullTitle": "risk test get risk success",
              "timedOut": false,
              "duration": 34,
              "state": "passed",
              "speed": "fast",
              "pass": true,
              "fail": false,
              "pending": false,
              "context": null,
              "code": "var testRiskID = 4;\nchai_1.default.request(index_1.default)\n    .get('/risk/' + testRiskID)\n    .set('Content-Type', 'application/json')\n    .end(function (err, res) {\n    res.should.have.status(200);\n    res.body.status.should.eql('ok');\n    should.exist(res.body.risk);\n    done();\n});",
              "err": {},
              "uuid": "c72b6e10-bf62-4463-87cf-2be5bd68dbb6",
              "parentUUID": "e7dd860a-1995-4adc-b514-321dae4eb4c3",
              "isHook": false,
              "skipped": false
            },
            {
              "title": "get risk fail",
              "fullTitle": "risk test get risk fail",
              "timedOut": false,
              "duration": 42,
              "state": "passed",
              "speed": "medium",
              "pass": true,
              "fail": false,
              "pending": false,
              "context": null,
              "code": "var testRiskID = 9999;\nchai_1.default.request(index_1.default)\n    .get('/risk/' + testRiskID)\n    .set('Content-Type', 'application/json')\n    .end(function (err, res) {\n    res.should.have.status(200);\n    res.body.status.should.eql('error');\n    res.body.msg.should.eql('not found');\n    should.not.exist(res.body.risk);\n    done();\n});",
              "err": {},
              "uuid": "c3660fe3-14e4-4c0b-93a2-cbc84ef4b937",
              "parentUUID": "e7dd860a-1995-4adc-b514-321dae4eb4c3",
              "isHook": false,
              "skipped": false
            }
          ],
          "suites": [],
          "passes": [
            "c72b6e10-bf62-4463-87cf-2be5bd68dbb6",
            "c3660fe3-14e4-4c0b-93a2-cbc84ef4b937"
          ],
          "failures": [],
          "pending": [],
          "skipped": [],
          "duration": 76,
          "root": false,
          "rootEmpty": false,
          "_timeout": 2000
        },
        {
          "uuid": "18e5bbfc-717e-40b0-af6b-976928942d5e",
          "title": "login test",
          "fullFile": "F:\\课程\\软件开发实践\\AchieveIt\\server\\test\\userApi.test.ts",
          "file": "\\test\\userApi.test.ts",
          "beforeHooks": [],
          "afterHooks": [],
          "tests": [
            {
              "title": "login success",
              "fullTitle": "login test login success",
              "timedOut": false,
              "duration": 55,
              "state": "passed",
              "speed": "medium",
              "pass": true,
              "fail": false,
              "pending": false,
              "context": null,
              "code": "chai_1.default.request(index_1.default)\n    .post('/user/login')\n    .send('{\"username\":\"3\",\"password\":\"3\"}')\n    .set('Content-Type', 'application/json')\n    .end(function (err, res) {\n    res.should.have.status(200);\n    res.body.status.should.eql('ok');\n    should.exist(res.body.token);\n    done();\n});",
              "err": {},
              "uuid": "95508421-eff8-437b-897e-0d877a182b64",
              "parentUUID": "18e5bbfc-717e-40b0-af6b-976928942d5e",
              "isHook": false,
              "skipped": false
            },
            {
              "title": "login fail",
              "fullTitle": "login test login fail",
              "timedOut": false,
              "duration": 41,
              "state": "passed",
              "speed": "medium",
              "pass": true,
              "fail": false,
              "pending": false,
              "context": null,
              "code": "chai_1.default.request(index_1.default)\n    .post('/user/login')\n    .send('{\"username\":\"1\",\"password\":\"2\"}')\n    .set('Content-Type', 'application/json')\n    .end(function (err, res) {\n    res.should.have.status(200);\n    res.body.status.should.eql('error');\n    res.body.msg.should.eql('用户名或密码错误');\n    should.not.exist(res.body.token);\n    done();\n});",
              "err": {},
              "uuid": "aba3d74f-9261-4565-a396-c179fcd13990",
              "parentUUID": "18e5bbfc-717e-40b0-af6b-976928942d5e",
              "isHook": false,
              "skipped": false
            }
          ],
          "suites": [],
          "passes": [
            "95508421-eff8-437b-897e-0d877a182b64",
            "aba3d74f-9261-4565-a396-c179fcd13990"
          ],
          "failures": [],
          "pending": [],
          "skipped": [],
          "duration": 96,
          "root": false,
          "rootEmpty": false,
          "_timeout": 2000
        }
      ],
      "passes": [],
      "failures": [],
      "pending": [],
      "skipped": [],
      "duration": 0,
      "root": true,
      "rootEmpty": true,
      "_timeout": 2000
    }
  ],
  "meta": {
    "mocha": {
      "version": "7.1.1"
    },
    "mochawesome": {
      "options": {
        "quiet": false,
        "reportFilename": "mochawesome",
        "saveHtml": true,
        "saveJson": true,
        "consoleReporter": "spec",
        "useInlineDiffs": false,
        "code": true
      },
      "version": "5.0.0"
    },
    "marge": {
      "options": null,
      "version": "4.1.0"
    }
  }
}