{
  "stats": {
    "suites": 1,
    "tests": 2,
    "passes": 2,
    "pending": 0,
    "failures": 0,
    "start": "2020-03-30T01:37:58.519Z",
    "end": "2020-03-30T01:37:58.655Z",
    "duration": 136,
    "testsRegistered": 2,
    "passPercent": 100,
    "pendingPercent": 0,
    "other": 0,
    "hasOther": false,
    "skipped": 0,
    "hasSkipped": false
  },
  "results": [
    {
      "uuid": "c3df84a3-5d9b-4006-bb17-ba6f12472331",
      "title": "",
      "fullFile": "",
      "file": "",
      "beforeHooks": [],
      "afterHooks": [],
      "tests": [],
      "suites": [
        {
          "uuid": "44aba994-262c-4b0a-900c-cedcc5863212",
          "title": "login test",
          "fullFile": "F:\\课程\\软件开发实践\\AchieveIt\\server\\test\\userApi.test.js",
          "file": "\\test\\userApi.test.js",
          "beforeHooks": [],
          "afterHooks": [],
          "tests": [
            {
              "title": "login success",
              "fullTitle": "login test login success",
              "timedOut": false,
              "duration": 79,
              "state": "passed",
              "speed": "slow",
              "pass": true,
              "fail": false,
              "pending": false,
              "context": null,
              "code": "request\n  .post(testBaseURL + 'user/login')\n  .send('{\"username\":\"1\",\"password\":\"1\"}')\n  .set('Content-Type', 'application/json')\n  .end(function(err, res) {\n    console.log(res.body.status);\n    expect(res.body.status).to.be.eql('ok')\n    done();\n  });",
              "err": {},
              "uuid": "e5ffdbb6-9854-4467-8412-6f43e4237665",
              "parentUUID": "44aba994-262c-4b0a-900c-cedcc5863212",
              "isHook": false,
              "skipped": false
            },
            {
              "title": "login fail",
              "fullTitle": "login test login fail",
              "timedOut": false,
              "duration": 39,
              "state": "passed",
              "speed": "medium",
              "pass": true,
              "fail": false,
              "pending": false,
              "context": null,
              "code": "request\n  .post(testBaseURL + 'user/login')\n  .send('{\"username\":\"1\",\"password\":\"2\"}')\n  .set('Content-Type', 'application/json')\n  .end(function(err, res) {\n    console.log(res.body.status);\n    expect(res.body.status).to.be.eql('error')\n    done();\n  })",
              "err": {},
              "uuid": "848ab39d-8277-45d6-a543-6c37fe1f6b3a",
              "parentUUID": "44aba994-262c-4b0a-900c-cedcc5863212",
              "isHook": false,
              "skipped": false
            }
          ],
          "suites": [],
          "passes": [
            "e5ffdbb6-9854-4467-8412-6f43e4237665",
            "848ab39d-8277-45d6-a543-6c37fe1f6b3a"
          ],
          "failures": [],
          "pending": [],
          "skipped": [],
          "duration": 118,
          "root": false,
          "rootEmpty": false,
          "_timeout": 2000
        }
      ],
      "passes": [],
      "failures": [],
      "pending": [],
      "skipped": [],
      "duration": 0,
      "root": true,
      "rootEmpty": true,
      "_timeout": 2000
    }
  ],
  "meta": {
    "mocha": {
      "version": "7.1.1"
    },
    "mochawesome": {
      "options": {
        "quiet": false,
        "reportFilename": "mochawesome",
        "saveHtml": true,
        "saveJson": true,
        "consoleReporter": "spec",
        "useInlineDiffs": false,
        "code": true
      },
      "version": "5.0.0"
    },
    "marge": {
      "options": null,
      "version": "4.1.0"
    }
  }
}