{
  "F:\\课程\\软件开发实践\\AchieveIt\\server\\src\\index.ts": {
    "path": "F:\\课程\\软件开发实践\\AchieveIt\\server\\src\\index.ts",
    "statementMap": {
      "0": { "start": { "line": 2, "column": 22 }, "end": { "line": 4, "column": 1 } },
      "1": { "start": { "line": 3, "column": 4 }, "end": { "line": 3, "column": 62 } },
      "2": { "start": { "line": 5, "column": 16 }, "end": { "line": 5, "column": 51 } },
      "3": { "start": { "line": 6, "column": 20 }, "end": { "line": 6, "column": 59 } },
      "4": { "start": { "line": 7, "column": 15 }, "end": { "line": 7, "column": 51 } },
      "5": { "start": { "line": 8, "column": 13 }, "end": { "line": 8, "column": 45 } },
      "6": { "start": { "line": 9, "column": 16 }, "end": { "line": 9, "column": 57 } },
      "7": { "start": { "line": 10, "column": 16 }, "end": { "line": 10, "column": 57 } },
      "8": { "start": { "line": 11, "column": 18 }, "end": { "line": 11, "column": 61 } },
      "9": { "start": { "line": 12, "column": 19 }, "end": { "line": 12, "column": 63 } },
      "10": { "start": { "line": 13, "column": 19 }, "end": { "line": 13, "column": 63 } },
      "11": { "start": { "line": 14, "column": 18 }, "end": { "line": 14, "column": 61 } },
      "12": { "start": { "line": 15, "column": 16 }, "end": { "line": 15, "column": 57 } },
      "13": { "start": { "line": 16, "column": 20 }, "end": { "line": 16, "column": 65 } },
      "14": { "start": { "line": 17, "column": 20 }, "end": { "line": 17, "column": 65 } },
      "15": { "start": { "line": 18, "column": 10 }, "end": { "line": 18, "column": 29 } },
      "16": { "start": { "line": 19, "column": 11 }, "end": { "line": 19, "column": 15 } },
      "17": { "start": { "line": 21, "column": 0 }, "end": { "line": 21, "column": 38 } },
      "18": { "start": { "line": 23, "column": 0 }, "end": { "line": 23, "column": 26 } },
      "19": { "start": { "line": 41, "column": 0 }, "end": { "line": 41, "column": 36 } },
      "20": { "start": { "line": 42, "column": 0 }, "end": { "line": 42, "column": 36 } },
      "21": { "start": { "line": 43, "column": 0 }, "end": { "line": 43, "column": 40 } },
      "22": { "start": { "line": 44, "column": 0 }, "end": { "line": 44, "column": 43 } },
      "23": { "start": { "line": 45, "column": 0 }, "end": { "line": 45, "column": 42 } },
      "24": { "start": { "line": 46, "column": 0 }, "end": { "line": 46, "column": 40 } },
      "25": { "start": { "line": 47, "column": 0 }, "end": { "line": 47, "column": 36 } },
      "26": { "start": { "line": 48, "column": 0 }, "end": { "line": 48, "column": 44 } },
      "27": { "start": { "line": 49, "column": 0 }, "end": { "line": 49, "column": 44 } },
      "28": { "start": { "line": 51, "column": 0 }, "end": { "line": 58, "column": 3 } },
      "29": { "start": { "line": 52, "column": 4 }, "end": { "line": 57, "column": 5 } },
      "30": { "start": { "line": 53, "column": 8 }, "end": { "line": 56, "column": 11 } },
      "31": { "start": { "line": 59, "column": 0 }, "end": { "line": 59, "column": 95 } },
      "32": { "start": { "line": 59, "column": 31 }, "end": { "line": 59, "column": 91 } },
      "33": { "start": { "line": 60, "column": 0 }, "end": { "line": 60, "column": 21 } }
    },
    "fnMap": {
      "0": {
        "name": "(anonymous_0)",
        "decl": { "start": { "line": 2, "column": 56 }, "end": { "line": 2, "column": 57 } },
        "loc": { "start": { "line": 2, "column": 71 }, "end": { "line": 4, "column": 1 } },
        "line": 2
      },
      "1": {
        "name": "(anonymous_1)",
        "decl": { "start": { "line": 51, "column": 8 }, "end": { "line": 51, "column": 9 } },
        "loc": { "start": { "line": 51, "column": 39 }, "end": { "line": 58, "column": 1 } },
        "line": 51
      },
      "2": {
        "name": "(anonymous_2)",
        "decl": { "start": { "line": 59, "column": 17 }, "end": { "line": 59, "column": 18 } },
        "loc": { "start": { "line": 59, "column": 29 }, "end": { "line": 59, "column": 93 } },
        "line": 59
      }
    },
    "branchMap": {
      "0": {
        "loc": { "start": { "line": 2, "column": 22 }, "end": { "line": 4, "column": 1 } },
        "type": "binary-expr",
        "locations": [
          { "start": { "line": 2, "column": 23 }, "end": { "line": 2, "column": 27 } },
          { "start": { "line": 2, "column": 31 }, "end": { "line": 2, "column": 51 } },
          { "start": { "line": 2, "column": 56 }, "end": { "line": 4, "column": 1 } }
        ],
        "line": 2
      },
      "1": {
        "loc": { "start": { "line": 3, "column": 11 }, "end": { "line": 3, "column": 61 } },
        "type": "cond-expr",
        "locations": [
          { "start": { "line": 3, "column": 37 }, "end": { "line": 3, "column": 40 } },
          { "start": { "line": 3, "column": 43 }, "end": { "line": 3, "column": 61 } }
        ],
        "line": 3
      },
      "2": {
        "loc": { "start": { "line": 3, "column": 12 }, "end": { "line": 3, "column": 33 } },
        "type": "binary-expr",
        "locations": [
          { "start": { "line": 3, "column": 12 }, "end": { "line": 3, "column": 15 } },
          { "start": { "line": 3, "column": 19 }, "end": { "line": 3, "column": 33 } }
        ],
        "line": 3
      },
      "3": {
        "loc": { "start": { "line": 52, "column": 4 }, "end": { "line": 57, "column": 5 } },
        "type": "if",
        "locations": [
          { "start": { "line": 52, "column": 4 }, "end": { "line": 57, "column": 5 } },
          { "start": { "line": 52, "column": 4 }, "end": { "line": 57, "column": 5 } }
        ],
        "line": 52
      }
    },
    "s": {
      "0": 1,
      "1": 13,
      "2": 1,
      "3": 1,
      "4": 1,
      "5": 1,
      "6": 1,
      "7": 1,
      "8": 1,
      "9": 1,
      "10": 1,
      "11": 1,
      "12": 1,
      "13": 1,
      "14": 1,
      "15": 1,
      "16": 1,
      "17": 1,
      "18": 1,
      "19": 1,
      "20": 1,
      "21": 1,
      "22": 1,
      "23": 1,
      "24": 1,
      "25": 1,
      "26": 1,
      "27": 1,
      "28": 1,
      "29": 0,
      "30": 0,
      "31": 1,
      "32": 1,
      "33": 1
    },
    "f": { "0": 13, "1": 0, "2": 1 },
    "b": { "0": [1, 1, 1], "1": [10, 3], "2": [13, 13], "3": [0, 0] },
    "inputSourceMap": {
      "version": 3,
      "file": "F:\\课程\\软件开发实践\\AchieveIt\\server\\src\\index.ts",
      "sources": ["F:\\课程\\软件开发实践\\AchieveIt\\server\\src\\index.ts"],
      "names": [],
      "mappings": ";;;;AAAA,oDAAqD;AACrD,4DAAqC;AAErC,oDAA8B;AAC9B,8CAAwB;AACxB,0DAAoC;AACpC,0DAAoC;AACpC,8DAAwC;AACxC,gEAA2C;AAC3C,gEAA0C;AAC1C,8DAAwC;AACxC,0DAAmC;AACnC,kEAA4C;AAC5C,kEAA4C;AAM5C,IAAM,GAAG,GAAG,iBAAO,EAAE,CAAC;AACtB,IAAM,IAAI,GAAG,IAAI,CAAC;AAElB,eAAe;AACf,GAAG,CAAC,GAAG,CAAC,qBAAU,CAAC,IAAI,EAAE,CAAC,CAAC;AAE3B,SAAS;AACT,GAAG,CAAC,GAAG,CAAC,cAAI,EAAE,CAAC,CAAC;AAEhB,WAAW;AACX,uBAAuB;AACvB,kCAAkC;AAClC,oCAAoC;AACpC,yCAAyC;AACzC,4CAA4C;AAC5C,UAAU;AACV,+CAA+C;AAC/C,iCAAiC;AACjC,mDAAmD;AACnD,iCAAiC;AACjC,UAAU;AACV,qBAAqB;AACrB,QAAQ;AACR,cAAc;AACd,4BAA4B;AAC5B,MAAM;AAGN,GAAG,CAAC,GAAG,CAAC,OAAO,EAAE,iBAAO,CAAC,CAAC;AAC1B,GAAG,CAAC,GAAG,CAAC,OAAO,EAAE,iBAAO,CAAC,CAAC;AAC1B,GAAG,CAAC,GAAG,CAAC,SAAS,EAAE,mBAAS,CAAC,CAAC;AAC9B,GAAG,CAAC,GAAG,CAAC,WAAW,EAAE,oBAAW,CAAC,CAAC;AAClC,GAAG,CAAC,GAAG,CAAC,UAAU,EAAE,oBAAU,CAAC,CAAC;AAChC,GAAG,CAAC,GAAG,CAAC,SAAS,EAAE,mBAAS,CAAC,CAAC;AAC9B,GAAG,CAAC,GAAG,CAAC,OAAO,EAAE,iBAAO,CAAC,CAAC;AAC1B,GAAG,CAAC,GAAG,CAAC,WAAW,EAAE,qBAAW,CAAC,CAAC;AAClC,GAAG,CAAC,GAAG,CAAC,WAAW,EAAE,qBAAW,CAAC,CAAC;AAElC,WAAW;AACX,GAAG,CAAC,GAAG,CAAC,UAAC,GAAG,EAAE,GAAG,EAAE,GAA2B,EAAE,IAAI;IAClD,IAAI,GAAG,CAAC,MAAM,IAAI,GAAG,EAAE;QACrB,GAAG,CAAC,MAAM,CAAC,GAAG,CAAC,CAAC,IAAI,CAAC;YACnB,MAAM,EAAE,gBAAM,CAAC,MAAM,CAAC,KAAK;YAC3B,GAAG,EAAE,SAAS;SACf,CAAC,CAAC;KACJ;AACH,CAAC,CAAC,CAAC;AAEH,GAAG,CAAC,MAAM,CAAC,IAAI,EAAE,cAAM,OAAA,OAAO,CAAC,GAAG,CAAC,mCAAuB,IAAM,CAAC,EAA1C,CAA0C,CAAC,CAAC;AAEnE,iBAAS,GAAG,CAAA",
      "sourcesContent": [
        "import express, { Response, Request } from 'express';\r\nimport bodyParser from 'body-parser';\r\nimport expressJwt from 'express-jwt';\r\nimport config from './config';\r\nimport cors from 'cors';\r\nimport userApi from \"./api/userApi\";\r\nimport demoApi from \"./api/demoApi\";\r\nimport memberApi from \"./api/memberApi\";\r\nimport functionApi from \"./api/featureApi\";\r\nimport projectApi from \"./api/projectApi\";\r\nimport deviceApi from \"./api/deviceApi\";\r\nimport riskApi from \"./api/riskApi\"\r\nimport activityApi from \"./api/activityApi\";\r\nimport workTimeApi from \"./api/workTimeApi\";\r\nimport configApi from \"./api/configApi\";\r\n\r\n\r\nimport { ResultCommon } from 'achieve-it-contract';\r\n\r\nconst app = express();\r\nconst port = 3000;\r\n\r\n// 解决json数据传输问题\r\napp.use(bodyParser.json());\r\n\r\n// 解决跨域问题\r\napp.use(cors());\r\n\r\n// 解决身份验证问题\r\n// app.use(expressJwt({\r\n//     secret: config.jwt.signKey,\r\n//     getToken: (req: Request) => {\r\n//       if (req.headers.authorization) {\r\n//         return req.headers.authorization;\r\n//       }\r\n//       else if (req.body && req.body.token) {\r\n//         return req.body.token;\r\n//       } else if (req.query && req.query.token) {\r\n//         return req.query.token\r\n//       }\r\n//       return null;\r\n//     }\r\n// }).unless({\r\n//     path: [\"/user/login\"]\r\n// }))\r\n\r\n\r\napp.use('/demo', demoApi);\r\napp.use('/user', userApi);\r\napp.use('/member', memberApi);\r\napp.use('/function', functionApi);\r\napp.use('/project', projectApi);\r\napp.use('/device', deviceApi);\r\napp.use('/risk', riskApi);\r\napp.use('/activity', activityApi);\r\napp.use('/workTime', workTimeApi);\r\n\r\n// 身份验证错误处理\r\napp.use((err, req, res: Response<ResultCommon>, next) => {\r\n  if (err.status == 401) {\r\n    res.status(401).json({\r\n      status: config.status.ERROR,\r\n      msg: 'token失效'\r\n    });\r\n  }\r\n});\r\n\r\napp.listen(port, () => console.log(`点我 http://localhost:${port}`));\r\n\r\nexport = app\r\n"
      ]
    },
    "_coverageSchema": "1a1c01bbd47fc00a2c39e90264f33305004495a9",
    "hash": "3aede0a1e64f0e0a0228c01a9a2b1ea2cd657457",
    "contentHash": "d8494af91369356aae248c10d57806518629174b1a7e9c2581e7ebf45d480f35"
  },
  "F:\\课程\\软件开发实践\\AchieveIt\\server\\src\\config.ts": {
    "path": "F:\\课程\\软件开发实践\\AchieveIt\\server\\src\\config.ts",
    "statementMap": {
      "0": { "start": { "line": 2, "column": 0 }, "end": { "line": 2, "column": 62 } },
      "1": { "start": { "line": 3, "column": 13 }, "end": { "line": 55, "column": 1 } },
      "2": { "start": { "line": 56, "column": 0 }, "end": { "line": 56, "column": 25 } }
    },
    "fnMap": {},
    "branchMap": {},
    "s": { "0": 1, "1": 1, "2": 1 },
    "f": {},
    "b": {},
    "inputSourceMap": {
      "version": 3,
      "file": "F:\\课程\\软件开发实践\\AchieveIt\\server\\src\\config.ts",
      "sources": ["F:\\课程\\软件开发实践\\AchieveIt\\server\\src\\config.ts"],
      "names": [],
      "mappings": ";;AAEA,IAAM,MAAM,GAAkE;IAC5E,KAAK,EAAE;QACL,IAAI,EAAE,+CAA+C;QACrD,IAAI,EAAE,KAAK;QACX,QAAQ,EAAE,WAAW;QACrB,QAAQ,EAAE,WAAW;QACrB,IAAI,EAAE,MAAM;KACb;IACD,SAAS,EAAE;QACT,IAAI,EAAE,+CAA+C;QACrD,IAAI,EAAE,KAAK;QACX,QAAQ,EAAE,WAAW;QACrB,QAAQ,EAAE,WAAW;QACrB,IAAI,EAAE,MAAM;QACZ,eAAe,EAAE,EAAE;KACpB;IACD,GAAG,EAAE;QACH,OAAO,EAAE,4BAA4B;KACtC;IACD,MAAM,EAAE;QACN,OAAO,EAAE,IAAI;QACb,KAAK,EAAE,OAAO;KACf;IACD,GAAG,EAAE;QACH,UAAU,EAAE,SAAS;QACrB,aAAa,EAAE,SAAS;KACzB;IACD,SAAS,EAAE;QACT,YAAY,EAAE,CAAC,IAAI,EAAE,KAAK,CAAC;QAC3B,SAAS,EAAE,CAAC,MAAM,EAAE,MAAM,EAAE,UAAU,EAAE,YAAY,EAAE,YAAY,EAAE,MAAM,CAAC;QAC3E,WAAW,EAAE,CAAC,WAAW,EAAE,WAAW,EAAE,MAAM,EAAE,MAAM,EAAE,QAAQ,EAAE,IAAI,EAAE,KAAK,CAAC;QAC9E,aAAa,EAAE,CAAC,MAAM,EAAE,KAAK,EAAE,MAAM,EAAE,KAAK,EAAE,KAAK,EAAE,IAAI,EAAE,KAAK,CAAC;QACjE,YAAY,EAAE;YACZ;gBACE,MAAM,EAAE,MAAM;gBACd,YAAY,EAAE,CAAC,MAAM,EAAE,IAAI,EAAE,IAAI,EAAE,MAAM,EAAE,MAAM,EAAE,MAAM,EAAE,IAAI,EAAE,IAAI,CAAC;aACvE;YACD;gBACE,MAAM,EAAE,MAAM;gBACd,YAAY,EAAE,CAAC,MAAM,EAAE,OAAO,EAAE,OAAO,EAAE,OAAO,CAAC;aAClD;YACD;gBACE,MAAM,EAAE,MAAM;gBACd,YAAY,EAAE,CAAC,MAAM,EAAE,MAAM,EAAE,MAAM,CAAC;aACvC;YACD;gBACE,MAAM,EAAE,MAAM;gBACd,YAAY,EAAE,CAAC,MAAM,EAAE,OAAO,EAAE,QAAQ,EAAE,IAAI,EAAE,IAAI,CAAC;aACtD;SACF;QACD,UAAU,EAAE,CAAC,KAAK,EAAE,MAAM,EAAE,KAAK,CAAC;KACnC;CACF,CAAC;AAEF,kBAAe,MAAM,CAAC",
      "sourcesContent": [
        "import { StatusType } from 'achieve-it-contract';\r\n\r\nconst config: { [key: string]: any; status: { [key: string]: StatusType } } = {\r\n  mysql: {\r\n    host: 'rm-bp1r8386h2f0n9713jo.mysql.rds.aliyuncs.com',\r\n    user: 'zou',\r\n    password: 'Zouzou123',\r\n    database: 'achieveit',\r\n    port: '3306'\r\n  },\r\n  mysqlPool: {\r\n    host: 'rm-bp1r8386h2f0n9713jo.mysql.rds.aliyuncs.com',\r\n    user: 'zou',\r\n    password: 'Zouzou123',\r\n    database: 'achieveit',\r\n    port: '3306',\r\n    connectionLimit: 10\r\n  },\r\n  jwt: {\r\n    signKey: 'achieveit_project_sign_key'\r\n  },\r\n  status: {\r\n    SUCCESS: 'ok',\r\n    ERROR: 'error'\r\n  },\r\n  msg: {\r\n    GET_MEMBER: 'success',\r\n    UPDATE_MEMBER: 'success'\r\n  },\r\n  numberMap: {\r\n    deviceStatus: ['可用', '不可用'],\r\n    memberJob: ['项目经理', '项目上级', '组织级配置管理员', 'EPG Leader', 'QA Manager', '普通员工'],\r\n    projectRole: [\"开发 Leader\", \"测试 Leader\", \"开发人员\", \"测试人员\", \"配置管理人员\", \"QA\", \"EPG\"],\r\n    projectStatus: ['申请立项', '已立项', '立刻驳回', '进行中', '已交付', '结束', '已归档'],\r\n    activityName: [\r\n      {\r\n        prefix: '工程活动',\r\n        activityList: ['需求开发', '设计', '编码', '单体测试', '集成测试', '系统测试', '交付', '维护']\r\n      },\r\n      {\r\n        prefix: '管理活动',\r\n        activityList: ['范围管理', '计划与调整', '监控与分析', '联络与沟通']\r\n      },\r\n      {\r\n        prefix: '外包活动',\r\n        activityList: ['外包管理', '外包验收', '外包支持']\r\n      },\r\n      {\r\n        prefix: '支持活动',\r\n        activityList: ['配置管理', 'QA 审计', '会议报告总结', '培训', '其他']\r\n      }\r\n    ],\r\n    riskStatus: ['未处理', '正在跟进', '已解决']\r\n  }\r\n};\r\n\r\nexport default config;\r\n"
      ]
    },
    "_coverageSchema": "1a1c01bbd47fc00a2c39e90264f33305004495a9",
    "hash": "63a033750ab35b4499b344e201de592e1285268b",
    "contentHash": "737a62b6d76766f08b75a7344bc5b5234c971ac686a7ce7659ed4f46d0d0cdcc"
  },
  "F:\\课程\\软件开发实践\\AchieveIt\\server\\src\\api\\userApi.ts": {
    "path": "F:\\课程\\软件开发实践\\AchieveIt\\server\\src\\api\\userApi.ts",
    "statementMap": {
      "0": { "start": { "line": 2, "column": 22 }, "end": { "line": 4, "column": 1 } },
      "1": { "start": { "line": 3, "column": 4 }, "end": { "line": 3, "column": 62 } },
      "2": { "start": { "line": 5, "column": 0 }, "end": { "line": 5, "column": 62 } },
      "3": { "start": { "line": 6, "column": 15 }, "end": { "line": 6, "column": 52 } },
      "4": { "start": { "line": 7, "column": 16 }, "end": { "line": 7, "column": 51 } },
      "5": { "start": { "line": 8, "column": 21 }, "end": { "line": 8, "column": 61 } },
      "6": { "start": { "line": 9, "column": 15 }, "end": { "line": 9, "column": 51 } },
      "7": { "start": { "line": 10, "column": 13 }, "end": { "line": 10, "column": 31 } },
      "8": { "start": { "line": 11, "column": 18 }, "end": { "line": 11, "column": 41 } },
      "9": { "start": { "line": 12, "column": 13 }, "end": { "line": 12, "column": 39 } },
      "10": { "start": { "line": 15, "column": 0 }, "end": { "line": 46, "column": 3 } },
      "11": { "start": { "line": 16, "column": 19 }, "end": { "line": 16, "column": 36 } },
      "12": { "start": { "line": 17, "column": 19 }, "end": { "line": 17, "column": 36 } },
      "13": { "start": { "line": 18, "column": 4 }, "end": { "line": 45, "column": 7 } },
      "14": { "start": { "line": 19, "column": 8 }, "end": { "line": 44, "column": 9 } },
      "15": { "start": { "line": 20, "column": 12 }, "end": { "line": 20, "column": 47 } },
      "16": { "start": { "line": 22, "column": 13 }, "end": { "line": 44, "column": 9 } },
      "17": { "start": { "line": 23, "column": 23 }, "end": { "line": 23, "column": 32 } },
      "18": { "start": { "line": 25, "column": 24 }, "end": { "line": 30, "column": 14 } },
      "19": { "start": { "line": 31, "column": 12 }, "end": { "line": 31, "column": 30 } },
      "20": { "start": { "line": 32, "column": 12 }, "end": { "line": 37, "column": 15 } },
      "21": { "start": { "line": 40, "column": 12 }, "end": { "line": 43, "column": 15 } },
      "22": { "start": { "line": 47, "column": 0 }, "end": { "line": 47, "column": 25 } }
    },
    "fnMap": {
      "0": {
        "name": "(anonymous_0)",
        "decl": { "start": { "line": 2, "column": 56 }, "end": { "line": 2, "column": 57 } },
        "loc": { "start": { "line": 2, "column": 71 }, "end": { "line": 4, "column": 1 } },
        "line": 2
      },
      "1": {
        "name": "(anonymous_1)",
        "decl": { "start": { "line": 15, "column": 22 }, "end": { "line": 15, "column": 23 } },
        "loc": { "start": { "line": 15, "column": 42 }, "end": { "line": 46, "column": 1 } },
        "line": 15
      },
      "2": {
        "name": "(anonymous_2)",
        "decl": { "start": { "line": 18, "column": 82 }, "end": { "line": 18, "column": 83 } },
        "loc": { "start": { "line": 18, "column": 105 }, "end": { "line": 45, "column": 5 } },
        "line": 18
      }
    },
    "branchMap": {
      "0": {
        "loc": { "start": { "line": 2, "column": 22 }, "end": { "line": 4, "column": 1 } },
        "type": "binary-expr",
        "locations": [
          { "start": { "line": 2, "column": 23 }, "end": { "line": 2, "column": 27 } },
          { "start": { "line": 2, "column": 31 }, "end": { "line": 2, "column": 51 } },
          { "start": { "line": 2, "column": 56 }, "end": { "line": 4, "column": 1 } }
        ],
        "line": 2
      },
      "1": {
        "loc": { "start": { "line": 3, "column": 11 }, "end": { "line": 3, "column": 61 } },
        "type": "cond-expr",
        "locations": [
          { "start": { "line": 3, "column": 37 }, "end": { "line": 3, "column": 40 } },
          { "start": { "line": 3, "column": 43 }, "end": { "line": 3, "column": 61 } }
        ],
        "line": 3
      },
      "2": {
        "loc": { "start": { "line": 3, "column": 12 }, "end": { "line": 3, "column": 33 } },
        "type": "binary-expr",
        "locations": [
          { "start": { "line": 3, "column": 12 }, "end": { "line": 3, "column": 15 } },
          { "start": { "line": 3, "column": 19 }, "end": { "line": 3, "column": 33 } }
        ],
        "line": 3
      },
      "3": {
        "loc": { "start": { "line": 19, "column": 8 }, "end": { "line": 44, "column": 9 } },
        "type": "if",
        "locations": [
          { "start": { "line": 19, "column": 8 }, "end": { "line": 44, "column": 9 } },
          { "start": { "line": 19, "column": 8 }, "end": { "line": 44, "column": 9 } }
        ],
        "line": 19
      },
      "4": {
        "loc": { "start": { "line": 22, "column": 13 }, "end": { "line": 44, "column": 9 } },
        "type": "if",
        "locations": [
          { "start": { "line": 22, "column": 13 }, "end": { "line": 44, "column": 9 } },
          { "start": { "line": 22, "column": 13 }, "end": { "line": 44, "column": 9 } }
        ],
        "line": 22
      }
    },
    "s": {
      "0": 1,
      "1": 4,
      "2": 1,
      "3": 1,
      "4": 1,
      "5": 1,
      "6": 1,
      "7": 1,
      "8": 1,
      "9": 1,
      "10": 1,
      "11": 2,
      "12": 2,
      "13": 2,
      "14": 2,
      "15": 0,
      "16": 2,
      "17": 1,
      "18": 1,
      "19": 1,
      "20": 1,
      "21": 1,
      "22": 1
    },
    "f": { "0": 4, "1": 2, "2": 2 },
    "b": { "0": [1, 1, 1], "1": [2, 2], "2": [4, 4], "3": [0, 2], "4": [1, 1] },
    "inputSourceMap": {
      "version": 3,
      "file": "F:\\课程\\软件开发实践\\AchieveIt\\server\\src\\api\\userApi.ts",
      "sources": ["F:\\课程\\软件开发实践\\AchieveIt\\server\\src\\api\\userApi.ts"],
      "names": [],
      "mappings": ";;;;;AAAA,qDAA+B;AAC/B,oDAA4C;AAC5C,8DAA+B;AAC/B,oDAA4B;AAE5B,gCAA4C;AAC5C,0CAAoC;AAEpC,IAAM,MAAM,GAAG,iBAAO,CAAC,MAAM,EAAE,CAAC;AAEhC,cAAc;AACd,OAAO;AACP,MAAM,CAAC,IAAI,CAAC,QAAQ,EAAE,UAAC,GAAG,EAAE,GAA8B;IACxD,IAAM,QAAQ,GAAG,GAAG,CAAC,IAAI,CAAC,QAAQ,CAAC;IACnC,IAAM,QAAQ,GAAG,GAAG,CAAC,IAAI,CAAC,QAAQ,CAAC;IAEnC,gBAAI,CAAC,KAAK,CAAC,gBAAI,CAAC,IAAI,CAAC,SAAS,EAAE,CAAC,QAAQ,EAAE,QAAQ,CAAC,EAAE,UAAC,GAAG,EAAE,MAAM;QAChE,IAAI,GAAG,EAAE;YACP,wBAAiB,CAAC,GAAG,EAAE,GAAG,CAAC,CAAC;SAC7B;aAAM,IAAI,MAAM,CAAC,MAAM,IAAI,CAAC,EAAE;YAC7B,IAAM,IAAI,GAAG,MAAM,CAAC,CAAC,CAAC,CAAC;YACvB,UAAU;YAEV,IAAM,KAAK,GAAG,sBAAG,CAAC,IAAI,CACpB;gBACE,QAAQ,UAAA;gBACR,GAAG,EAAE,gBAAM,CAAC,SAAS,CAAC,SAAS,CAAC,IAAI,CAAC,GAAG,CAAC;aAC1C,EACD,gBAAM,CAAC,GAAG,CAAC,OAAO,EAClB;gBACE,SAAS,EAAE,GAAG;aACf,CACF,CAAC;YAEF,OAAO,CAAC,GAAG,CAAC,IAAI,CAAC,CAAC;YAClB,GAAG,CAAC,IAAI,CAAC;gBACP,MAAM,EAAE,IAAI;gBACZ,GAAG,EAAE,MAAM;gBACX,KAAK,OAAA;gBACL,SAAS,EAAE,IAAI,CAAC,SAAS;aAC1B,CAAC,CAAC;SACJ;aAAM;YACL,GAAG,CAAC,IAAI,CAAC;gBACP,MAAM,EAAE,gBAAM,CAAC,MAAM,CAAC,KAAK;gBAC3B,GAAG,EAAE,UAAU;aAChB,CAAC,CAAC;SACJ;IACH,CAAC,CAAC,CAAC;AACL,CAAC,CAAC,CAAC;AAEH,kBAAe,MAAM,CAAC",
      "sourcesContent": [
        "import config from '../config';\r\nimport express, { Response } from 'express';\r\nimport jwt from 'jsonwebtoken';\r\nimport $sql from './sqlMap';\r\nimport { UserLoginResult } from 'achieve-it-contract';\r\nimport { mysqlErrorHandler } from '../util';\r\nimport { conn } from '../mysqlPool';\r\n\r\nconst router = express.Router();\r\n\r\n// /user/login\r\n// 用户登录\r\nrouter.post('/login', (req, res: Response<UserLoginResult>) => {\r\n  const username = req.body.username;\r\n  const password = req.body.password;\r\n\r\n  conn.query($sql.user.checkUser, [username, password], (err, result) => {\r\n    if (err) {\r\n      mysqlErrorHandler(res, err);\r\n    } else if (result.length == 1) {\r\n      const user = result[0];\r\n      // 生成token\r\n\r\n      const token = jwt.sign(\r\n        {\r\n          username,\r\n          job: config.numberMap.memberJob[user.job]\r\n        },\r\n        config.jwt.signKey,\r\n        {\r\n          expiresIn: 600\r\n        }\r\n      );\r\n      \r\n      console.log(user);\r\n      res.json({\r\n        status: 'ok',\r\n        msg: '登陆成功',\r\n        token,\r\n        member_id: user.member_id\r\n      });\r\n    } else {\r\n      res.json({\r\n        status: config.status.ERROR,\r\n        msg: '用户名或密码错误'\r\n      });\r\n    }\r\n  });\r\n});\r\n\r\nexport default router;\r\n"
      ]
    },
    "_coverageSchema": "1a1c01bbd47fc00a2c39e90264f33305004495a9",
    "hash": "74feb69dd404ffc3f2202614eee4f09851754a7e",
    "contentHash": "36529308a78c8166697bc5c3f2937fd4a8b9b51c2b3d16f822afeaa03cb86305"
  },
  "F:\\课程\\软件开发实践\\AchieveIt\\server\\src\\api\\sqlMap.ts": {
    "path": "F:\\课程\\软件开发实践\\AchieveIt\\server\\src\\api\\sqlMap.ts",
    "statementMap": {
      "0": { "start": { "line": 2, "column": 0 }, "end": { "line": 2, "column": 62 } },
      "1": { "start": { "line": 3, "column": 14 }, "end": { "line": 20, "column": 1 } },
      "2": { "start": { "line": 5, "column": 8 }, "end": { "line": 5, "column": 124 } },
      "3": { "start": { "line": 8, "column": 24 }, "end": { "line": 8, "column": 59 } },
      "4": { "start": { "line": 9, "column": 8 }, "end": { "line": 9, "column": 170 } },
      "5": { "start": { "line": 9, "column": 142 }, "end": { "line": 9, "column": 153 } },
      "6": { "start": { "line": 12, "column": 8 }, "end": { "line": 12, "column": 89 } },
      "7": { "start": { "line": 15, "column": 8 }, "end": { "line": 18, "column": 59 } },
      "8": { "start": { "line": 17, "column": 32 }, "end": { "line": 17, "column": 51 } },
      "9": { "start": { "line": 21, "column": 0 }, "end": { "line": 135, "column": 2 } }
    },
    "fnMap": {
      "0": {
        "name": "(anonymous_0)",
        "decl": { "start": { "line": 4, "column": 19 }, "end": { "line": 4, "column": 20 } },
        "loc": { "start": { "line": 4, "column": 37 }, "end": { "line": 6, "column": 5 } },
        "line": 4
      },
      "1": {
        "name": "(anonymous_1)",
        "decl": { "start": { "line": 7, "column": 19 }, "end": { "line": 7, "column": 20 } },
        "loc": { "start": { "line": 7, "column": 37 }, "end": { "line": 10, "column": 5 } },
        "line": 7
      },
      "2": {
        "name": "(anonymous_2)",
        "decl": { "start": { "line": 9, "column": 128 }, "end": { "line": 9, "column": 129 } },
        "loc": { "start": { "line": 9, "column": 140 }, "end": { "line": 9, "column": 155 } },
        "line": 9
      },
      "3": {
        "name": "(anonymous_3)",
        "decl": { "start": { "line": 11, "column": 19 }, "end": { "line": 11, "column": 20 } },
        "loc": { "start": { "line": 11, "column": 37 }, "end": { "line": 13, "column": 5 } },
        "line": 11
      },
      "4": {
        "name": "(anonymous_4)",
        "decl": { "start": { "line": 14, "column": 19 }, "end": { "line": 14, "column": 20 } },
        "loc": { "start": { "line": 14, "column": 37 }, "end": { "line": 19, "column": 5 } },
        "line": 14
      },
      "5": {
        "name": "(anonymous_5)",
        "decl": { "start": { "line": 17, "column": 17 }, "end": { "line": 17, "column": 18 } },
        "loc": { "start": { "line": 17, "column": 30 }, "end": { "line": 17, "column": 53 } },
        "line": 17
      }
    },
    "branchMap": {
      "0": {
        "loc": { "start": { "line": 5, "column": 28 }, "end": { "line": 5, "column": 52 } },
        "type": "binary-expr",
        "locations": [
          { "start": { "line": 5, "column": 28 }, "end": { "line": 5, "column": 45 } },
          { "start": { "line": 5, "column": 49 }, "end": { "line": 5, "column": 52 } }
        ],
        "line": 5
      }
    },
    "s": { "0": 1, "1": 1, "2": 4, "3": 5, "4": 5, "5": 23, "6": 2, "7": 3, "8": 10, "9": 1 },
    "f": { "0": 4, "1": 5, "2": 23, "3": 2, "4": 3, "5": 10 },
    "b": { "0": [4, 4] },
    "inputSourceMap": {
      "version": 3,
      "file": "F:\\课程\\软件开发实践\\AchieveIt\\server\\src\\api\\sqlMap.ts",
      "sources": ["F:\\课程\\软件开发实践\\AchieveIt\\server\\src\\api\\sqlMap.ts"],
      "names": [],
      "mappings": ";;AA0BA,IAAM,OAAO,GAAG;IACd,aAAa,EAAE,UAAC,MAAoB;QAClC,OAAO,aAAU,MAAM,CAAC,UAAU,IAAI,GAAG,eAAS,MAAM,CAAC,UAAU,eAAU,MAAM,CAAC,QAAQ,SAAM,CAAC;IACrG,CAAC;IACD,aAAa,EAAE,UAAC,MAAoB;QAClC,IAAM,SAAS,GAAG,MAAM,CAAC,UAAU,CAAC,KAAK,CAAC,GAAG,CAAC,CAAC,MAAM,CAAC;QAEtD,OAAO,iBAAe,MAAM,CAAC,UAAU,UAAK,MAAM,CAAC,UAAU,kBAAa,KAAK,CAAC,IAAI,CAClF,EAAE,MAAM,EAAE,SAAS,EAAE,EACrB,cAAM,OAAA,GAAG,EAAH,CAAG,CACV,CAAC,IAAI,EAAE,MAAG,CAAC;IACd,CAAC;IACD,aAAa,EAAE,UAAC,MAAoB;QAClC,OAAO,iBAAe,MAAM,CAAC,UAAU,eAAU,MAAM,CAAC,QAAQ,SAAM,CAAC;IACzE,CAAC;IACD,aAAa,EAAE,UAAC,MAAoB;QAClC,OAAO,YAAU,MAAM,CAAC,UAAU,aAAQ,MAAM,CAAC,UAAU;aACxD,KAAK,CAAC,GAAG,CAAC;aACV,GAAG,CAAC,UAAA,CAAC,IAAI,OAAA,CAAC,CAAC,IAAI,IAAI,CAAC,EAAX,CAAW,CAAC;aACrB,IAAI,EAAE,eAAU,MAAM,CAAC,QAAQ,SAAM,CAAC;IAC3C,CAAC;CACF,CAAC;AAEF,kBAAe;IACb,IAAI,EAAE;QACJ,SAAS,EAAE,6IAA6I;QACxJ,UAAU,EAAE,mEAAmE;QAC/E,UAAU,EAAE,sCAAsC;KACnD;IACD,MAAM,EAAE;QACN,aAAa,EAAE,OAAO,CAAC,aAAa,CAAC;YACnC,UAAU,EAAE,QAAQ;YACpB,QAAQ,EAAE,WAAW;SACtB,CAAC;QACF,8IAA8I;QAC9I,gBAAgB,EAAE,OAAO,CAAC,aAAa,CAAC;YACtC,UAAU,EAAE,QAAQ;YACpB,UAAU,EAAE,0DAA0D;YACtE,QAAQ,EAAE,WAAW;SACtB,CAAC;QACF,YAAY,EAAE,OAAO,CAAC,aAAa,CAAC;YAClC,UAAU,EAAE,QAAQ;YACpB,UAAU,EAAE,0DAA0D;SACvE,CAAC;QACF,gBAAgB,EAAE,OAAO,CAAC,aAAa,CAAC;YACtC,UAAU,EAAE,QAAQ;YACpB,QAAQ,EAAE,WAAW;SACtB,CAAC;QACF,aAAa,EAAE,qEAAqE;QACpF,gBAAgB,EAAE,0FAA0F;QAC5G,kBAAkB,EAAE,OAAO,CAAC,aAAa,CAAC;YACxC,UAAU,EAAE,gBAAgB;YAC5B,UAAU,EAAE,wCAAwC;SACrD,CAAC;KACH;IACD,QAAQ,EAAE;QACR,sBAAsB,EAAE,OAAO,CAAC,aAAa,CAAC,EAAE,UAAU,EAAE,UAAU,EAAE,QAAQ,EAAE,aAAa,EAAE,CAAC;QAClG,cAAc,EAAE,OAAO,CAAC,aAAa,CAAC,EAAE,UAAU,EAAE,UAAU,EAAE,UAAU,EAAE,kCAAkC,EAAE,CAAC;QACjH,mBAAmB,EAAE,qFAAqF;KAC3G;IAED,OAAO,EAAE;QACP,cAAc,EAAE,4CAA4C;QAC5D,iBAAiB,EAAE,0CAA0C;QAC7D,aAAa,EACX,kLAAkL;QACpL,iBAAiB,EAAE,mMACmC;QACtD,mBAAmB,EAAE,OAAO,CAAC,aAAa,CAAC;YACzC,UAAU,EAAE,SAAS;YACrB,UAAU,EAAE,QAAQ;YACpB,QAAQ,EAAE,YAAY;SACvB,CAAC;QACF,cAAc,EAAE,uBAAuB;KACxC;IACD;;OAEG;IACH,MAAM,EAAE;QACN,aAAa,EAAE,0CAA0C;QACzD,gBAAgB,EAAE,0EAA0E;QAC5F,YAAY,EAAE,+DAA+D;QAC7E,gBAAgB,EAAE,wCAAwC;QAC1D,oBAAoB,EAAE,6JAA6J;QACnL,qBAAqB,EAAE,wCAAwC;KAChE;IACD;;OAEG;IACH,QAAQ,EAAE;QACR,eAAe,EAAE,8CAA8C;QAC/D,kBAAkB,EAAE,4CAA4C;QAChE,kBAAkB,EAAE,mFAAmF;QACvG,cAAc,EAAE,sEAAsE;KACvF;IACD;;OAEG;IACH,IAAI,EAAE;QACJ,WAAW,EAAE,sCAAsC;QACnD,UAAU,EAAE,sEAAsE;QAClF,cAAc,EAAE,gEAAgE;QAChF,cAAc,EAAE,oCAAoC;QACpD,kBAAkB,EAAE,yCAAyC;KAC9D;IACD;;OAEG;IACH,MAAM,EAAE;QACN,oBAAoB,EAAE,OAAO,CAAC,aAAa,CAAC;YAC1C,UAAU,EAAE,QAAQ;YACpB,QAAQ,EAAE,YAAY;SACvB,CAAC;QACF,YAAY,EAAE,OAAO,CAAC,aAAa,CAAC;YAClC,UAAU,EAAE,QAAQ;YACpB,UAAU,EAAE,gDAAgD;SAC7D,CAAC;QACF,uBAAuB,EAAE,OAAO,CAAC,aAAa,CAAC;YAC7C,UAAU,EAAE,QAAQ;YACpB,UAAU,EAAE,oCAAoC;YAChD,QAAQ,EAAE,YAAY;SACvB,CAAC;QACF,uBAAuB,EAAE,OAAO,CAAC,aAAa,CAAC;YAC7C,UAAU,EAAE,QAAQ;YACpB,QAAQ,EAAE,YAAY;SACvB,CAAC;KACH;IACD;;OAEG;IACH,QAAQ,EAAE;QACR,qBAAqB,EAAE,OAAO,CAAC,aAAa,CAAC;YAC3C,UAAU,EAAE,WAAW;YACvB,QAAQ,EAAE,WAAW;SACtB,CAAC;QACF,cAAc,EAAE,OAAO,CAAC,aAAa,CAAC;YACpC,UAAU,EAAE,WAAW;YACvB,UAAU,EAAE,4EAA4E;SACzF,CAAC;KACH;CACF,CAAC",
      "sourcesContent": [
        "/**\r\n * @author: zou\r\n * @description: sql语句字符串模板\r\n */\r\ninterface SelectOption {\r\n  select_col?: string;\r\n  table_name: string;\r\n  key_name: string;\r\n}\r\n\r\ninterface InsertOption {\r\n  table_name: string;\r\n  select_col: string;\r\n}\r\n\r\ninterface DeleteOption {\r\n  table_name: string;\r\n  key_name: string;\r\n}\r\n\r\ninterface UpdateOption {\r\n  table_name: string;\r\n  key_name: string;\r\n  select_col: string;\r\n}\r\n\r\nconst pattern = {\r\n  selectPattern: (option: SelectOption) => {\r\n    return `select ${option.select_col || '*'} from ${option.table_name} where ${option.key_name} = ?`;\r\n  },\r\n  insertPattern: (option: InsertOption) => {\r\n    const col_count = option.select_col.split(',').length;\r\n    \r\n    return `insert into ${option.table_name} (${option.select_col}) values (${Array.from(\r\n      { length: col_count },\r\n      () => '?'\r\n    ).join()})`;\r\n  },\r\n  deletePattern: (option: DeleteOption) => {\r\n    return `delete from ${option.table_name} where ${option.key_name} = ?`;\r\n  },\r\n  updatePattern: (option: UpdateOption) => {\r\n    return `update ${option.table_name} set ${option.select_col\r\n      .split(',')\r\n      .map(x => (x += '=?'))\r\n      .join()} where ${option.key_name} = ?`;\r\n  }\r\n};\r\n\r\nexport default {\r\n  user: {\r\n    checkUser: 'select a.username, a.member_id, b.job from user a inner join member b on a.member_id = b.member_id  where a.username = ? and a.password = ?',\r\n    insertUser: 'insert into user (username, password, member_id) values (?, ?, ?)',\r\n    deleteUser: 'delete from user where member_id = ?'\r\n  },\r\n  member: {\r\n    getMemberById: pattern.selectPattern({\r\n      table_name: 'member',\r\n      key_name: 'member_id'\r\n    }),\r\n    // updateMemberById: \"update member set member_name = ?, email = ?, department = ?, leader_email = ?, phone = ?, job = ? where member_id = ?\",\r\n    updateMemberById: pattern.updatePattern({\r\n      table_name: 'member',\r\n      select_col: 'member_name, email, department, leader_email, phone, job',\r\n      key_name: 'member_id'\r\n    }),\r\n    insertMember: pattern.insertPattern({\r\n      table_name: 'member',\r\n      select_col: 'member_name, email, department, leader_email, phone, job'\r\n    }),\r\n    deleteMemberById: pattern.deletePattern({\r\n      table_name: 'member',\r\n      key_name: 'member_id'\r\n    }),\r\n    getMemberRole: \"select * from member_project where project_id = ? and member_id = ?\",\r\n    changeMemberRole: \"update member_project set role = ?, authority = ? where project_id = ? and member_id = ?\",\r\n    addMemberToProject: pattern.insertPattern({\r\n      table_name: 'member_project',\r\n      select_col: \"project_id, member_id, role, authority\"\r\n    })\r\n  },\r\n  function: {\r\n    getFunctionByProjectId: pattern.selectPattern({ table_name: 'function', key_name: 'function_id' }),\r\n    insertFunction: pattern.insertPattern({ table_name: 'function', select_col: 'function_name, project_id, layer' }),\r\n    setFunctionRelation: 'insert into function_function (first_function_id, second_function_id) values (?, ?)'\r\n  },\r\n\r\n  project: {\r\n    getProjectById: 'select * from project where project_id = ?',\r\n    deleteProjectById: 'delete from project where project_id = ?',\r\n    insertProject:\r\n      'insert into project (project_id, project_name, client_info, start_time, end_time, manager, important_events, technology, business, status) values (?, ?, ?, ?, ?, ?, ?, ?, ?, ?)',\r\n    updateProjectById: `update project set project_name = ?, client_info = ?, start_time = ?, end_time = ?, manager = ?, important_events = ?, technology = ?,\r\n            business = ?, status = ? where project_id = ?`,\r\n    updateProjectStatus: pattern.updatePattern({\r\n      table_name: 'project',\r\n      select_col: 'status',\r\n      key_name: 'project_id'\r\n    }),\r\n    getAllProjects: 'select * from project',\r\n  },\r\n  /**\r\n   * @author: zou\r\n   */\r\n  device: {\r\n    getDeviceById: 'select * from device where device_id = ?',\r\n    updateDeviceById: 'update device set device_name = ?, device_status = ? where device_id = ?',\r\n    insertDevice: 'insert into device (device_name, device_status) values (?, ?)',\r\n    deleteDeviceById: 'delete from device where device_id = ?',\r\n    getProjectDeviceList: 'SELECT a.device_id, a.member_id, a.return_time, b.device_name FROM project_device a inner join device b on a.device_id = b.device_id where a.project_id = ?',\r\n    applyDeviceForProject: 'call applyDeviceForProject(?, ?, ?, ?)'\r\n  },\r\n  /**\r\n   * @author: zou\r\n   */\r\n  activity: {\r\n    getActivityById: 'select * from activity where activity_id = ?',\r\n    deleteActivityById: 'delete from activity where activity_id = ?',\r\n    updateActivityById: 'update activity set activity_name = ?, activity_content = ? where activity_id = ?',\r\n    insertActivity: 'insert into activity (activity_name, activity_content) values (?, ?)'\r\n  },\r\n  /**\r\n   * @author: zou\r\n   */\r\n  risk: {\r\n    getRiskById: 'select * from risk where risk_id = ?',\r\n    insertRisk: 'insert into risk (detail, project_id, solve_status) values (?, ?, ?)',\r\n    updateRiskById: 'update risk set detail = ?, solve_status = ? where risk_id = ?',\r\n    deleteRiskById: 'delete from risk where risk_id = ?',\r\n    getProjectRiskList: 'select * from risk where project_id = ?'\r\n  },\r\n  /**\r\n   * @author: zou\r\n   */\r\n  config: {\r\n    getConfigByProjectId: pattern.selectPattern({\r\n      table_name: \"config\",\r\n      key_name: \"project_id\"\r\n    }),\r\n    insertConfig: pattern.insertPattern({\r\n      table_name: \"config\",\r\n      select_col: \"git_address, server_menu, vm_space, project_id\"\r\n    }),\r\n    updateConfigByProjectId: pattern.updatePattern({\r\n      table_name: \"config\",\r\n      select_col: \"git_address, server_menu, vm_space\",\r\n      key_name: \"project_id\"\r\n    }),\r\n    deleteConfigByProjectId: pattern.deletePattern({\r\n      table_name: \"config\",\r\n      key_name: \"project_id\"\r\n    })\r\n  },\r\n  /**\r\n   * @author: zou\r\n   */\r\n  workTime: {\r\n    getMemberWorkTimeList: pattern.selectPattern({\r\n      table_name: 'work_time',\r\n      key_name: 'member_id'\r\n    }),\r\n    insertWorkTime: pattern.insertPattern({\r\n      table_name: 'work_time',\r\n      select_col: 'member_id, function_id, activity_content, project_id, start_time, end_time'\r\n    })\r\n  }\r\n};\r\n"
      ]
    },
    "_coverageSchema": "1a1c01bbd47fc00a2c39e90264f33305004495a9",
    "hash": "91963461656608e3f3e44d3e672da068800ea418",
    "contentHash": "caa94f9f16ea2feafb0f6351abb1cc99bca07119fb9056541a3b4fd0afeb7e4b"
  },
  "F:\\课程\\软件开发实践\\AchieveIt\\server\\src\\util.ts": {
    "path": "F:\\课程\\软件开发实践\\AchieveIt\\server\\src\\util.ts",
    "statementMap": {
      "0": { "start": { "line": 2, "column": 22 }, "end": { "line": 4, "column": 1 } },
      "1": { "start": { "line": 3, "column": 4 }, "end": { "line": 3, "column": 62 } },
      "2": { "start": { "line": 5, "column": 0 }, "end": { "line": 5, "column": 62 } },
      "3": { "start": { "line": 6, "column": 15 }, "end": { "line": 6, "column": 51 } },
      "4": { "start": { "line": 7, "column": 0 }, "end": { "line": 12, "column": 2 } },
      "5": { "start": { "line": 8, "column": 4 }, "end": { "line": 11, "column": 7 } },
      "6": { "start": { "line": 13, "column": 0 }, "end": { "line": 18, "column": 2 } },
      "7": { "start": { "line": 14, "column": 4 }, "end": { "line": 17, "column": 7 } },
      "8": { "start": { "line": 19, "column": 0 }, "end": { "line": 25, "column": 2 } },
      "9": { "start": { "line": 20, "column": 4 }, "end": { "line": 20, "column": 44 } },
      "10": { "start": { "line": 20, "column": 26 }, "end": { "line": 20, "column": 42 } },
      "11": { "start": { "line": 21, "column": 4 }, "end": { "line": 24, "column": 7 } },
      "12": { "start": { "line": 26, "column": 0 }, "end": { "line": 33, "column": 2 } },
      "13": { "start": { "line": 27, "column": 4 }, "end": { "line": 32, "column": 5 } },
      "14": { "start": { "line": 28, "column": 8 }, "end": { "line": 28, "column": 44 } },
      "15": { "start": { "line": 31, "column": 8 }, "end": { "line": 31, "column": 54 } },
      "16": { "start": { "line": 34, "column": 0 }, "end": { "line": 41, "column": 2 } },
      "17": { "start": { "line": 35, "column": 4 }, "end": { "line": 40, "column": 5 } },
      "18": { "start": { "line": 36, "column": 8 }, "end": { "line": 36, "column": 44 } },
      "19": { "start": { "line": 39, "column": 8 }, "end": { "line": 39, "column": 54 } },
      "20": { "start": { "line": 42, "column": 0 }, "end": { "line": 49, "column": 2 } },
      "21": { "start": { "line": 43, "column": 4 }, "end": { "line": 48, "column": 5 } },
      "22": { "start": { "line": 44, "column": 8 }, "end": { "line": 44, "column": 44 } },
      "23": { "start": { "line": 47, "column": 8 }, "end": { "line": 47, "column": 54 } }
    },
    "fnMap": {
      "0": {
        "name": "(anonymous_0)",
        "decl": { "start": { "line": 2, "column": 56 }, "end": { "line": 2, "column": 57 } },
        "loc": { "start": { "line": 2, "column": 71 }, "end": { "line": 4, "column": 1 } },
        "line": 2
      },
      "1": {
        "name": "(anonymous_1)",
        "decl": { "start": { "line": 7, "column": 28 }, "end": { "line": 7, "column": 29 } },
        "loc": { "start": { "line": 7, "column": 48 }, "end": { "line": 12, "column": 1 } },
        "line": 7
      },
      "2": {
        "name": "(anonymous_2)",
        "decl": { "start": { "line": 13, "column": 31 }, "end": { "line": 13, "column": 32 } },
        "loc": { "start": { "line": 13, "column": 46 }, "end": { "line": 18, "column": 1 } },
        "line": 13
      },
      "3": {
        "name": "(anonymous_3)",
        "decl": { "start": { "line": 19, "column": 25 }, "end": { "line": 19, "column": 26 } },
        "loc": { "start": { "line": 19, "column": 45 }, "end": { "line": 25, "column": 1 } },
        "line": 19
      },
      "4": {
        "name": "(anonymous_4)",
        "decl": { "start": { "line": 26, "column": 30 }, "end": { "line": 26, "column": 31 } },
        "loc": { "start": { "line": 26, "column": 50 }, "end": { "line": 33, "column": 1 } },
        "line": 26
      },
      "5": {
        "name": "(anonymous_5)",
        "decl": { "start": { "line": 34, "column": 30 }, "end": { "line": 34, "column": 31 } },
        "loc": { "start": { "line": 34, "column": 50 }, "end": { "line": 41, "column": 1 } },
        "line": 34
      },
      "6": {
        "name": "(anonymous_6)",
        "decl": { "start": { "line": 42, "column": 30 }, "end": { "line": 42, "column": 31 } },
        "loc": { "start": { "line": 42, "column": 50 }, "end": { "line": 49, "column": 1 } },
        "line": 42
      }
    },
    "branchMap": {
      "0": {
        "loc": { "start": { "line": 2, "column": 22 }, "end": { "line": 4, "column": 1 } },
        "type": "binary-expr",
        "locations": [
          { "start": { "line": 2, "column": 23 }, "end": { "line": 2, "column": 27 } },
          { "start": { "line": 2, "column": 31 }, "end": { "line": 2, "column": 51 } },
          { "start": { "line": 2, "column": 56 }, "end": { "line": 4, "column": 1 } }
        ],
        "line": 2
      },
      "1": {
        "loc": { "start": { "line": 3, "column": 11 }, "end": { "line": 3, "column": 61 } },
        "type": "cond-expr",
        "locations": [
          { "start": { "line": 3, "column": 37 }, "end": { "line": 3, "column": 40 } },
          { "start": { "line": 3, "column": 43 }, "end": { "line": 3, "column": 61 } }
        ],
        "line": 3
      },
      "2": {
        "loc": { "start": { "line": 3, "column": 12 }, "end": { "line": 3, "column": 33 } },
        "type": "binary-expr",
        "locations": [
          { "start": { "line": 3, "column": 12 }, "end": { "line": 3, "column": 15 } },
          { "start": { "line": 3, "column": 19 }, "end": { "line": 3, "column": 33 } }
        ],
        "line": 3
      },
      "3": {
        "loc": { "start": { "line": 20, "column": 4 }, "end": { "line": 20, "column": 44 } },
        "type": "if",
        "locations": [
          { "start": { "line": 20, "column": 4 }, "end": { "line": 20, "column": 44 } },
          { "start": { "line": 20, "column": 4 }, "end": { "line": 20, "column": 44 } }
        ],
        "line": 20
      },
      "4": {
        "loc": { "start": { "line": 27, "column": 4 }, "end": { "line": 32, "column": 5 } },
        "type": "if",
        "locations": [
          { "start": { "line": 27, "column": 4 }, "end": { "line": 32, "column": 5 } },
          { "start": { "line": 27, "column": 4 }, "end": { "line": 32, "column": 5 } }
        ],
        "line": 27
      },
      "5": {
        "loc": { "start": { "line": 35, "column": 4 }, "end": { "line": 40, "column": 5 } },
        "type": "if",
        "locations": [
          { "start": { "line": 35, "column": 4 }, "end": { "line": 40, "column": 5 } },
          { "start": { "line": 35, "column": 4 }, "end": { "line": 40, "column": 5 } }
        ],
        "line": 35
      },
      "6": {
        "loc": { "start": { "line": 43, "column": 4 }, "end": { "line": 48, "column": 5 } },
        "type": "if",
        "locations": [
          { "start": { "line": 43, "column": 4 }, "end": { "line": 48, "column": 5 } },
          { "start": { "line": 43, "column": 4 }, "end": { "line": 48, "column": 5 } }
        ],
        "line": 43
      }
    },
    "s": {
      "0": 1,
      "1": 1,
      "2": 1,
      "3": 1,
      "4": 1,
      "5": 0,
      "6": 1,
      "7": 9,
      "8": 1,
      "9": 2,
      "10": 0,
      "11": 2,
      "12": 1,
      "13": 1,
      "14": 0,
      "15": 1,
      "16": 1,
      "17": 1,
      "18": 0,
      "19": 1,
      "20": 1,
      "21": 0,
      "22": 0,
      "23": 0
    },
    "f": { "0": 1, "1": 0, "2": 9, "3": 2, "4": 1, "5": 1, "6": 0 },
    "b": { "0": [1, 1, 1], "1": [1, 0], "2": [1, 1], "3": [0, 2], "4": [0, 1], "5": [0, 1], "6": [0, 0] },
    "inputSourceMap": {
      "version": 3,
      "file": "F:\\课程\\软件开发实践\\AchieveIt\\server\\src\\util.ts",
      "sources": ["F:\\课程\\软件开发实践\\AchieveIt\\server\\src\\util.ts"],
      "names": [],
      "mappings": ";;;;;AAEA,oDAA8B;AAEjB,QAAA,iBAAiB,GAAG,UAAC,GAA2B,EAAE,GAAG;IAChE,GAAG,CAAC,IAAI,CAAC;QACP,MAAM,EAAE,gBAAM,CAAC,MAAM,CAAC,KAAK;QAC3B,GAAG,EAAE,UAAU,GAAG,GAAG;KACtB,CAAC,CAAC;AACL,CAAC,CAAC;AAEW,QAAA,oBAAoB,GAAG,UAAC,GAA2B;IAC9D,GAAG,CAAC,IAAI,CAAC;QACP,MAAM,EAAE,gBAAM,CAAC,MAAM,CAAC,KAAK;QAC3B,GAAG,EAAE,WAAW;KACjB,CAAC,CAAC;AACL,CAAC,CAAC;AAEW,QAAA,cAAc,GAAG,UAAC,GAA2B,EAAE,GAAe;IAAf,oBAAA,EAAA,eAAe;IACzE,GAAG,CAAC,IAAI,CAAC;QACP,MAAM,EAAE,gBAAM,CAAC,MAAM,CAAC,OAAO;QAC7B,GAAG,EAAE,GAAG;KACT,CAAC,CAAC;AACL,CAAC,CAAC;AAEW,QAAA,mBAAmB,GAAG,UAAC,GAA2B,EAAE,GAAG;IAClE,IAAI,GAAG,EAAE;QACP,yBAAiB,CAAC,GAAG,EAAE,GAAG,CAAC,CAAC;KAC7B;SAAM;QACL,sBAAc,CAAC,GAAG,EAAE,gBAAgB,CAAC,CAAC;KACvC;AACH,CAAC,CAAC;AAEW,QAAA,mBAAmB,GAAG,UAAC,GAA2B,EAAE,GAAG;IAClE,IAAI,GAAG,EAAE;QACP,yBAAiB,CAAC,GAAG,EAAE,GAAG,CAAC,CAAC;KAC7B;SAAM;QACL,sBAAc,CAAC,GAAG,EAAE,gBAAgB,CAAC,CAAC;KACvC;AACH,CAAC,CAAC;AAEW,QAAA,mBAAmB,GAAG,UAAC,GAA2B,EAAE,GAAG;IAClE,IAAI,GAAG,EAAE;QACP,yBAAiB,CAAC,GAAG,EAAE,GAAG,CAAC,CAAC;KAC7B;SAAM;QACL,sBAAc,CAAC,GAAG,EAAE,gBAAgB,CAAC,CAAC;KACvC;AACH,CAAC,CAAC",
      "sourcesContent": [
        "import { ResultCommon } from 'achieve-it-contract';\r\nimport { Response } from 'express';\r\nimport config from './config';\r\n\r\nexport const mysqlErrorHandler = (res: Response<ResultCommon>, err) => {\r\n  res.json({\r\n    status: config.status.ERROR,\r\n    msg: '[mysql] ' + err\r\n  });\r\n};\r\n\r\nexport const notFoundErrorHandler = (res: Response<ResultCommon>) => {\r\n  res.json({\r\n    status: config.status.ERROR,\r\n    msg: 'not found'\r\n  });\r\n};\r\n\r\nexport const successHandler = (res: Response<ResultCommon>, msg = 'success') => {\r\n  res.json({\r\n    status: config.status.SUCCESS,\r\n    msg: msg\r\n  });\r\n};\r\n\r\nexport const commomInsertHandler = (res: Response<ResultCommon>, err) => {\r\n  if (err) {\r\n    mysqlErrorHandler(res, err);\r\n  } else {\r\n    successHandler(res, 'insert success');\r\n  }\r\n};\r\n\r\nexport const commomUpdateHandler = (res: Response<ResultCommon>, err) => {\r\n  if (err) {\r\n    mysqlErrorHandler(res, err);\r\n  } else {\r\n    successHandler(res, 'update success');\r\n  }\r\n};\r\n\r\nexport const commonDeleteHandler = (res: Response<ResultCommon>, err) => {\r\n  if (err) {\r\n    mysqlErrorHandler(res, err);\r\n  } else {\r\n    successHandler(res, 'delete success');\r\n  }\r\n};\r\n"
      ]
    },
    "_coverageSchema": "1a1c01bbd47fc00a2c39e90264f33305004495a9",
    "hash": "0874fca15f9d4c7fc815b7c7a999e5ceb888a697",
    "contentHash": "f585942c589787b4ebb8b587f1bddb3ce1cf84f59ef766d7ef81f7e67de1de98"
  },
  "F:\\课程\\软件开发实践\\AchieveIt\\server\\src\\mysqlPool.ts": {
    "path": "F:\\课程\\软件开发实践\\AchieveIt\\server\\src\\mysqlPool.ts",
    "statementMap": {
      "0": { "start": { "line": 2, "column": 22 }, "end": { "line": 4, "column": 1 } },
      "1": { "start": { "line": 3, "column": 4 }, "end": { "line": 3, "column": 62 } },
      "2": { "start": { "line": 5, "column": 0 }, "end": { "line": 5, "column": 62 } },
      "3": { "start": { "line": 6, "column": 14 }, "end": { "line": 6, "column": 47 } },
      "4": { "start": { "line": 7, "column": 15 }, "end": { "line": 7, "column": 51 } },
      "5": { "start": { "line": 8, "column": 11 }, "end": { "line": 8, "column": 65 } },
      "6": { "start": { "line": 9, "column": 0 }, "end": { "line": 21, "column": 2 } },
      "7": { "start": { "line": 11, "column": 8 }, "end": { "line": 19, "column": 11 } },
      "8": { "start": { "line": 12, "column": 12 }, "end": { "line": 14, "column": 13 } },
      "9": { "start": { "line": 13, "column": 16 }, "end": { "line": 13, "column": 26 } },
      "10": { "start": { "line": 15, "column": 12 }, "end": { "line": 18, "column": 15 } },
      "11": { "start": { "line": 16, "column": 16 }, "end": { "line": 16, "column": 38 } },
      "12": { "start": { "line": 17, "column": 16 }, "end": { "line": 17, "column": 31 } }
    },
    "fnMap": {
      "0": {
        "name": "(anonymous_0)",
        "decl": { "start": { "line": 2, "column": 56 }, "end": { "line": 2, "column": 57 } },
        "loc": { "start": { "line": 2, "column": 71 }, "end": { "line": 4, "column": 1 } },
        "line": 2
      },
      "1": {
        "name": "(anonymous_1)",
        "decl": { "start": { "line": 10, "column": 11 }, "end": { "line": 10, "column": 12 } },
        "loc": { "start": { "line": 10, "column": 44 }, "end": { "line": 20, "column": 5 } },
        "line": 10
      },
      "2": {
        "name": "(anonymous_2)",
        "decl": { "start": { "line": 11, "column": 27 }, "end": { "line": 11, "column": 28 } },
        "loc": { "start": { "line": 11, "column": 48 }, "end": { "line": 19, "column": 9 } },
        "line": 11
      },
      "3": {
        "name": "(anonymous_3)",
        "decl": { "start": { "line": 15, "column": 36 }, "end": { "line": 15, "column": 37 } },
        "loc": { "start": { "line": 15, "column": 59 }, "end": { "line": 18, "column": 13 } },
        "line": 15
      }
    },
    "branchMap": {
      "0": {
        "loc": { "start": { "line": 2, "column": 22 }, "end": { "line": 4, "column": 1 } },
        "type": "binary-expr",
        "locations": [
          { "start": { "line": 2, "column": 23 }, "end": { "line": 2, "column": 27 } },
          { "start": { "line": 2, "column": 31 }, "end": { "line": 2, "column": 51 } },
          { "start": { "line": 2, "column": 56 }, "end": { "line": 4, "column": 1 } }
        ],
        "line": 2
      },
      "1": {
        "loc": { "start": { "line": 3, "column": 11 }, "end": { "line": 3, "column": 61 } },
        "type": "cond-expr",
        "locations": [
          { "start": { "line": 3, "column": 37 }, "end": { "line": 3, "column": 40 } },
          { "start": { "line": 3, "column": 43 }, "end": { "line": 3, "column": 61 } }
        ],
        "line": 3
      },
      "2": {
        "loc": { "start": { "line": 3, "column": 12 }, "end": { "line": 3, "column": 33 } },
        "type": "binary-expr",
        "locations": [
          { "start": { "line": 3, "column": 12 }, "end": { "line": 3, "column": 15 } },
          { "start": { "line": 3, "column": 19 }, "end": { "line": 3, "column": 33 } }
        ],
        "line": 3
      },
      "3": {
        "loc": { "start": { "line": 12, "column": 12 }, "end": { "line": 14, "column": 13 } },
        "type": "if",
        "locations": [
          { "start": { "line": 12, "column": 12 }, "end": { "line": 14, "column": 13 } },
          { "start": { "line": 12, "column": 12 }, "end": { "line": 14, "column": 13 } }
        ],
        "line": 12
      }
    },
    "s": {
      "0": 1,
      "1": 2,
      "2": 1,
      "3": 1,
      "4": 1,
      "5": 1,
      "6": 1,
      "7": 21,
      "8": 21,
      "9": 0,
      "10": 21,
      "11": 21,
      "12": 21
    },
    "f": { "0": 2, "1": 21, "2": 21, "3": 21 },
    "b": { "0": [1, 1, 1], "1": [1, 1], "2": [2, 2], "3": [0, 21] },
    "inputSourceMap": {
      "version": 3,
      "file": "F:\\课程\\软件开发实践\\AchieveIt\\server\\src\\mysqlPool.ts",
      "sources": ["F:\\课程\\软件开发实践\\AchieveIt\\server\\src\\mysqlPool.ts"],
      "names": [],
      "mappings": ";;;;;AAAA,gDAA0B;AAC1B,oDAA8B;AAE9B,IAAM,IAAI,GAAG,eAAK,CAAC,UAAU,CAAC,gBAAM,CAAC,SAAS,CAAC,CAAC;AAEnC,QAAA,IAAI,GAAG;IAClB,KAAK,EAAE,UAAC,GAAG,EAAE,MAAM,EAAE,QAAQ;QAC3B,IAAI,CAAC,aAAa,CAAC,UAAC,GAAG,EAAE,IAAI;YAC3B,IAAI,GAAG,EAAE;gBACP,MAAM,GAAG,CAAC;aACX;YACD,IAAI,CAAC,KAAK,CAAC,GAAG,EAAE,MAAM,EAAE,UAAC,GAAG,EAAE,MAAM;gBAClC,QAAQ,CAAC,GAAG,EAAE,MAAM,CAAC,CAAC;gBACtB,IAAI,CAAC,OAAO,EAAE,CAAC;YACjB,CAAC,CAAC,CAAC;QACL,CAAC,CAAC,CAAC;IACL,CAAC;CACF,CAAC",
      "sourcesContent": [
        "import mysql from 'mysql';\r\nimport config from './config';\r\n\r\nconst pool = mysql.createPool(config.mysqlPool);\r\n\r\nexport const conn = {\r\n  query: (sql, values, callback) => {\r\n    pool.getConnection((err, conn) => {\r\n      if (err) {\r\n        throw err;\r\n      }\r\n      conn.query(sql, values, (err, result) => {\r\n        callback(err, result);\r\n        conn.release();\r\n      });\r\n    });\r\n  }\r\n};\r\n"
      ]
    },
    "_coverageSchema": "1a1c01bbd47fc00a2c39e90264f33305004495a9",
    "hash": "14946e957b75808ed2fee0da597bd97fa0014a81",
    "contentHash": "df3e2447fcab95672e13eba00598c9fe6d40fa390ac25b8c22034319232f38b8"
  },
  "F:\\课程\\软件开发实践\\AchieveIt\\server\\src\\api\\demoApi.ts": {
    "path": "F:\\课程\\软件开发实践\\AchieveIt\\server\\src\\api\\demoApi.ts",
    "statementMap": {
      "0": { "start": { "line": 2, "column": 22 }, "end": { "line": 4, "column": 1 } },
      "1": { "start": { "line": 3, "column": 4 }, "end": { "line": 3, "column": 62 } },
      "2": { "start": { "line": 5, "column": 0 }, "end": { "line": 5, "column": 62 } },
      "3": { "start": { "line": 6, "column": 16 }, "end": { "line": 6, "column": 51 } },
      "4": { "start": { "line": 7, "column": 15 }, "end": { "line": 7, "column": 52 } },
      "5": { "start": { "line": 8, "column": 14 }, "end": { "line": 8, "column": 50 } },
      "6": { "start": { "line": 9, "column": 13 }, "end": { "line": 9, "column": 39 } },
      "7": { "start": { "line": 11, "column": 0 }, "end": { "line": 31, "column": 3 } },
      "8": { "start": { "line": 12, "column": 4 }, "end": { "line": 30, "column": 7 } },
      "9": { "start": { "line": 18, "column": 8 }, "end": { "line": 29, "column": 9 } },
      "10": { "start": { "line": 19, "column": 12 }, "end": { "line": 22, "column": 15 } },
      "11": { "start": { "line": 25, "column": 12 }, "end": { "line": 28, "column": 15 } },
      "12": { "start": { "line": 33, "column": 0 }, "end": { "line": 39, "column": 3 } },
      "13": { "start": { "line": 34, "column": 4 }, "end": { "line": 38, "column": 7 } },
      "14": { "start": { "line": 41, "column": 0 }, "end": { "line": 46, "column": 3 } },
      "15": { "start": { "line": 42, "column": 20 }, "end": { "line": 42, "column": 40 } },
      "16": { "start": { "line": 43, "column": 4 }, "end": { "line": 45, "column": 7 } },
      "17": { "start": { "line": 48, "column": 0 }, "end": { "line": 57, "column": 3 } },
      "18": { "start": { "line": 49, "column": 20 }, "end": { "line": 49, "column": 40 } },
      "19": { "start": { "line": 50, "column": 19 }, "end": { "line": 50, "column": 36 } },
      "20": { "start": { "line": 51, "column": 19 }, "end": { "line": 51, "column": 36 } },
      "21": { "start": { "line": 52, "column": 4 }, "end": { "line": 56, "column": 7 } },
      "22": { "start": { "line": 59, "column": 0 }, "end": { "line": 66, "column": 3 } },
      "23": { "start": { "line": 60, "column": 19 }, "end": { "line": 60, "column": 36 } },
      "24": { "start": { "line": 61, "column": 19 }, "end": { "line": 61, "column": 36 } },
      "25": { "start": { "line": 62, "column": 4 }, "end": { "line": 65, "column": 7 } },
      "26": { "start": { "line": 68, "column": 0 }, "end": { "line": 75, "column": 3 } },
      "27": { "start": { "line": 69, "column": 19 }, "end": { "line": 69, "column": 36 } },
      "28": { "start": { "line": 70, "column": 19 }, "end": { "line": 70, "column": 36 } },
      "29": { "start": { "line": 71, "column": 4 }, "end": { "line": 74, "column": 7 } },
      "30": { "start": { "line": 76, "column": 0 }, "end": { "line": 76, "column": 25 } }
    },
    "fnMap": {
      "0": {
        "name": "(anonymous_0)",
        "decl": { "start": { "line": 2, "column": 56 }, "end": { "line": 2, "column": 57 } },
        "loc": { "start": { "line": 2, "column": 71 }, "end": { "line": 4, "column": 1 } },
        "line": 2
      },
      "1": {
        "name": "(anonymous_1)",
        "decl": { "start": { "line": 11, "column": 26 }, "end": { "line": 11, "column": 27 } },
        "loc": { "start": { "line": 11, "column": 46 }, "end": { "line": 31, "column": 1 } },
        "line": 11
      },
      "2": {
        "name": "(anonymous_2)",
        "decl": { "start": { "line": 17, "column": 7 }, "end": { "line": 17, "column": 8 } },
        "loc": { "start": { "line": 17, "column": 28 }, "end": { "line": 30, "column": 5 } },
        "line": 17
      },
      "3": {
        "name": "(anonymous_3)",
        "decl": { "start": { "line": 33, "column": 21 }, "end": { "line": 33, "column": 22 } },
        "loc": { "start": { "line": 33, "column": 41 }, "end": { "line": 39, "column": 1 } },
        "line": 33
      },
      "4": {
        "name": "(anonymous_4)",
        "decl": { "start": { "line": 41, "column": 34 }, "end": { "line": 41, "column": 35 } },
        "loc": { "start": { "line": 41, "column": 54 }, "end": { "line": 46, "column": 1 } },
        "line": 41
      },
      "5": {
        "name": "(anonymous_5)",
        "decl": { "start": { "line": 48, "column": 36 }, "end": { "line": 48, "column": 37 } },
        "loc": { "start": { "line": 48, "column": 56 }, "end": { "line": 57, "column": 1 } },
        "line": 48
      },
      "6": {
        "name": "(anonymous_6)",
        "decl": { "start": { "line": 59, "column": 23 }, "end": { "line": 59, "column": 24 } },
        "loc": { "start": { "line": 59, "column": 43 }, "end": { "line": 66, "column": 1 } },
        "line": 59
      },
      "7": {
        "name": "(anonymous_7)",
        "decl": { "start": { "line": 68, "column": 26 }, "end": { "line": 68, "column": 27 } },
        "loc": { "start": { "line": 68, "column": 46 }, "end": { "line": 75, "column": 1 } },
        "line": 68
      }
    },
    "branchMap": {
      "0": {
        "loc": { "start": { "line": 2, "column": 22 }, "end": { "line": 4, "column": 1 } },
        "type": "binary-expr",
        "locations": [
          { "start": { "line": 2, "column": 23 }, "end": { "line": 2, "column": 27 } },
          { "start": { "line": 2, "column": 31 }, "end": { "line": 2, "column": 51 } },
          { "start": { "line": 2, "column": 56 }, "end": { "line": 4, "column": 1 } }
        ],
        "line": 2
      },
      "1": {
        "loc": { "start": { "line": 3, "column": 11 }, "end": { "line": 3, "column": 61 } },
        "type": "cond-expr",
        "locations": [
          { "start": { "line": 3, "column": 37 }, "end": { "line": 3, "column": 40 } },
          { "start": { "line": 3, "column": 43 }, "end": { "line": 3, "column": 61 } }
        ],
        "line": 3
      },
      "2": {
        "loc": { "start": { "line": 3, "column": 12 }, "end": { "line": 3, "column": 33 } },
        "type": "binary-expr",
        "locations": [
          { "start": { "line": 3, "column": 12 }, "end": { "line": 3, "column": 15 } },
          { "start": { "line": 3, "column": 19 }, "end": { "line": 3, "column": 33 } }
        ],
        "line": 3
      },
      "3": {
        "loc": { "start": { "line": 18, "column": 8 }, "end": { "line": 29, "column": 9 } },
        "type": "if",
        "locations": [
          { "start": { "line": 18, "column": 8 }, "end": { "line": 29, "column": 9 } },
          { "start": { "line": 18, "column": 8 }, "end": { "line": 29, "column": 9 } }
        ],
        "line": 18
      }
    },
    "s": {
      "0": 1,
      "1": 3,
      "2": 1,
      "3": 1,
      "4": 1,
      "5": 1,
      "6": 1,
      "7": 1,
      "8": 0,
      "9": 0,
      "10": 0,
      "11": 0,
      "12": 1,
      "13": 0,
      "14": 1,
      "15": 0,
      "16": 0,
      "17": 1,
      "18": 0,
      "19": 0,
      "20": 0,
      "21": 0,
      "22": 1,
      "23": 0,
      "24": 0,
      "25": 0,
      "26": 1,
      "27": 0,
      "28": 0,
      "29": 0,
      "30": 1
    },
    "f": { "0": 3, "1": 0, "2": 0, "3": 0, "4": 0, "5": 0, "6": 0, "7": 0 },
    "b": { "0": [1, 1, 1], "1": [2, 1], "2": [3, 3], "3": [0, 0] },
    "inputSourceMap": {
      "version": 3,
      "file": "F:\\课程\\软件开发实践\\AchieveIt\\server\\src\\api\\demoApi.ts",
      "sources": ["F:\\课程\\软件开发实践\\AchieveIt\\server\\src\\api\\demoApi.ts"],
      "names": [],
      "mappings": ";;;;;AAAA,oDAA4C;AAE5C,qDAA+B;AAC/B,mDAA6B;AAE7B,IAAM,MAAM,GAAG,iBAAO,CAAC,MAAM,EAAE,CAAC;AAEhC,uBAAuB;AACvB,MAAM,CAAC,IAAI,CAAC,YAAY,EAAE,UAAC,GAAG,EAAE,GAA2B;IACzD,eAAK,CAAC,SAAS,CAAC;QACd,EAAE,EAAE,mBAAmB;QACvB,OAAO,EAAE,aAAa;QACtB,IAAI,EAAE,OAAO;QACb,IAAI,EAAE,cAAc;KACrB,EAAE,UAAC,GAAG,EAAE,IAAI;QACX,IAAI,GAAG,EAAE;YACP,GAAG,CAAC,IAAI,CAAC;gBACP,MAAM,EAAE,gBAAM,CAAC,MAAM,CAAC,KAAK;gBAC3B,GAAG,EAAE,UAAU,GAAG,GAAG,CAAC,QAAQ;aAC/B,CAAC,CAAA;SACH;aAAM;YACL,GAAG,CAAC,IAAI,CAAC;gBACP,MAAM,EAAE,gBAAM,CAAC,MAAM,CAAC,OAAO;gBAC7B,GAAG,EAAE,eAAe,GAAG,IAAI,CAAC,SAAS;aACtC,CAAC,CAAA;SACH;IACH,CAAC,CAAC,CAAA;AACJ,CAAC,CAAC,CAAA;AAEF,cAAc;AACd,MAAM,CAAC,GAAG,CAAC,QAAQ,EAAE,UAAC,GAAG,EAAE,GAAyB;IAClD,GAAG,CAAC,IAAI,CAAC;QACP,OAAO,EAAE,WAAW;QACpB,GAAG,EAAE,MAAM;QACX,MAAM,EAAE,IAAI;KACb,CAAC,CAAC;AACL,CAAC,CAAC,CAAC;AAEH,gBAAgB;AAChB,MAAM,CAAC,GAAG,CAAC,qBAAqB,EAAE,UAAC,GAAG,EAAE,GAAG;IACzC,IAAM,SAAS,GAAG,GAAG,CAAC,MAAM,CAAC,SAAS,CAAC;IACvC,GAAG,CAAC,IAAI,CAAC;QACP,SAAS,WAAA;KACV,CAAC,CAAC;AACL,CAAC,CAAC,CAAC;AAEH,iBAAiB;AACjB,MAAM,CAAC,IAAI,CAAC,sBAAsB,EAAE,UAAC,GAAG,EAAE,GAAG;IAC3C,IAAM,SAAS,GAAG,GAAG,CAAC,MAAM,CAAC,SAAS,CAAC;IACvC,IAAM,QAAQ,GAAG,GAAG,CAAC,IAAI,CAAC,QAAQ,CAAC;IACnC,IAAM,QAAQ,GAAG,GAAG,CAAC,IAAI,CAAC,QAAQ,CAAC;IACnC,GAAG,CAAC,IAAI,CAAC;QACP,SAAS,WAAA;QACT,QAAQ,UAAA;QACR,QAAQ,UAAA;KACT,CAAC,CAAC;AACL,CAAC,CAAC,CAAC;AAEH,gBAAgB;AAChB,MAAM,CAAC,GAAG,CAAC,UAAU,EAAE,UAAC,GAAG,EAAE,GAAG;IAC9B,IAAM,QAAQ,GAAG,GAAG,CAAC,IAAI,CAAC,QAAQ,CAAC;IACnC,IAAM,QAAQ,GAAG,GAAG,CAAC,IAAI,CAAC,QAAQ,CAAC;IACnC,GAAG,CAAC,IAAI,CAAC;QACP,QAAQ,UAAA;QACR,QAAQ,UAAA;KACT,CAAC,CAAC;AACL,CAAC,CAAC,CAAC;AAEH,mBAAmB;AACnB,MAAM,CAAC,GAAG,CAAC,aAAa,EAAE,UAAC,GAAG,EAAE,GAAG;IACjC,IAAM,QAAQ,GAAG,GAAG,CAAC,IAAI,CAAC,QAAQ,CAAC;IACnC,IAAM,QAAQ,GAAG,GAAG,CAAC,IAAI,CAAC,QAAQ,CAAC;IACnC,GAAG,CAAC,IAAI,CAAC;QACP,QAAQ,UAAA;QACR,QAAQ,UAAA;KACT,CAAC,CAAC;AACL,CAAC,CAAC,CAAC;AAEH,kBAAe,MAAM,CAAC",
      "sourcesContent": [
        "import express, { Response } from 'express';\r\nimport { DemoResult, ResultCommon } from 'achieve-it-contract';\r\nimport config from '../config';\r\nimport email from '../email';\r\n\r\nconst router = express.Router();\r\n\r\n// post /demo/sendEmail\r\nrouter.post('/sendEmail', (req, res: Response<ResultCommon>) => {\r\n  email.sendEmail({\r\n    to: '1063594983@qq.com',\r\n    subject: 'Hello World',\r\n    text: 'Hello',\r\n    html: '<b>Hello</b>'\r\n  }, (err, info) => {\r\n    if (err) {\r\n      res.json({\r\n        status: config.status.ERROR,\r\n        msg: '[email] ' + err.response\r\n      })\r\n    } else {\r\n      res.json({\r\n        status: config.status.SUCCESS,\r\n        msg: 'send success ' + info.messageId\r\n      })\r\n    }\r\n  })\r\n})\r\n\r\n// /demo/hello\r\nrouter.get('/hello', (req, res: Response<DemoResult>) => {\r\n  res.json({\r\n    project: 'AchieveIt',\r\n    msg: 'Test',\r\n    status: 'ok'\r\n  });\r\n});\r\n\r\n// /demo/getDemo\r\nrouter.get('/getDemo/:employ_id', (req, res) => {\r\n  const employ_id = req.params.employ_id;\r\n  res.json({\r\n    employ_id\r\n  });\r\n});\r\n\r\n// /demo/postDemo\r\nrouter.post('/postDemo/:employ_id', (req, res) => {\r\n  const employ_id = req.params.employ_id;\r\n  const username = req.body.username;\r\n  const password = req.body.password;\r\n  res.json({\r\n    employ_id,\r\n    username,\r\n    password\r\n  });\r\n});\r\n\r\n// /demo/putDemo\r\nrouter.put('/putDemo', (req, res) => {\r\n  const username = req.body.username;\r\n  const password = req.body.password;\r\n  res.json({\r\n    username,\r\n    password\r\n  });\r\n});\r\n\r\n// /demo/deleteDemo\r\nrouter.put('/deleteDemo', (req, res) => {\r\n  const username = req.body.username;\r\n  const password = req.body.password;\r\n  res.json({\r\n    username,\r\n    password\r\n  });\r\n});\r\n\r\nexport default router;\r\n"
      ]
    },
    "_coverageSchema": "1a1c01bbd47fc00a2c39e90264f33305004495a9",
    "hash": "1c3d38688a101f31ff27527570080da494ecb4b4",
    "contentHash": "63f366246e1dd3bbbf631c8b31999da5177598f187dfc93c6ee75ebc0ac9b8e0"
  },
  "F:\\课程\\软件开发实践\\AchieveIt\\server\\src\\email.ts": {
    "path": "F:\\课程\\软件开发实践\\AchieveIt\\server\\src\\email.ts",
    "statementMap": {
      "0": { "start": { "line": 2, "column": 15 }, "end": { "line": 12, "column": 1 } },
      "1": { "start": { "line": 3, "column": 4 }, "end": { "line": 10, "column": 6 } },
      "2": { "start": { "line": 4, "column": 8 }, "end": { "line": 8, "column": 9 } },
      "3": { "start": { "line": 4, "column": 24 }, "end": { "line": 4, "column": 25 } },
      "4": { "start": { "line": 4, "column": 31 }, "end": { "line": 4, "column": 47 } },
      "5": { "start": { "line": 5, "column": 12 }, "end": { "line": 5, "column": 29 } },
      "6": { "start": { "line": 6, "column": 12 }, "end": { "line": 7, "column": 28 } },
      "7": { "start": { "line": 6, "column": 29 }, "end": { "line": 7, "column": 28 } },
      "8": { "start": { "line": 7, "column": 16 }, "end": { "line": 7, "column": 28 } },
      "9": { "start": { "line": 9, "column": 8 }, "end": { "line": 9, "column": 17 } },
      "10": { "start": { "line": 11, "column": 4 }, "end": { "line": 11, "column": 43 } },
      "11": { "start": { "line": 13, "column": 16 }, "end": { "line": 21, "column": 1 } },
      "12": { "start": { "line": 14, "column": 28 }, "end": { "line": 14, "column": 110 } },
      "13": { "start": { "line": 14, "column": 91 }, "end": { "line": 14, "column": 106 } },
      "14": { "start": { "line": 15, "column": 4 }, "end": { "line": 20, "column": 7 } },
      "15": { "start": { "line": 16, "column": 36 }, "end": { "line": 16, "column": 97 } },
      "16": { "start": { "line": 16, "column": 42 }, "end": { "line": 16, "column": 70 } },
      "17": { "start": { "line": 16, "column": 85 }, "end": { "line": 16, "column": 95 } },
      "18": { "start": { "line": 17, "column": 35 }, "end": { "line": 17, "column": 100 } },
      "19": { "start": { "line": 17, "column": 41 }, "end": { "line": 17, "column": 73 } },
      "20": { "start": { "line": 17, "column": 88 }, "end": { "line": 17, "column": 98 } },
      "21": { "start": { "line": 18, "column": 32 }, "end": { "line": 18, "column": 116 } },
      "22": { "start": { "line": 19, "column": 8 }, "end": { "line": 19, "column": 78 } },
      "23": { "start": { "line": 22, "column": 18 }, "end": { "line": 48, "column": 1 } },
      "24": { "start": { "line": 23, "column": 12 }, "end": { "line": 23, "column": 104 } },
      "25": { "start": { "line": 23, "column": 43 }, "end": { "line": 23, "column": 68 } },
      "26": { "start": { "line": 23, "column": 57 }, "end": { "line": 23, "column": 68 } },
      "27": { "start": { "line": 23, "column": 69 }, "end": { "line": 23, "column": 81 } },
      "28": { "start": { "line": 24, "column": 4 }, "end": { "line": 24, "column": 157 } },
      "29": { "start": { "line": 24, "column": 138 }, "end": { "line": 24, "column": 150 } },
      "30": { "start": { "line": 25, "column": 23 }, "end": { "line": 25, "column": 68 } },
      "31": { "start": { "line": 25, "column": 45 }, "end": { "line": 25, "column": 65 } },
      "32": { "start": { "line": 27, "column": 8 }, "end": { "line": 27, "column": 70 } },
      "33": { "start": { "line": 27, "column": 15 }, "end": { "line": 27, "column": 70 } },
      "34": { "start": { "line": 28, "column": 8 }, "end": { "line": 45, "column": 66 } },
      "35": { "start": { "line": 28, "column": 18 }, "end": { "line": 45, "column": 66 } },
      "36": { "start": { "line": 29, "column": 12 }, "end": { "line": 29, "column": 169 } },
      "37": { "start": { "line": 29, "column": 160 }, "end": { "line": 29, "column": 169 } },
      "38": { "start": { "line": 30, "column": 12 }, "end": { "line": 30, "column": 52 } },
      "39": { "start": { "line": 30, "column": 26 }, "end": { "line": 30, "column": 52 } },
      "40": { "start": { "line": 31, "column": 12 }, "end": { "line": 43, "column": 13 } },
      "41": { "start": { "line": 32, "column": 32 }, "end": { "line": 32, "column": 39 } },
      "42": { "start": { "line": 32, "column": 40 }, "end": { "line": 32, "column": 46 } },
      "43": { "start": { "line": 33, "column": 24 }, "end": { "line": 33, "column": 34 } },
      "44": { "start": { "line": 33, "column": 35 }, "end": { "line": 33, "column": 72 } },
      "45": { "start": { "line": 34, "column": 24 }, "end": { "line": 34, "column": 34 } },
      "46": { "start": { "line": 34, "column": 35 }, "end": { "line": 34, "column": 45 } },
      "47": { "start": { "line": 34, "column": 46 }, "end": { "line": 34, "column": 55 } },
      "48": { "start": { "line": 34, "column": 56 }, "end": { "line": 34, "column": 65 } },
      "49": { "start": { "line": 35, "column": 24 }, "end": { "line": 35, "column": 41 } },
      "50": { "start": { "line": 35, "column": 42 }, "end": { "line": 35, "column": 55 } },
      "51": { "start": { "line": 35, "column": 56 }, "end": { "line": 35, "column": 65 } },
      "52": { "start": { "line": 37, "column": 20 }, "end": { "line": 37, "column": 128 } },
      "53": { "start": { "line": 37, "column": 110 }, "end": { "line": 37, "column": 116 } },
      "54": { "start": { "line": 37, "column": 117 }, "end": { "line": 37, "column": 126 } },
      "55": { "start": { "line": 38, "column": 20 }, "end": { "line": 38, "column": 106 } },
      "56": { "start": { "line": 38, "column": 81 }, "end": { "line": 38, "column": 97 } },
      "57": { "start": { "line": 38, "column": 98 }, "end": { "line": 38, "column": 104 } },
      "58": { "start": { "line": 39, "column": 20 }, "end": { "line": 39, "column": 89 } },
      "59": { "start": { "line": 39, "column": 57 }, "end": { "line": 39, "column": 72 } },
      "60": { "start": { "line": 39, "column": 73 }, "end": { "line": 39, "column": 80 } },
      "61": { "start": { "line": 39, "column": 81 }, "end": { "line": 39, "column": 87 } },
      "62": { "start": { "line": 40, "column": 20 }, "end": { "line": 40, "column": 87 } },
      "63": { "start": { "line": 40, "column": 47 }, "end": { "line": 40, "column": 62 } },
      "64": { "start": { "line": 40, "column": 63 }, "end": { "line": 40, "column": 78 } },
      "65": { "start": { "line": 40, "column": 79 }, "end": { "line": 40, "column": 85 } },
      "66": { "start": { "line": 41, "column": 20 }, "end": { "line": 41, "column": 42 } },
      "67": { "start": { "line": 41, "column": 30 }, "end": { "line": 41, "column": 42 } },
      "68": { "start": { "line": 42, "column": 20 }, "end": { "line": 42, "column": 33 } },
      "69": { "start": { "line": 42, "column": 34 }, "end": { "line": 42, "column": 43 } },
      "70": { "start": { "line": 44, "column": 12 }, "end": { "line": 44, "column": 39 } },
      "71": { "start": { "line": 45, "column": 22 }, "end": { "line": 45, "column": 34 } },
      "72": { "start": { "line": 45, "column": 35 }, "end": { "line": 45, "column": 41 } },
      "73": { "start": { "line": 45, "column": 54 }, "end": { "line": 45, "column": 64 } },
      "74": { "start": { "line": 46, "column": 8 }, "end": { "line": 46, "column": 35 } },
      "75": { "start": { "line": 46, "column": 23 }, "end": { "line": 46, "column": 35 } },
      "76": { "start": { "line": 46, "column": 36 }, "end": { "line": 46, "column": 89 } },
      "77": { "start": { "line": 49, "column": 22 }, "end": { "line": 51, "column": 1 } },
      "78": { "start": { "line": 50, "column": 4 }, "end": { "line": 50, "column": 62 } },
      "79": { "start": { "line": 52, "column": 0 }, "end": { "line": 52, "column": 62 } },
      "80": { "start": { "line": 53, "column": 19 }, "end": { "line": 53, "column": 57 } },
      "81": { "start": { "line": 54, "column": 18 }, "end": { "line": 63, "column": 2 } },
      "82": { "start": { "line": 64, "column": 12 }, "end": { "line": 73, "column": 1 } },
      "83": { "start": { "line": 65, "column": 45 }, "end": { "line": 72, "column": 7 } },
      "84": { "start": { "line": 66, "column": 8 }, "end": { "line": 71, "column": 11 } },
      "85": { "start": { "line": 67, "column": 12 }, "end": { "line": 69, "column": 15 } },
      "86": { "start": { "line": 68, "column": 16 }, "end": { "line": 68, "column": 36 } },
      "87": { "start": { "line": 70, "column": 12 }, "end": { "line": 70, "column": 34 } },
      "88": { "start": { "line": 74, "column": 16 }, "end": { "line": 74, "column": 18 } },
      "89": { "start": { "line": 75, "column": 0 }, "end": { "line": 75, "column": 24 } }
    },
    "fnMap": {
      "0": {
        "name": "(anonymous_0)",
        "decl": { "start": { "line": 2, "column": 42 }, "end": { "line": 2, "column": 43 } },
        "loc": { "start": { "line": 2, "column": 54 }, "end": { "line": 12, "column": 1 } },
        "line": 2
      },
      "1": {
        "name": "(anonymous_1)",
        "decl": { "start": { "line": 3, "column": 32 }, "end": { "line": 3, "column": 33 } },
        "loc": { "start": { "line": 3, "column": 44 }, "end": { "line": 10, "column": 5 } },
        "line": 3
      },
      "2": {
        "name": "(anonymous_2)",
        "decl": { "start": { "line": 13, "column": 44 }, "end": { "line": 13, "column": 45 } },
        "loc": { "start": { "line": 13, "column": 89 }, "end": { "line": 21, "column": 1 } },
        "line": 13
      },
      "3": {
        "name": "adopt",
        "decl": { "start": { "line": 14, "column": 13 }, "end": { "line": 14, "column": 18 } },
        "loc": { "start": { "line": 14, "column": 26 }, "end": { "line": 14, "column": 112 } },
        "line": 14
      },
      "4": {
        "name": "(anonymous_4)",
        "decl": { "start": { "line": 14, "column": 70 }, "end": { "line": 14, "column": 71 } },
        "loc": { "start": { "line": 14, "column": 89 }, "end": { "line": 14, "column": 108 } },
        "line": 14
      },
      "5": {
        "name": "(anonymous_5)",
        "decl": { "start": { "line": 15, "column": 36 }, "end": { "line": 15, "column": 37 } },
        "loc": { "start": { "line": 15, "column": 63 }, "end": { "line": 20, "column": 5 } },
        "line": 15
      },
      "6": {
        "name": "fulfilled",
        "decl": { "start": { "line": 16, "column": 17 }, "end": { "line": 16, "column": 26 } },
        "loc": { "start": { "line": 16, "column": 34 }, "end": { "line": 16, "column": 99 } },
        "line": 16
      },
      "7": {
        "name": "rejected",
        "decl": { "start": { "line": 17, "column": 17 }, "end": { "line": 17, "column": 25 } },
        "loc": { "start": { "line": 17, "column": 33 }, "end": { "line": 17, "column": 102 } },
        "line": 17
      },
      "8": {
        "name": "step",
        "decl": { "start": { "line": 18, "column": 17 }, "end": { "line": 18, "column": 21 } },
        "loc": { "start": { "line": 18, "column": 30 }, "end": { "line": 18, "column": 118 } },
        "line": 18
      },
      "9": {
        "name": "(anonymous_9)",
        "decl": { "start": { "line": 22, "column": 48 }, "end": { "line": 22, "column": 49 } },
        "loc": { "start": { "line": 22, "column": 73 }, "end": { "line": 48, "column": 1 } },
        "line": 22
      },
      "10": {
        "name": "(anonymous_10)",
        "decl": { "start": { "line": 23, "column": 30 }, "end": { "line": 23, "column": 31 } },
        "loc": { "start": { "line": 23, "column": 41 }, "end": { "line": 23, "column": 83 } },
        "line": 23
      },
      "11": {
        "name": "(anonymous_11)",
        "decl": { "start": { "line": 24, "column": 125 }, "end": { "line": 24, "column": 126 } },
        "loc": { "start": { "line": 24, "column": 136 }, "end": { "line": 24, "column": 152 } },
        "line": 24
      },
      "12": {
        "name": "verb",
        "decl": { "start": { "line": 25, "column": 13 }, "end": { "line": 25, "column": 17 } },
        "loc": { "start": { "line": 25, "column": 21 }, "end": { "line": 25, "column": 70 } },
        "line": 25
      },
      "13": {
        "name": "(anonymous_13)",
        "decl": { "start": { "line": 25, "column": 30 }, "end": { "line": 25, "column": 31 } },
        "loc": { "start": { "line": 25, "column": 43 }, "end": { "line": 25, "column": 67 } },
        "line": 25
      },
      "14": {
        "name": "step",
        "decl": { "start": { "line": 26, "column": 13 }, "end": { "line": 26, "column": 17 } },
        "loc": { "start": { "line": 26, "column": 22 }, "end": { "line": 47, "column": 5 } },
        "line": 26
      },
      "15": {
        "name": "(anonymous_15)",
        "decl": { "start": { "line": 49, "column": 56 }, "end": { "line": 49, "column": 57 } },
        "loc": { "start": { "line": 49, "column": 71 }, "end": { "line": 51, "column": 1 } },
        "line": 49
      },
      "16": {
        "name": "(anonymous_16)",
        "decl": { "start": { "line": 65, "column": 15 }, "end": { "line": 65, "column": 16 } },
        "loc": { "start": { "line": 65, "column": 43 }, "end": { "line": 72, "column": 9 } },
        "line": 65
      },
      "17": {
        "name": "(anonymous_17)",
        "decl": { "start": { "line": 65, "column": 86 }, "end": { "line": 65, "column": 87 } },
        "loc": { "start": { "line": 65, "column": 98 }, "end": { "line": 72, "column": 5 } },
        "line": 65
      },
      "18": {
        "name": "(anonymous_18)",
        "decl": { "start": { "line": 66, "column": 33 }, "end": { "line": 66, "column": 34 } },
        "loc": { "start": { "line": 66, "column": 47 }, "end": { "line": 71, "column": 9 } },
        "line": 66
      },
      "19": {
        "name": "(anonymous_19)",
        "decl": { "start": { "line": 67, "column": 97 }, "end": { "line": 67, "column": 98 } },
        "loc": { "start": { "line": 67, "column": 118 }, "end": { "line": 69, "column": 13 } },
        "line": 67
      }
    },
    "branchMap": {
      "0": {
        "loc": { "start": { "line": 2, "column": 15 }, "end": { "line": 12, "column": 1 } },
        "type": "binary-expr",
        "locations": [
          { "start": { "line": 2, "column": 16 }, "end": { "line": 2, "column": 20 } },
          { "start": { "line": 2, "column": 24 }, "end": { "line": 2, "column": 37 } },
          { "start": { "line": 2, "column": 42 }, "end": { "line": 12, "column": 1 } }
        ],
        "line": 2
      },
      "1": {
        "loc": { "start": { "line": 3, "column": 15 }, "end": { "line": 10, "column": 5 } },
        "type": "binary-expr",
        "locations": [
          { "start": { "line": 3, "column": 15 }, "end": { "line": 3, "column": 28 } },
          { "start": { "line": 3, "column": 32 }, "end": { "line": 10, "column": 5 } }
        ],
        "line": 3
      },
      "2": {
        "loc": { "start": { "line": 6, "column": 29 }, "end": { "line": 7, "column": 28 } },
        "type": "if",
        "locations": [
          { "start": { "line": 6, "column": 29 }, "end": { "line": 7, "column": 28 } },
          { "start": { "line": 6, "column": 29 }, "end": { "line": 7, "column": 28 } }
        ],
        "line": 6
      },
      "3": {
        "loc": { "start": { "line": 13, "column": 16 }, "end": { "line": 21, "column": 1 } },
        "type": "binary-expr",
        "locations": [
          { "start": { "line": 13, "column": 17 }, "end": { "line": 13, "column": 21 } },
          { "start": { "line": 13, "column": 25 }, "end": { "line": 13, "column": 39 } },
          { "start": { "line": 13, "column": 44 }, "end": { "line": 21, "column": 1 } }
        ],
        "line": 13
      },
      "4": {
        "loc": { "start": { "line": 14, "column": 35 }, "end": { "line": 14, "column": 109 } },
        "type": "cond-expr",
        "locations": [
          { "start": { "line": 14, "column": 56 }, "end": { "line": 14, "column": 61 } },
          { "start": { "line": 14, "column": 64 }, "end": { "line": 14, "column": 109 } }
        ],
        "line": 14
      },
      "5": {
        "loc": { "start": { "line": 15, "column": 16 }, "end": { "line": 15, "column": 34 } },
        "type": "binary-expr",
        "locations": [
          { "start": { "line": 15, "column": 16 }, "end": { "line": 15, "column": 17 } },
          { "start": { "line": 15, "column": 22 }, "end": { "line": 15, "column": 33 } }
        ],
        "line": 15
      },
      "6": {
        "loc": { "start": { "line": 18, "column": 32 }, "end": { "line": 18, "column": 115 } },
        "type": "cond-expr",
        "locations": [
          { "start": { "line": 18, "column": 46 }, "end": { "line": 18, "column": 67 } },
          { "start": { "line": 18, "column": 70 }, "end": { "line": 18, "column": 115 } }
        ],
        "line": 18
      },
      "7": {
        "loc": { "start": { "line": 19, "column": 51 }, "end": { "line": 19, "column": 67 } },
[...]
        "loc": { "start": { "line": 62, "column": 40 }, "end": { "line": 64, "column": 13 } },
        "line": 62
      },
      "8": {
        "name": "(anonymous_8)",
        "decl": { "start": { "line": 72, "column": 31 }, "end": { "line": 72, "column": 32 } },
        "loc": { "start": { "line": 72, "column": 51 }, "end": { "line": 77, "column": 1 } },
        "line": 72
      },
      "9": {
        "name": "(anonymous_9)",
        "decl": { "start": { "line": 74, "column": 88 }, "end": { "line": 74, "column": 89 } },
        "loc": { "start": { "line": 74, "column": 111 }, "end": { "line": 76, "column": 5 } },
        "line": 74
      }
    },
    "branchMap": {
      "0": {
        "loc": { "start": { "line": 6, "column": 22 }, "end": { "line": 8, "column": 1 } },
        "type": "binary-expr",
        "locations": [
          { "start": { "line": 6, "column": 23 }, "end": { "line": 6, "column": 27 } },
          { "start": { "line": 6, "column": 31 }, "end": { "line": 6, "column": 51 } },
          { "start": { "line": 6, "column": 56 }, "end": { "line": 8, "column": 1 } }
        ],
        "line": 6
      },
      "1": {
        "loc": { "start": { "line": 7, "column": 11 }, "end": { "line": 7, "column": 61 } },
        "type": "cond-expr",
        "locations": [
          { "start": { "line": 7, "column": 37 }, "end": { "line": 7, "column": 40 } },
          { "start": { "line": 7, "column": 43 }, "end": { "line": 7, "column": 61 } }
        ],
        "line": 7
      },
      "2": {
        "loc": { "start": { "line": 7, "column": 12 }, "end": { "line": 7, "column": 33 } },
        "type": "binary-expr",
        "locations": [
          { "start": { "line": 7, "column": 12 }, "end": { "line": 7, "column": 15 } },
          { "start": { "line": 7, "column": 19 }, "end": { "line": 7, "column": 33 } }
        ],
        "line": 7
      },
      "3": {
        "loc": { "start": { "line": 20, "column": 8 }, "end": { "line": 38, "column": 9 } },
        "type": "if",
        "locations": [
          { "start": { "line": 20, "column": 8 }, "end": { "line": 38, "column": 9 } },
          { "start": { "line": 20, "column": 8 }, "end": { "line": 38, "column": 9 } }
        ],
        "line": 20
      },
      "4": {
        "loc": { "start": { "line": 23, "column": 13 }, "end": { "line": 38, "column": 9 } },
        "type": "if",
        "locations": [
          { "start": { "line": 23, "column": 13 }, "end": { "line": 38, "column": 9 } },
          { "start": { "line": 23, "column": 13 }, "end": { "line": 38, "column": 9 } }
        ],
        "line": 23
      },
      "5": {
        "loc": { "start": { "line": 44, "column": 102 }, "end": { "line": 44, "column": 141 } },
        "type": "binary-expr",
        "locations": [
          { "start": { "line": 44, "column": 102 }, "end": { "line": 44, "column": 135 } },
          { "start": { "line": 44, "column": 139 }, "end": { "line": 44, "column": 141 } }
        ],
        "line": 44
      },
      "6": {
        "loc": { "start": { "line": 53, "column": 8 }, "end": { "line": 68, "column": 9 } },
        "type": "if",
        "locations": [
          { "start": { "line": 53, "column": 8 }, "end": { "line": 68, "column": 9 } },
          { "start": { "line": 53, "column": 8 }, "end": { "line": 68, "column": 9 } }
        ],
        "line": 53
      },
      "7": {
        "loc": { "start": { "line": 56, "column": 13 }, "end": { "line": 68, "column": 9 } },
        "type": "if",
        "locations": [
          { "start": { "line": 56, "column": 13 }, "end": { "line": 68, "column": 9 } },
          { "start": { "line": 56, "column": 13 }, "end": { "line": 68, "column": 9 } }
        ],
        "line": 56
      },
      "8": {
        "loc": { "start": { "line": 59, "column": 16 }, "end": { "line": 59, "column": 76 } },
        "type": "binary-expr",
        "locations": [
          { "start": { "line": 59, "column": 16 }, "end": { "line": 59, "column": 46 } },
          { "start": { "line": 59, "column": 50 }, "end": { "line": 59, "column": 76 } }
        ],
        "line": 59
      },
      "9": {
        "loc": { "start": { "line": 60, "column": 16 }, "end": { "line": 60, "column": 82 } },
        "type": "binary-expr",
        "locations": [
          { "start": { "line": 60, "column": 16 }, "end": { "line": 60, "column": 49 } },
          { "start": { "line": 60, "column": 53 }, "end": { "line": 60, "column": 82 } }
        ],
        "line": 60
      }
    },
    "s": {
      "0": 1,
      "1": 3,
      "2": 1,
      "3": 1,
      "4": 1,
      "5": 1,
      "6": 1,
      "7": 1,
      "8": 1,
      "9": 1,
      "10": 2,
      "11": 2,
      "12": 2,
      "13": 0,
      "14": 2,
      "15": 1,
      "16": 1,
      "17": 1,
      "18": 1,
      "19": 1,
      "20": 0,
      "21": 0,
      "22": 0,
      "23": 1,
      "24": 0,
      "25": 0,
      "26": 0,
      "27": 0,
      "28": 0,
      "29": 0,
      "30": 0,
      "31": 0,
      "32": 0,
      "33": 0,
      "34": 1,
      "35": 0,
      "36": 0,
      "37": 0,
      "38": 1
    },
    "f": { "0": 3, "1": 2, "2": 2, "3": 0, "4": 0, "5": 0, "6": 0, "7": 0, "8": 0, "9": 0 },
    "b": {
      "0": [1, 1, 1],
      "1": [2, 1],
      "2": [3, 3],
      "3": [0, 2],
      "4": [1, 1],
      "5": [0, 0],
      "6": [0, 0],
      "7": [0, 0],
      "8": [0, 0],
      "9": [0, 0]
    },
    "inputSourceMap": {
      "version": 3,
      "file": "F:\\课程\\软件开发实践\\AchieveIt\\server\\src\\api\\activityApi.ts",
      "sources": ["F:\\课程\\软件开发实践\\AchieveIt\\server\\src\\api\\activityApi.ts"],
      "names": [],
      "mappings": ";AAAA;;;GAGG;;;;;AAEH,qDAA+B;AAC/B,oDAAsD;AACtD,oDAA4B;AAE5B,gCAMiB;AACjB,0CAAoC;AACpC,IAAM,MAAM,GAAG,iBAAO,CAAC,MAAM,EAAE,CAAC;AAEhC,6BAA6B;AAC7B,MAAM,CAAC,GAAG,CAAC,eAAe,EAAE,UAAC,GAAG,EAAE,GAAgC;IAChE,IAAM,WAAW,GAAG,GAAG,CAAC,MAAM,CAAC,WAAW,CAAC;IAC3C,gBAAI,CAAC,KAAK,CAAC,gBAAI,CAAC,QAAQ,CAAC,eAAe,EAAE,CAAC,WAAW,CAAC,EAAE,UAAC,GAAG,EAAE,MAAM;QACnE,IAAI,GAAG,EAAE;YACP,wBAAiB,CAAC,GAAG,EAAE,GAAG,CAAC,CAAC;SAC7B;aAAM,IAAI,MAAM,CAAC,MAAM,IAAI,CAAC,EAAE;YAC7B,oBAAoB;YACpB,IAAM,aAAa,GAAG,MAAM,CAAC,CAAC,CAAC,CAAC,aAAa,CAAC;YAC9C,MAAM,CAAC,CAAC,CAAC,CAAC,aAAa;gBACrB,gBAAM,CAAC,SAAS,CAAC,YAAY,CAAC,MAAM,CAAC,aAAa,CAAC,KAAK,CAAC,GAAG,CAAC,CAAC,CAAC,CAAC,CAAC,CAAC,CAAC,MAAM;oBACzE,GAAG;oBACH,gBAAM,CAAC,SAAS,CAAC,YAAY,CAAC,MAAM,CAAC,aAAa,CAAC,KAAK,CAAC,GAAG,CAAC,CAAC,CAAC,CAAC,CAAC,CAAC,CAAC,YAAY,CAC7E,MAAM,CAAC,aAAa,CAAC,KAAK,CAAC,GAAG,CAAC,CAAC,CAAC,CAAC,CAAC,CACpC,CAAC;YAEJ,GAAG,CAAC,IAAI,CAAC;gBACP,QAAQ,EAAE,MAAM,CAAC,CAAC,CAAC;gBACnB,MAAM,EAAE,gBAAM,CAAC,MAAM,CAAC,OAAO;gBAC7B,GAAG,EAAE,SAAS;aACf,CAAC,CAAC;SACJ;aAAM;YACL,2BAAoB,CAAC,GAAG,CAAC,CAAC;SAC3B;IACH,CAAC,CAAC,CAAC;AACL,CAAC,CAAC,CAAC;AAEH,iBAAiB;AACjB,MAAM,CAAC,IAAI,CAAC,GAAG,EAAE,UAAC,GAAG,EAAE,GAA2B;IAChD,IAAM,gBAAgB,GAAG,GAAG,CAAC,IAAI,CAAC;IAClC,gBAAI,CAAC,KAAK,CACR,gBAAI,CAAC,QAAQ,CAAC,cAAc,EAC5B,CAAC,gBAAgB,CAAC,aAAa,EAAE,gBAAgB,CAAC,gBAAgB,IAAI,EAAE,CAAC,EACzE,UAAA,GAAG;QACD,0BAAmB,CAAC,GAAG,EAAE,GAAG,CAAC,CAAC;IAChC,CAAC,CACF,CAAC;AACJ,CAAC,CAAC,CAAC;AAEH,6BAA6B;AAC7B,MAAM,CAAC,GAAG,CAAC,eAAe,EAAE,UAAC,GAAG,EAAE,GAA2B;IAC3D,IAAM,WAAW,GAAG,GAAG,CAAC,MAAM,CAAC,WAAW,CAAC;IAC3C,IAAM,gBAAgB,GAAG,GAAG,CAAC,IAAI,CAAC;IAClC,gBAAI,CAAC,KAAK,CAAC,gBAAI,CAAC,QAAQ,CAAC,eAAe,EAAE,CAAC,WAAW,CAAC,EAAE,UAAC,GAAG,EAAE,MAAM;QACnE,IAAI,GAAG,EAAE;YACP,wBAAiB,CAAC,GAAG,EAAE,GAAG,CAAC,CAAC;SAC7B;aAAM,IAAI,MAAM,CAAC,MAAM,IAAI,CAAC,EAAE;YAC7B,IAAM,YAAY,GAAG,MAAM,CAAC,CAAC,CAAC,CAAC;YAC/B,gBAAI,CAAC,KAAK,CACR,gBAAI,CAAC,QAAQ,CAAC,kBAAkB,EAChC;gBACE,gBAAgB,CAAC,aAAa,IAAI,YAAY,CAAC,aAAa;gBAC5D,gBAAgB,CAAC,gBAAgB,IAAI,YAAY,CAAC,gBAAgB;gBAClE,WAAW;aACZ,EACD,UAAC,IAAI,EAAE,OAAO;gBACZ,0BAAmB,CAAC,GAAG,EAAE,IAAI,CAAC,CAAC;YACjC,CAAC,CACF,CAAC;SACH;aAAM;YACL,2BAAoB,CAAC,GAAG,CAAC,CAAC;SAC3B;IACH,CAAC,CAAC,CAAC;AACL,CAAC,CAAC,CAAC;AAEH,gCAAgC;AAChC,MAAM,CAAC,MAAM,CAAC,eAAe,EAAE,UAAC,GAAG,EAAE,GAA2B;IAC9D,IAAM,WAAW,GAAG,GAAG,CAAC,MAAM,CAAC,WAAW,CAAC;IAC3C,gBAAI,CAAC,KAAK,CAAC,gBAAI,CAAC,QAAQ,CAAC,kBAAkB,EAAE,CAAC,WAAW,CAAC,EAAE,UAAC,GAAG,EAAE,MAAM;QACtE,0BAAmB,CAAC,GAAG,EAAE,GAAG,CAAC,CAAC;IAChC,CAAC,CAAC,CAAC;AACL,CAAC,CAAC,CAAC;AAEH,kBAAe,MAAM,CAAC",
      "sourcesContent": [
        "/**\r\n * @author: zou\r\n * @description: activity相关的api定义\r\n */\r\n\r\nimport config from '../config';\r\nimport express, { Response, response } from 'express';\r\nimport $sql from './sqlMap';\r\nimport { GetActivityResult, ResultCommon } from 'achieve-it-contract';\r\nimport {\r\n  mysqlErrorHandler,\r\n  notFoundErrorHandler,\r\n  commonDeleteHandler,\r\n  commomInsertHandler,\r\n  commomUpdateHandler\r\n} from '../util';\r\nimport { conn } from '../mysqlPool';\r\nconst router = express.Router();\r\n\r\n// get /activity/:activity_id\r\nrouter.get('/:activity_id', (req, res: Response<GetActivityResult>) => {\r\n  const activity_id = req.params.activity_id;\r\n  conn.query($sql.activity.getActivityById, [activity_id], (err, result) => {\r\n    if (err) {\r\n      mysqlErrorHandler(res, err);\r\n    } else if (result.length == 1) {\r\n      // 0-0 --> 工程活动-需求开发\r\n      const activity_name = result[0].activity_name;\r\n      result[0].activity_name =\r\n        config.numberMap.activityName[Number(activity_name.split('-')[0])].prefix +\r\n        '-' +\r\n        config.numberMap.activityName[Number(activity_name.split('-')[0])].activityList[\r\n          Number(activity_name.split('-')[1])\r\n        ];\r\n\r\n      res.json({\r\n        activity: result[0],\r\n        status: config.status.SUCCESS,\r\n        msg: 'success'\r\n      });\r\n    } else {\r\n      notFoundErrorHandler(res);\r\n    }\r\n  });\r\n});\r\n\r\n// post /activity\r\nrouter.post('/', (req, res: Response<ResultCommon>) => {\r\n  const activity_details = req.body;\r\n  conn.query(\r\n    $sql.activity.insertActivity,\r\n    [activity_details.activity_name, activity_details.activity_content || ''],\r\n    err => {\r\n      commomInsertHandler(res, err);\r\n    }\r\n  );\r\n});\r\n\r\n// put /activity/:activity_id\r\nrouter.put('/:activity_id', (req, res: Response<ResultCommon>) => {\r\n  const activity_id = req.params.activity_id;\r\n  const activity_details = req.body;\r\n  conn.query($sql.activity.getActivityById, [activity_id], (err, result) => {\r\n    if (err) {\r\n      mysqlErrorHandler(res, err);\r\n    } else if (result.length == 1) {\r\n      const old_activity = result[0];\r\n      conn.query(\r\n        $sql.activity.updateActivityById,\r\n        [\r\n          activity_details.activity_name || old_activity.activity_name,\r\n          activity_details.activity_content || old_activity.activity_content,\r\n          activity_id\r\n        ],\r\n        (err2, result2) => {\r\n          commomUpdateHandler(res, err2);\r\n        }\r\n      );\r\n    } else {\r\n      notFoundErrorHandler(res);\r\n    }\r\n  });\r\n});\r\n\r\n// delete /activity/:activity_id\r\nrouter.delete('/:activity_id', (req, res: Response<ResultCommon>) => {\r\n  const activity_id = req.params.activity_id;\r\n  conn.query($sql.activity.deleteActivityById, [activity_id], (err, result) => {\r\n    commonDeleteHandler(res, err);\r\n  });\r\n});\r\n\r\nexport default router;\r\n"
      ]
    },
    "_coverageSchema": "1a1c01bbd47fc00a2c39e90264f33305004495a9",
    "hash": "bea4bf2e75b54f47520f997b6c8896a7ffb9463a",
    "contentHash": "97a18129a65391bfb236c2eafe0cd18cb7fe62be2d7f2d1456e28b7bc207ac3f"
  },
  "F:\\课程\\软件开发实践\\AchieveIt\\server\\src\\api\\workTimeApi.ts": {
    "path": "F:\\课程\\软件开发实践\\AchieveIt\\server\\src\\api\\workTimeApi.ts",
    "statementMap": {
      "0": { "start": { "line": 6, "column": 22 }, "end": { "line": 8, "column": 1 } },
      "1": { "start": { "line": 7, "column": 4 }, "end": { "line": 7, "column": 62 } },
      "2": { "start": { "line": 9, "column": 0 }, "end": { "line": 9, "column": 62 } },
      "3": { "start": { "line": 10, "column": 15 }, "end": { "line": 10, "column": 52 } },
      "4": { "start": { "line": 11, "column": 16 }, "end": { "line": 11, "column": 51 } },
      "5": { "start": { "line": 12, "column": 15 }, "end": { "line": 12, "column": 51 } },
      "6": { "start": { "line": 13, "column": 18 }, "end": { "line": 13, "column": 41 } },
      "7": { "start": { "line": 14, "column": 13 }, "end": { "line": 14, "column": 31 } },
      "8": { "start": { "line": 15, "column": 13 }, "end": { "line": 15, "column": 39 } },
      "9": { "start": { "line": 17, "column": 0 }, "end": { "line": 32, "column": 3 } },
      "10": { "start": { "line": 18, "column": 20 }, "end": { "line": 18, "column": 40 } },
      "11": { "start": { "line": 19, "column": 4 }, "end": { "line": 31, "column": 7 } },
      "12": { "start": { "line": 20, "column": 8 }, "end": { "line": 30, "column": 9 } },
      "13": { "start": { "line": 21, "column": 12 }, "end": { "line": 21, "column": 47 } },
      "14": { "start": { "line": 24, "column": 12 }, "end": { "line": 29, "column": 15 } },
      "15": { "start": { "line": 34, "column": 0 }, "end": { "line": 40, "column": 3 } },
      "16": { "start": { "line": 35, "column": 20 }, "end": { "line": 35, "column": 40 } },
      "17": { "start": { "line": 36, "column": 18 }, "end": { "line": 36, "column": 26 } },
      "18": { "start": { "line": 37, "column": 4 }, "end": { "line": 39, "column": 7 } },
      "19": { "start": { "line": 38, "column": 8 }, "end": { "line": 38, "column": 45 } },
      "20": { "start": { "line": 41, "column": 0 }, "end": { "line": 41, "column": 25 } }
    },
    "fnMap": {
      "0": {
        "name": "(anonymous_0)",
        "decl": { "start": { "line": 6, "column": 56 }, "end": { "line": 6, "column": 57 } },
        "loc": { "start": { "line": 6, "column": 71 }, "end": { "line": 8, "column": 1 } },
        "line": 6
      },
      "1": {
        "name": "(anonymous_1)",
        "decl": { "start": { "line": 17, "column": 48 }, "end": { "line": 17, "column": 49 } },
        "loc": { "start": { "line": 17, "column": 68 }, "end": { "line": 32, "column": 1 } },
        "line": 17
      },
      "2": {
        "name": "(anonymous_2)",
        "decl": { "start": { "line": 19, "column": 89 }, "end": { "line": 19, "column": 90 } },
        "loc": { "start": { "line": 19, "column": 112 }, "end": { "line": 31, "column": 5 } },
        "line": 19
      },
      "3": {
        "name": "(anonymous_3)",
        "decl": { "start": { "line": 34, "column": 27 }, "end": { "line": 34, "column": 28 } },
        "loc": { "start": { "line": 34, "column": 47 }, "end": { "line": 40, "column": 1 } },
        "line": 34
      },
      "4": {
        "name": "(anonymous_4)",
        "decl": { "start": { "line": 37, "column": 187 }, "end": { "line": 37, "column": 188 } },
        "loc": { "start": { "line": 37, "column": 202 }, "end": { "line": 39, "column": 5 } },
        "line": 37
      }
    },
    "branchMap": {
      "0": {
        "loc": { "start": { "line": 6, "column": 22 }, "end": { "line": 8, "column": 1 } },
        "type": "binary-expr",
        "locations": [
          { "start": { "line": 6, "column": 23 }, "end": { "line": 6, "column": 27 } },
          { "start": { "line": 6, "column": 31 }, "end": { "line": 6, "column": 51 } },
          { "start": { "line": 6, "column": 56 }, "end": { "line": 8, "column": 1 } }
        ],
        "line": 6
      },
      "1": {
        "loc": { "start": { "line": 7, "column": 11 }, "end": { "line": 7, "column": 61 } },
        "type": "cond-expr",
        "locations": [
          { "start": { "line": 7, "column": 37 }, "end": { "line": 7, "column": 40 } },
          { "start": { "line": 7, "column": 43 }, "end": { "line": 7, "column": 61 } }
        ],
        "line": 7
      },
      "2": {
        "loc": { "start": { "line": 7, "column": 12 }, "end": { "line": 7, "column": 33 } },
        "type": "binary-expr",
        "locations": [
          { "start": { "line": 7, "column": 12 }, "end": { "line": 7, "column": 15 } },
          { "start": { "line": 7, "column": 19 }, "end": { "line": 7, "column": 33 } }
        ],
        "line": 7
      },
      "3": {
        "loc": { "start": { "line": 20, "column": 8 }, "end": { "line": 30, "column": 9 } },
        "type": "if",
        "locations": [
          { "start": { "line": 20, "column": 8 }, "end": { "line": 30, "column": 9 } },
          { "start": { "line": 20, "column": 8 }, "end": { "line": 30, "column": 9 } }
        ],
        "line": 20
      }
    },
    "s": {
      "0": 1,
      "1": 3,
      "2": 1,
      "3": 1,
      "4": 1,
      "5": 1,
      "6": 1,
      "7": 1,
      "8": 1,
      "9": 1,
      "10": 0,
      "11": 0,
      "12": 0,
      "13": 0,
      "14": 0,
      "15": 1,
      "16": 0,
      "17": 0,
      "18": 0,
      "19": 0,
      "20": 1
    },
    "f": { "0": 3, "1": 0, "2": 0, "3": 0, "4": 0 },
    "b": { "0": [1, 1, 1], "1": [2, 1], "2": [3, 3], "3": [0, 0] },
    "inputSourceMap": {
      "version": 3,
      "file": "F:\\课程\\软件开发实践\\AchieveIt\\server\\src\\api\\workTimeApi.ts",
      "sources": ["F:\\课程\\软件开发实践\\AchieveIt\\server\\src\\api\\workTimeApi.ts"],
      "names": [],
      "mappings": ";AAAA;;;GAGG;;;;;AAEH,qDAA+B;AAC/B,oDAA4C;AAC5C,oDAA4B;AAC5B,0CAAoC;AACpC,gCAAiE;AAEjE,IAAM,MAAM,GAAG,iBAAO,CAAC,MAAM,EAAE,CAAC;AAEhC,iDAAiD;AACjD,MAAM,CAAC,GAAG,CAAC,mCAAmC,EAAE,UAAC,GAAG,EAAE,GAAyC;IAC3F,IAAM,SAAS,GAAG,GAAG,CAAC,MAAM,CAAC,SAAS,CAAC;IACvC,gBAAI,CAAC,KAAK,CAAC,gBAAI,CAAC,QAAQ,CAAC,qBAAqB,EAAE,CAAC,SAAS,CAAC,EAAE,UAAC,GAAG,EAAE,MAAM;QACrE,IAAI,GAAG,EAAE;YACL,wBAAiB,CAAC,GAAG,EAAE,GAAG,CAAC,CAAC;SAC/B;aAAM;YACH,GAAG,CAAC,IAAI,CAAC;gBACL,SAAS,EAAE,QAAQ,CAAC,SAAS,EAAE,EAAE,CAAC;gBAClC,cAAc,EAAE,MAAM;gBACtB,MAAM,EAAE,gBAAM,CAAC,MAAM,CAAC,OAAO;gBAC7B,GAAG,EAAE,aAAa;aACrB,CAAC,CAAA;SACL;IACL,CAAC,CAAC,CAAA;AACN,CAAC,CAAC,CAAA;AAEF,4BAA4B;AAC5B,MAAM,CAAC,IAAI,CAAC,aAAa,EAAE,UAAC,GAAG,EAAE,GAA2B;IACxD,IAAM,SAAS,GAAG,GAAG,CAAC,MAAM,CAAC,SAAS,CAAC;IACvC,IAAM,OAAO,GAAG,GAAG,CAAC,IAAI,CAAC;IACzB,gBAAI,CAAC,KAAK,CAAC,gBAAI,CAAC,QAAQ,CAAC,cAAc,EAAE,CAAC,SAAS,EAAE,OAAO,CAAC,WAAW,EAAE,OAAO,CAAC,gBAAgB,EAAE,OAAO,CAAC,UAAU,EAAE,OAAO,CAAC,UAAU,EAAE,OAAO,CAAC,QAAQ,CAAC,EAAE,UAAC,GAAG;QAC/J,0BAAmB,CAAC,GAAG,EAAE,GAAG,CAAC,CAAC;IAClC,CAAC,CAAC,CAAA;AACN,CAAC,CAAC,CAAA;AAEF,kBAAe,MAAM,CAAC",
      "sourcesContent": [
        "/**\r\n * @author: zou\r\n * @description: workTime相关的api定义\r\n */\r\n\r\nimport config from '../config';\r\nimport express, { Response } from 'express';\r\nimport $sql from './sqlMap';\r\nimport { conn } from '../mysqlPool';\r\nimport { mysqlErrorHandler, commomInsertHandler } from '../util';\r\nimport { GetMemberWorkTimeListResul, ResultCommon } from 'achieve-it-contract';\r\nconst router = express.Router();\r\n\r\n// get /workTime/getMemberWorkTimeList/:member_id\r\nrouter.get(\"/getMemberWorkTimeList/:member_id\", (req, res: Response<GetMemberWorkTimeListResul>) => {\r\n    const member_id = req.params.member_id;\r\n    conn.query($sql.workTime.getMemberWorkTimeList, [member_id], (err, result) => {\r\n        if (err) {\r\n            mysqlErrorHandler(res, err);\r\n        } else {\r\n            res.json({\r\n                member_id: parseInt(member_id, 10),\r\n                work_time_list: result,\r\n                status: config.status.SUCCESS,\r\n                msg: 'get success'\r\n            })\r\n        }\r\n    })\r\n})\r\n\r\n// post /workTime/:member_id\r\nrouter.post(\"/:member_id\", (req, res: Response<ResultCommon>) => {\r\n    const member_id = req.params.member_id;\r\n    const details = req.body;\r\n    conn.query($sql.workTime.insertWorkTime, [member_id, details.function_id, details.activity_content, details.project_id, details.start_time, details.end_time], (err) => {\r\n        commomInsertHandler(res, err);\r\n    })\r\n})\r\n\r\nexport default router;"
      ]
    },
    "_coverageSchema": "1a1c01bbd47fc00a2c39e90264f33305004495a9",
    "hash": "c77b036b43cf4717f8f4443fdbac1223044c16b8",
    "contentHash": "2e5eb3f7d975abb397c6a13746762bbe1109f610f0e2dcb8ee5ab14f03a3cde4"
  }
}
