{
  "stats": {
    "suites": 5,
    "tests": 9,
    "passes": 9,
    "pending": 0,
    "failures": 0,
    "start": "2020-03-30T10:52:27.490Z",
    "end": "2020-03-30T10:52:28.246Z",
    "duration": 756,
    "testsRegistered": 9,
    "passPercent": 100,
    "pendingPercent": 0,
    "other": 0,
    "hasOther": false,
    "skipped": 0,
    "hasSkipped": false
  },
  "results": [
    {
      "uuid": "0677f636-4547-4f6e-99f8-798e771e3428",
      "title": "",
      "fullFile": "",
      "file": "",
      "beforeHooks": [],
      "afterHooks": [],
      "tests": [],
      "suites": [
        {
          "uuid": "113bd40f-e797-41aa-b555-b782131c5e04",
          "title": "getMember test",
          "fullFile": "D:\\开发实践\\AchieveIt\\server\\test\\memberApi.test.js",
          "file": "\\memberApi.test.js",
          "beforeHooks": [],
          "afterHooks": [],
          "tests": [
            {
              "title": "getMember success",
              "fullTitle": "getMember test getMember success",
              "timedOut": false,
              "duration": 93,
              "state": "passed",
              "speed": "slow",
              "pass": true,
              "fail": false,
              "pending": false,
              "context": null,
              "code": "request\n    .get(testBaseURL + 'member/1')\n    .send()\n    .set('Content-Type', 'application/json')\n    .end(function (err, res) {\n        expect(res.body.msg).to.be.eql('success')\n        done();\n    });",
              "err": {},
              "uuid": "d3860121-f179-4bea-9106-1ac72fc94e14",
              "parentUUID": "113bd40f-e797-41aa-b555-b782131c5e04",
              "isHook": false,
              "skipped": false
            },
            {
              "title": "getMember fail",
              "fullTitle": "getMember test getMember fail",
              "timedOut": false,
              "duration": 58,
              "state": "passed",
              "speed": "medium",
              "pass": true,
              "fail": false,
              "pending": false,
              "context": null,
              "code": "request\n    .get(testBaseURL + 'member/1000')\n    .send()\n    .set('Content-Type', 'application/json')\n    .end(function (err, res) {\n        expect(res.body.msg).to.be.eql('not found')\n        done();\n    })",
              "err": {},
              "uuid": "a4bf9148-f082-4e88-b83d-ed96090491a5",
              "parentUUID": "113bd40f-e797-41aa-b555-b782131c5e04",
              "isHook": false,
              "skipped": false
            }
          ],
          "suites": [],
          "passes": [
            "d3860121-f179-4bea-9106-1ac72fc94e14",
            "a4bf9148-f082-4e88-b83d-ed96090491a5"
          ],
          "failures": [],
          "pending": [],
          "skipped": [],
          "duration": 151,
          "root": false,
          "rootEmpty": false,
          "_timeout": 2000
        },
        {
          "uuid": "822eda75-ac90-401b-841f-652813763f31",
          "title": "updateMember test",
          "fullFile": "D:\\开发实践\\AchieveIt\\server\\test\\memberApi.test.js",
          "file": "\\memberApi.test.js",
          "beforeHooks": [],
          "afterHooks": [],
          "tests": [
            {
              "title": "updateMember success",
              "fullTitle": "updateMember test updateMember success",
              "timedOut": false,
              "duration": 110,
              "state": "passed",
              "speed": "slow",
              "pass": true,
              "fail": false,
              "pending": false,
              "context": null,
              "code": "request\n    .put(testBaseURL + 'member/15')\n    .send({\n        \"member_name\": \"kkkk\",\n        \"email\": \"1063594983@qq.com\",\n        \"department\": \"unknown\",\n        \"leader_email\": \"unknown\",\n        \"phone\": \"18321572818\",\n        \"job\": 5\n    })\n    .set('Content-Type', 'application/json')\n    .end(function (err, res) {\n        expect(res.body.msg).to.be.eql('update success')\n        done();\n    });",
              "err": {},
              "uuid": "7455d1f7-eb84-4650-8dc4-ba8982cd9dde",
              "parentUUID": "822eda75-ac90-401b-841f-652813763f31",
              "isHook": false,
              "skipped": false
            },
            {
              "title": "updateMember fail",
              "fullTitle": "updateMember test updateMember fail",
              "timedOut": false,
              "duration": 52,
              "state": "passed",
              "speed": "medium",
              "pass": true,
              "fail": false,
              "pending": false,
              "context": null,
              "code": "request\n    .put(testBaseURL + 'member/1000')\n    .send({\n        \"member_name\": \"kkk\",\n        \"email\": \"1063594983@qq.com\",\n        \"department\": \"unknown\",\n        \"leader_email\": \"unknown\",\n        \"phone\": \"18321572818\",\n        \"job\": 5\n    })\n    .set('Content-Type', 'application/json')\n    .end(function (err, res) {\n        expect(res.body.msg).to.be.eql('not found')\n        done();\n    })",
              "err": {},
              "uuid": "81fcdcd4-9011-43a0-859d-6838dbf97432",
              "parentUUID": "822eda75-ac90-401b-841f-652813763f31",
              "isHook": false,
              "skipped": false
            }
          ],
          "suites": [],
          "passes": [
            "7455d1f7-eb84-4650-8dc4-ba8982cd9dde",
            "81fcdcd4-9011-43a0-859d-6838dbf97432"
          ],
          "failures": [],
          "pending": [],
          "skipped": [],
          "duration": 162,
          "root": false,
          "rootEmpty": false,
          "_timeout": 2000
        },
        {
          "uuid": "45b425eb-c0d3-41a5-93f7-ccb78db2c4b5",
          "title": "insertMember test",
          "fullFile": "D:\\开发实践\\AchieveIt\\server\\test\\memberApi.test.js",
          "file": "\\memberApi.test.js",
          "beforeHooks": [],
          "afterHooks": [],
          "tests": [
            {
              "title": "insertMember success",
              "fullTitle": "insertMember test insertMember success",
              "timedOut": false,
              "duration": 119,
              "state": "passed",
              "speed": "slow",
              "pass": true,
              "fail": false,
              "pending": false,
              "context": null,
              "code": "request\n    .post(testBaseURL + 'member')\n    .send({\n        \"member_name\": \"jotaro\",\n        \"email\": \"1063594983@qq.com\",\n        \"department\": \"unknown\",\n        \"leader_email\": \"unknown\",\n        \"phone\": \"18321572818\",\n        \"job\": 5\n    })\n    .set('Content-Type', 'application/json')\n    .end(function (err, res) {\n        expect(res.body.msg).to.be.eql('insert success')\n        done();\n    });",
              "err": {},
              "uuid": "bcc834bb-c17c-4dcc-8af0-d54d8e20f5f4",
              "parentUUID": "45b425eb-c0d3-41a5-93f7-ccb78db2c4b5",
              "isHook": false,
              "skipped": false
            }
          ],
          "suites": [],
          "passes": [
            "bcc834bb-c17c-4dcc-8af0-d54d8e20f5f4"
          ],
          "failures": [],
          "pending": [],
          "skipped": [],
          "duration": 119,
          "root": false,
          "rootEmpty": false,
          "_timeout": 2000
        },
        {
          "uuid": "18664677-0077-4338-b062-56b7bd25a82a",
          "title": "deleteMember test",
          "fullFile": "D:\\开发实践\\AchieveIt\\server\\test\\memberApi.test.js",
          "file": "\\memberApi.test.js",
          "beforeHooks": [],
          "afterHooks": [],
          "tests": [
            {
              "title": "deleteMember success",
              "fullTitle": "deleteMember test deleteMember success",
              "timedOut": false,
              "duration": 105,
              "state": "passed",
              "speed": "slow",
              "pass": true,
              "fail": false,
              "pending": false,
              "context": null,
              "code": "request\n    .delete(testBaseURL + 'member/36')\n    .send()\n    .set('Content-Type', 'application/json')\n    .end(function (err, res) {\n        expect(res.body.msg).to.be.eql('delete success')\n        done();\n    });",
              "err": {},
              "uuid": "941b5382-2fd0-4df7-b806-bc3a1c164128",
              "parentUUID": "18664677-0077-4338-b062-56b7bd25a82a",
              "isHook": false,
              "skipped": false
            },
            {
              "title": "deleteMember failed",
              "fullTitle": "deleteMember test deleteMember failed",
              "timedOut": false,
              "duration": 59,
              "state": "passed",
              "speed": "medium",
              "pass": true,
              "fail": false,
              "pending": false,
              "context": null,
              "code": "request\n    .delete(testBaseURL + 'member/1000')\n    .send()\n    .set('Content-Type', 'application/json')\n    .end(function (err, res) {\n        expect(res.body.msg).to.be.eql('not found')\n        done();\n    });",
              "err": {},
              "uuid": "9bc42a89-419b-4094-a78c-d3b9caf39d2f",
              "parentUUID": "18664677-0077-4338-b062-56b7bd25a82a",
              "isHook": false,
              "skipped": false
            }
          ],
          "suites": [],
          "passes": [
            "941b5382-2fd0-4df7-b806-bc3a1c164128",
            "9bc42a89-419b-4094-a78c-d3b9caf39d2f"
          ],
          "failures": [],
          "pending": [],
          "skipped": [],
          "duration": 164,
          "root": false,
          "rootEmpty": false,
          "_timeout": 2000
        },
        {
          "uuid": "8cfab04e-4bb0-46f7-b1ad-32c9c98e8e40",
          "title": "getMemberRoleInProject test",
          "fullFile": "D:\\开发实践\\AchieveIt\\server\\test\\memberApi.test.js",
          "file": "\\memberApi.test.js",
          "beforeHooks": [],
          "afterHooks": [],
          "tests": [
            {
              "title": "getMemberRoleInProject success",
              "fullTitle": "getMemberRoleInProject test getMemberRoleInProject success",
              "timedOut": false,
              "duration": 53,
              "state": "passed",
              "speed": "medium",
              "pass": true,
              "fail": false,
              "pending": false,
              "context": null,
              "code": "request\n    .get(testBaseURL + 'member/getMemberRoleInProject/20200329M?member_id=1')\n    .send()\n    .set('Content-Type', 'application/json')\n    .end(function (err, res) {\n        expect(res.body.msg).to.be.eql('get success')\n        done();\n    });",
              "err": {},
              "uuid": "0b59ad57-6f42-43b2-a6ff-d081943d5fed",
              "parentUUID": "8cfab04e-4bb0-46f7-b1ad-32c9c98e8e40",
              "isHook": false,
              "skipped": false
            },
            {
              "title": "getMemberRoleInProject fail",
              "fullTitle": "getMemberRoleInProject test getMemberRoleInProject fail",
              "timedOut": false,
              "duration": 58,
              "state": "passed",
              "speed": "medium",
              "pass": true,
              "fail": false,
              "pending": false,
              "context": null,
              "code": "request\n    .get(testBaseURL + 'member/getMemberRoleInProject/2020032M?member_id=1')\n    .send()\n    .set('Content-Type', 'application/json')\n    .end(function (err, res) {\n        expect(res.body.msg).to.be.eql('not found')\n        done();\n    })",
              "err": {},
              "uuid": "97395475-4813-4a6e-a3a7-42e855ea9120",
              "parentUUID": "8cfab04e-4bb0-46f7-b1ad-32c9c98e8e40",
              "isHook": false,
              "skipped": false
            }
          ],
          "suites": [],
          "passes": [
            "0b59ad57-6f42-43b2-a6ff-d081943d5fed",
            "97395475-4813-4a6e-a3a7-42e855ea9120"
          ],
          "failures": [],
          "pending": [],
          "skipped": [],
          "duration": 111,
          "root": false,
          "rootEmpty": false,
          "_timeout": 2000
        }
      ],
      "passes": [],
      "failures": [],
      "pending": [],
      "skipped": [],
      "duration": 0,
      "root": true,
      "rootEmpty": true,
      "_timeout": 2000
    }
  ],
  "meta": {
    "mocha": {
      "version": "7.1.1"
    },
    "mochawesome": {
      "options": {
        "quiet": false,
        "reportFilename": "mochawesome",
        "saveHtml": true,
        "saveJson": true,
        "consoleReporter": "spec",
        "useInlineDiffs": false,
        "code": true
      },
      "version": "5.0.0"
    },
    "marge": {
      "options": null,
      "version": "4.1.0"
    }
  }
}