{
  "stats": {
    "suites": 10,
    "tests": 19,
    "passes": 18,
    "pending": 0,
    "failures": 1,
    "start": "2020-04-03T11:38:20.202Z",
    "end": "2020-04-03T11:38:22.148Z",
    "duration": 1946,
    "testsRegistered": 19,
    "passPercent": 94.73684210526315,
    "pendingPercent": 0,
    "other": 0,
    "hasOther": false,
    "skipped": 0,
    "hasSkipped": false
  },
  "results": [
    {
      "uuid": "45f9bd78-3543-49d9-81d8-09d960138b47",
      "title": "",
      "fullFile": "",
      "file": "",
      "beforeHooks": [],
      "afterHooks": [],
      "tests": [],
      "suites": [
        {
          "uuid": "e72a11ca-8ab7-49f5-b3a5-e1b2175b0b81",
          "title": "activity test",
          "fullFile": "F:\\课程\\软件开发实践\\AchieveIt\\server\\test\\activityApi.test.js",
          "file": "\\activityApi.test.js",
          "beforeHooks": [],
          "afterHooks": [],
          "tests": [
            {
              "title": "get activity success",
              "fullTitle": "activity test get activity success",
              "timedOut": false,
              "duration": 197,
              "state": "passed",
              "speed": "slow",
              "pass": true,
              "fail": false,
              "pending": false,
              "context": null,
              "code": "let testActivityID = 2;\nrequest\n  .get(testBaseURL + 'activity/' + testActivityID)\n  .set('Content-Type', 'application/json')\n  .end(function(err, res) {\n    expect(res.body.status).to.be.eql('ok');\n    expect(res.body.activity).to.not.be.empty;\n    done();\n  });",
              "err": {},
              "uuid": "dc3f6bc4-a586-438c-827e-ccd191e9abfe",
              "parentUUID": "e72a11ca-8ab7-49f5-b3a5-e1b2175b0b81",
              "isHook": false,
              "skipped": false
            },
            {
              "title": "get activity fail",
              "fullTitle": "activity test get activity fail",
              "timedOut": false,
              "duration": 217,
              "state": "passed",
              "speed": "slow",
              "pass": true,
              "fail": false,
              "pending": false,
              "context": null,
              "code": "let testActivityID = 9999;\nrequest\n  .get(testBaseURL + 'activity/' + testActivityID)\n  .set('Content-Type', 'application/json')\n  .end(function(err, res) {\n    expect(res.body.status).to.be.eql('error');\n    expect(res.body.msg).to.be.eql('not found');\n    done();\n  });",
              "err": {},
              "uuid": "efc11635-7400-4a8a-936f-222e646a291c",
              "parentUUID": "e72a11ca-8ab7-49f5-b3a5-e1b2175b0b81",
              "isHook": false,
              "skipped": false
            }
          ],
          "suites": [],
          "passes": [
            "dc3f6bc4-a586-438c-827e-ccd191e9abfe",
            "efc11635-7400-4a8a-936f-222e646a291c"
          ],
          "failures": [],
          "pending": [],
          "skipped": [],
          "duration": 414,
          "root": false,
          "rootEmpty": false,
          "_timeout": 2000
        },
        {
          "uuid": "6bff304e-0512-4ba5-8f51-5501cfefc42a",
          "title": "device test",
          "fullFile": "F:\\课程\\软件开发实践\\AchieveIt\\server\\test\\deviceApi.test.js",
          "file": "\\deviceApi.test.js",
          "beforeHooks": [],
          "afterHooks": [],
          "tests": [
            {
              "title": "get device success",
              "fullTitle": "device test get device success",
              "timedOut": false,
              "duration": 162,
              "state": "passed",
              "speed": "slow",
              "pass": true,
              "fail": false,
              "pending": false,
              "context": null,
              "code": "let testDeviceID = 1;\nrequest\n  .get(testBaseURL + 'device/' + testDeviceID)\n  .set('Content-Type', 'application/json')\n  .end(function(err, res) {\n    expect(res.body.status).to.be.eql('ok');\n    expect(res.body.device).to.not.be.empty;\n    done();\n  });",
              "err": {},
              "uuid": "ee9a4c08-a2f8-43ad-abf7-bd38bfca560d",
              "parentUUID": "6bff304e-0512-4ba5-8f51-5501cfefc42a",
              "isHook": false,
              "skipped": false
            },
            {
              "title": "get device fail",
              "fullTitle": "device test get device fail",
              "timedOut": false,
              "duration": 59,
              "state": "passed",
              "speed": "medium",
              "pass": true,
              "fail": false,
              "pending": false,
              "context": null,
              "code": "let testDeviceID = 9999;\nrequest\n  .get(testBaseURL + 'device/' + testDeviceID)\n  .set('Content-Type', 'application/json')\n  .end(function(err, res) {\n    expect(res.body.status).to.be.eql('error');\n    expect(res.body.msg).to.be.eql('not found');\n    done();\n  });",
              "err": {},
              "uuid": "71e23df5-4e63-4dcd-8924-23c72ea986de",
              "parentUUID": "6bff304e-0512-4ba5-8f51-5501cfefc42a",
              "isHook": false,
              "skipped": false
            }
          ],
          "suites": [],
          "passes": [
            "ee9a4c08-a2f8-43ad-abf7-bd38bfca560d",
            "71e23df5-4e63-4dcd-8924-23c72ea986de"
          ],
          "failures": [],
          "pending": [],
          "skipped": [],
          "duration": 221,
          "root": false,
          "rootEmpty": false,
          "_timeout": 2000
        },
        {
          "uuid": "9cc15761-6087-41a5-ab06-afad4cb1957e",
          "title": "getMember test",
          "fullFile": "F:\\课程\\软件开发实践\\AchieveIt\\server\\test\\memberApi.test.js",
          "file": "\\memberApi.test.js",
          "beforeHooks": [],
          "afterHooks": [],
          "tests": [
            {
              "title": "getMember success",
              "fullTitle": "getMember test getMember success",
              "timedOut": false,
              "duration": 48,
              "state": "passed",
              "speed": "medium",
              "pass": true,
              "fail": false,
              "pending": false,
              "context": null,
              "code": "request\n    .get(testBaseURL + 'member/1')\n    .send()\n    .set('Content-Type', 'application/json')\n    .end(function (err, res) {\n        expect(res.body.msg).to.be.eql('success')\n        done();\n    });",
              "err": {},
              "uuid": "29ee726d-d02f-4a95-90bf-4650d9b5d5db",
              "parentUUID": "9cc15761-6087-41a5-ab06-afad4cb1957e",
              "isHook": false,
              "skipped": false
            },
            {
              "title": "getMember fail",
              "fullTitle": "getMember test getMember fail",
              "timedOut": false,
              "duration": 52,
              "state": "passed",
              "speed": "medium",
              "pass": true,
              "fail": false,
              "pending": false,
              "context": null,
              "code": "request\n    .get(testBaseURL + 'member/1000')\n    .send()\n    .set('Content-Type', 'application/json')\n    .end(function (err, res) {\n        expect(res.body.msg).to.be.eql('not found')\n        done();\n    })",
              "err": {},
              "uuid": "9479c260-f70f-4e80-b595-6960af8f5b20",
              "parentUUID": "9cc15761-6087-41a5-ab06-afad4cb1957e",
              "isHook": false,
              "skipped": false
            }
          ],
          "suites": [],
          "passes": [
            "29ee726d-d02f-4a95-90bf-4650d9b5d5db",
            "9479c260-f70f-4e80-b595-6960af8f5b20"
          ],
          "failures": [],
          "pending": [],
          "skipped": [],
          "duration": 100,
          "root": false,
          "rootEmpty": false,
          "_timeout": 2000
        },
        {
          "uuid": "bba9d5a5-ce2e-4d20-b4e6-1c6a7ede3404",
          "title": "updateMember test",
          "fullFile": "F:\\课程\\软件开发实践\\AchieveIt\\server\\test\\memberApi.test.js",
          "file": "\\memberApi.test.js",
          "beforeHooks": [],
          "afterHooks": [],
          "tests": [
            {
              "title": "updateMember success",
              "fullTitle": "updateMember test updateMember success",
              "timedOut": false,
              "duration": 193,
              "state": "passed",
              "speed": "slow",
              "pass": true,
              "fail": false,
              "pending": false,
              "context": null,
              "code": "request\n    .put(testBaseURL + 'member/15')\n    .send({\n        \"member_name\": \"kkkk\",\n        \"email\": \"1063594983@qq.com\",\n        \"department\": \"unknown\",\n        \"leader_email\": \"unknown\",\n        \"phone\": \"18321572818\",\n        \"job\": 5\n    })\n    .set('Content-Type', 'application/json')\n    .end(function (err, res) {\n        expect(res.body.msg).to.be.eql('update success')\n        done();\n    });",
              "err": {},
              "uuid": "90c99dba-d81e-43a8-9d1c-12a3a62a37dc",
              "parentUUID": "bba9d5a5-ce2e-4d20-b4e6-1c6a7ede3404",
              "isHook": false,
              "skipped": false
            },
            {
              "title": "updateMember fail",
              "fullTitle": "updateMember test updateMember fail",
              "timedOut": false,
              "duration": 42,
              "state": "passed",
              "speed": "medium",
              "pass": true,
              "fail": false,
              "pending": false,
              "context": null,
              "code": "request\n    .put(testBaseURL + 'member/1000')\n    .send({\n        \"member_name\": \"kkk\",\n        \"email\": \"1063594983@qq.com\",\n        \"department\": \"unknown\",\n        \"leader_email\": \"unknown\",\n        \"phone\": \"18321572818\",\n        \"job\": 5\n    })\n    .set('Content-Type', 'application/json')\n    .end(function (err, res) {\n        expect(res.body.msg).to.be.eql('not found')\n        done();\n    })",
              "err": {},
              "uuid": "5d245807-49e7-472f-b83d-40656a1c8d7b",
              "parentUUID": "bba9d5a5-ce2e-4d20-b4e6-1c6a7ede3404",
              "isHook": false,
              "skipped": false
            }
          ],
          "suites": [],
          "passes": [
            "90c99dba-d81e-43a8-9d1c-12a3a62a37dc",
            "5d245807-49e7-472f-b83d-40656a1c8d7b"
          ],
          "failures": [],
          "pending": [],
          "skipped": [],
          "duration": 235,
          "root": false,
          "rootEmpty": false,
          "_timeout": 2000
        },
        {
          "uuid": "8064ca4f-2629-4d2a-a097-46f3bf9d6c27",
          "title": "insertMember test",
          "fullFile": "F:\\课程\\软件开发实践\\AchieveIt\\server\\test\\memberApi.test.js",
          "file": "\\memberApi.test.js",
          "beforeHooks": [],
          "afterHooks": [],
          "tests": [
            {
              "title": "insertMember success",
              "fullTitle": "insertMember test insertMember success",
              "timedOut": false,
              "duration": 145,
              "state": "passed",
              "speed": "slow",
              "pass": true,
              "fail": false,
              "pending": false,
              "context": null,
              "code": "request\n    .post(testBaseURL + 'member')\n    .send({\n        \"member_name\": \"jotaro\",\n        \"email\": \"1063594983@qq.com\",\n        \"department\": \"unknown\",\n        \"leader_email\": \"unknown\",\n        \"phone\": \"18321572818\",\n        \"job\": 5\n    })\n    .set('Content-Type', 'application/json')\n    .end(function (err, res) {\n        expect(res.body.msg).to.be.eql('insert success')\n        done();\n    });",
              "err": {},
              "uuid": "cf15b356-2169-4cf0-a434-7cfded2aa37b",
              "parentUUID": "8064ca4f-2629-4d2a-a097-46f3bf9d6c27",
              "isHook": false,
              "skipped": false
            }
          ],
          "suites": [],
          "passes": [
            "cf15b356-2169-4cf0-a434-7cfded2aa37b"
          ],
          "failures": [],
          "pending": [],
          "skipped": [],
          "duration": 145,
          "root": false,
          "rootEmpty": false,
          "_timeout": 2000
        },
        {
          "uuid": "46b5f262-c50b-4927-9da6-6bda40843258",
          "title": "deleteMember test",
          "fullFile": "F:\\课程\\软件开发实践\\AchieveIt\\server\\test\\memberApi.test.js",
          "file": "\\memberApi.test.js",
          "beforeHooks": [],
          "afterHooks": [],
          "tests": [
            {
              "title": "deleteMember success",
              "fullTitle": "deleteMember test deleteMember success",
              "timedOut": false,
              "duration": 136,
              "state": "failed",
              "speed": null,
              "pass": false,
              "fail": true,
              "pending": false,
              "context": null,
              "code": "request\n    .delete(testBaseURL + 'member/36')\n    .send()\n    .set('Content-Type', 'application/json')\n    .end(function (err, res) {\n        expect(res.body.msg).to.be.eql('delete success')\n        done();\n    });",
              "err": {
                "message": "AssertionError: expected 'not found' to deeply equal 'delete success'",
                "estack": "AssertionError: expected 'not found' to deeply equal 'delete success'\n    at F:\\课程\\软件开发实践\\AchieveIt\\server\\test\\memberApi.test.js:95:44\n    at Request.callback (F:\\课程\\软件开发实践\\AchieveIt\\node_modules\\superagent\\lib\\node\\index.js:882:12)\n    at F:\\课程\\软件开发实践\\AchieveIt\\node_modules\\superagent\\lib\\node\\index.js:1114:20\n    at IncomingMessage.<anonymous> (F:\\课程\\软件开发实践\\AchieveIt\\node_modules\\superagent\\lib\\node\\parsers\\json.js:22:7)\n    at endReadableNT (_stream_readable.js:1145:12)\n    at process._tickCallback (internal/process/next_tick.js:63:19)",
                "diff": "- not found\n+ delete success\n"
              },
              "uuid": "fc9e3a83-d071-4022-aa83-ae7b0ec5d0a1",
              "parentUUID": "46b5f262-c50b-4927-9da6-6bda40843258",
              "isHook": false,
              "skipped": false
            },
            {
              "title": "deleteMember failed",
              "fullTitle": "deleteMember test deleteMember failed",
              "timedOut": false,
              "duration": 47,
              "state": "passed",
              "speed": "medium",
              "pass": true,
              "fail": false,
              "pending": false,
              "context": null,
              "code": "request\n    .delete(testBaseURL + 'member/1000')\n    .send()\n    .set('Content-Type', 'application/json')\n    .end(function (err, res) {\n        expect(res.body.msg).to.be.eql('not found')\n        done();\n    });",
              "err": {},
              "uuid": "7054cd14-8fab-4d1a-8999-c4ac8067a53d",
              "parentUUID": "46b5f262-c50b-4927-9da6-6bda40843258",
              "isHook": false,
              "skipped": false
            }
          ],
          "suites": [],
          "passes": [
            "7054cd14-8fab-4d1a-8999-c4ac8067a53d"
          ],
          "failures": [
            "fc9e3a83-d071-4022-aa83-ae7b0ec5d0a1"
          ],
          "pending": [],
          "skipped": [],
          "duration": 183,
          "root": false,
          "rootEmpty": false,
          "_timeout": 2000
        },
        {
          "uuid": "2703ad81-4cee-4a6a-ac3d-411036f02445",
          "title": "getMemberRoleInProject test",
          "fullFile": "F:\\课程\\软件开发实践\\AchieveIt\\server\\test\\memberApi.test.js",
          "file": "\\memberApi.test.js",
          "beforeHooks": [],
          "afterHooks": [],
          "tests": [
            {
              "title": "getMemberRoleInProject success",
              "fullTitle": "getMemberRoleInProject test getMemberRoleInProject success",
              "timedOut": false,
              "duration": 82,
              "state": "passed",
              "speed": "slow",
              "pass": true,
              "fail": false,
              "pending": false,
              "context": null,
              "code": "request\n    .get(testBaseURL + 'member/getMemberRoleInProject/20200329M?member_id=1')\n    .send()\n    .set('Content-Type', 'application/json')\n    .end(function (err, res) {\n        expect(res.body.msg).to.be.eql('get success')\n        done();\n    });",
              "err": {},
              "uuid": "17f19abf-68a0-440c-bb6a-94db8607676c",
              "parentUUID": "2703ad81-4cee-4a6a-ac3d-411036f02445",
              "isHook": false,
              "skipped": false
            },
            {
              "title": "getMemberRoleInProject fail",
              "fullTitle": "getMemberRoleInProject test getMemberRoleInProject fail",
              "timedOut": false,
              "duration": 67,
              "state": "passed",
              "speed": "medium",
              "pass": true,
              "fail": false,
              "pending": false,
              "context": null,
              "code": "request\n    .get(testBaseURL + 'member/getMemberRoleInProject/2020032M?member_id=1')\n    .send()\n    .set('Content-Type', 'application/json')\n    .end(function (err, res) {\n        expect(res.body.msg).to.be.eql('not found')\n        done();\n    })",
              "err": {},
              "uuid": "45cc2c68-be2f-4fc0-926c-bda91c6f56e9",
              "parentUUID": "2703ad81-4cee-4a6a-ac3d-411036f02445",
              "isHook": false,
              "skipped": false
            }
          ],
          "suites": [],
          "passes": [
            "17f19abf-68a0-440c-bb6a-94db8607676c",
            "45cc2c68-be2f-4fc0-926c-bda91c6f56e9"
          ],
          "failures": [],
          "pending": [],
          "skipped": [],
          "duration": 149,
          "root": false,
          "rootEmpty": false,
          "_timeout": 2000
        },
        {
          "uuid": "96f2d898-960f-4bb5-87e8-8559ce6d23fa",
          "title": "project test",
          "fullFile": "F:\\课程\\软件开发实践\\AchieveIt\\server\\test\\projectApi.test.js",
          "file": "\\projectApi.test.js",
          "beforeHooks": [],
          "afterHooks": [],
          "tests": [
            {
              "title": "get project success",
              "fullTitle": "project test get project success",
              "timedOut": false,
              "duration": 94,
              "state": "passed",
              "speed": "slow",
              "pass": true,
              "fail": false,
              "pending": false,
              "context": null,
              "code": "let testProjectID = 123;\nrequest\n  .get(testBaseURL + 'project/' + testProjectID)\n  .set('Content-Type', 'application/json')\n  .end(function(err, res) {\n    expect(res.body.status).to.be.eql('ok');\n    expect(res.body.project).to.not.be.empty;\n    done();\n  });",
              "err": {},
              "uuid": "bee41e93-39ac-4d43-a7f5-f4c8b32c269e",
              "parentUUID": "96f2d898-960f-4bb5-87e8-8559ce6d23fa",
              "isHook": false,
              "skipped": false
            },
            {
              "title": "get project fail",
              "fullTitle": "project test get project fail",
              "timedOut": false,
              "duration": 64,
              "state": "passed",
              "speed": "medium",
              "pass": true,
              "fail": false,
              "pending": false,
              "context": null,
              "code": "let testProjectID = 9999;\nrequest\n  .get(testBaseURL + 'project/' + testProjectID)\n  .set('Content-Type', 'application/json')\n  .end(function(err, res) {\n    expect(res.body.status).to.be.eql('error');\n    expect(res.body.msg).to.be.eql('not found');\n    done();\n  });",
              "err": {},
              "uuid": "609427e0-3d5f-4af7-bfea-0b420ec04808",
              "parentUUID": "96f2d898-960f-4bb5-87e8-8559ce6d23fa",
              "isHook": false,
              "skipped": false
            }
          ],
          "suites": [],
          "passes": [
            "bee41e93-39ac-4d43-a7f5-f4c8b32c269e",
            "609427e0-3d5f-4af7-bfea-0b420ec04808"
          ],
          "failures": [],
          "pending": [],
          "skipped": [],
          "duration": 158,
          "root": false,
          "rootEmpty": false,
          "_timeout": 2000
        },
        {
          "uuid": "fc21859c-88ad-4528-b101-0833484bf70d",
          "title": "risk test",
          "fullFile": "F:\\课程\\软件开发实践\\AchieveIt\\server\\test\\riskApi.test.js",
          "file": "\\riskApi.test.js",
          "beforeHooks": [],
          "afterHooks": [],
          "tests": [
            {
              "title": "get risk success",
              "fullTitle": "risk test get risk success",
              "timedOut": false,
              "duration": 46,
              "state": "passed",
              "speed": "medium",
              "pass": true,
              "fail": false,
              "pending": false,
              "context": null,
              "code": "let testRiskID = 4;\nrequest\n  .get(testBaseURL + 'risk/' + testRiskID)\n  .set('Content-Type', 'application/json')\n  .end(function(err, res) {\n    expect(res.body.status).to.be.eql('ok');\n    expect(res.body.risk).to.not.be.empty;\n    done();\n  });",
              "err": {},
              "uuid": "d46e8382-ba97-463b-bccd-d487a28c0ea2",
              "parentUUID": "fc21859c-88ad-4528-b101-0833484bf70d",
              "isHook": false,
              "skipped": false
            },
            {
              "title": "get risk fail",
              "fullTitle": "risk test get risk fail",
              "timedOut": false,
              "duration": 78,
              "state": "passed",
              "speed": "slow",
              "pass": true,
              "fail": false,
              "pending": false,
              "context": null,
              "code": "let testRiskID = 9999;\nrequest\n  .get(testBaseURL + 'risk/' + testRiskID)\n  .set('Content-Type', 'application/json')\n  .end(function(err, res) {\n    expect(res.body.status).to.be.eql('error');\n    expect(res.body.msg).to.be.eql('not found');\n    done();\n  });",
              "err": {},
              "uuid": "f35266b3-90e3-4581-9b20-047909970709",
              "parentUUID": "fc21859c-88ad-4528-b101-0833484bf70d",
              "isHook": false,
              "skipped": false
            }
          ],
          "suites": [],
          "passes": [
            "d46e8382-ba97-463b-bccd-d487a28c0ea2",
            "f35266b3-90e3-4581-9b20-047909970709"
          ],
          "failures": [],
          "pending": [],
          "skipped": [],
          "duration": 124,
          "root": false,
          "rootEmpty": false,
          "_timeout": 2000
        },
        {
          "uuid": "ca2300f2-9fee-46b0-9972-7d991ec05396",
          "title": "login test",
          "fullFile": "F:\\课程\\软件开发实践\\AchieveIt\\server\\test\\userApi.test.js",
          "file": "\\userApi.test.js",
          "beforeHooks": [],
          "afterHooks": [],
          "tests": [
            {
              "title": "login success",
              "fullTitle": "login test login success",
              "timedOut": false,
              "duration": 102,
              "state": "passed",
              "speed": "slow",
              "pass": true,
              "fail": false,
              "pending": false,
              "context": null,
              "code": "request\n  .post(testBaseURL + 'user/login')\n  .send('{\"username\":\"3\",\"password\":\"3\"}')\n  .set('Content-Type', 'application/json')\n  .end(function(err, res) {\n    // console.log(res.body.status);\n    expect(res.body.status).to.be.eql('ok');\n    done();\n  });",
              "err": {},
              "uuid": "79c154fd-93ef-473a-877a-607fcdba8c29",
              "parentUUID": "ca2300f2-9fee-46b0-9972-7d991ec05396",
              "isHook": false,
              "skipped": false
            },
            {
              "title": "login fail",
              "fullTitle": "login test login fail",
              "timedOut": false,
              "duration": 76,
              "state": "passed",
              "speed": "slow",
              "pass": true,
              "fail": false,
              "pending": false,
              "context": null,
              "code": "request\n  .post(testBaseURL + 'user/login')\n  .send('{\"username\":\"1\",\"password\":\"2\"}')\n  .set('Content-Type', 'application/json')\n  .end(function(err, res) {\n    // console.log(res.body.status);\n    expect(res.body.status).to.be.eql('error');\n    done();\n  })",
              "err": {},
              "uuid": "87dba1a6-5499-4a73-8412-282ad1e38f21",
              "parentUUID": "ca2300f2-9fee-46b0-9972-7d991ec05396",
              "isHook": false,
              "skipped": false
            }
          ],
          "suites": [],
          "passes": [
            "79c154fd-93ef-473a-877a-607fcdba8c29",
            "87dba1a6-5499-4a73-8412-282ad1e38f21"
          ],
          "failures": [],
          "pending": [],
          "skipped": [],
          "duration": 178,
          "root": false,
          "rootEmpty": false,
          "_timeout": 2000
        }
      ],
      "passes": [],
      "failures": [],
      "pending": [],
      "skipped": [],
      "duration": 0,
      "root": true,
      "rootEmpty": true,
      "_timeout": 2000
    }
  ],
  "meta": {
    "mocha": {
      "version": "7.1.1"
    },
    "mochawesome": {
      "options": {
        "quiet": false,
        "reportFilename": "mochawesome",
        "saveHtml": true,
        "saveJson": true,
        "consoleReporter": "spec",
        "useInlineDiffs": false,
        "code": true
      },
      "version": "5.0.0"
    },
    "marge": {
      "options": null,
      "version": "4.1.0"
    }
  }
}